<html>
<head>
<title>TestNG:  Clinician App Chrome Test</title>
<link href="../testng.css" rel="stylesheet" type="text/css" />
<link href="../my-testng.css" rel="stylesheet" type="text/css" />

<style type="text/css">
.log { display: none;} 
.stack-trace { display: none;} 
</style>
<script type="text/javascript">
<!--
function flip(e) {
  current = e.style.display;
  if (current == 'block') {
    e.style.display = 'none';
    return 0;
  }
  else {
    e.style.display = 'block';
    return 1;
  }
}

function toggleBox(szDivId, elem, msg1, msg2)
{
  var res = -1;  if (document.getElementById) {
    res = flip(document.getElementById(szDivId));
  }
  else if (document.all) {
    // this is the way old msie versions work
    res = flip(document.all[szDivId]);
  }
  if(elem) {
    if(res == 0) elem.innerHTML = msg1; else elem.innerHTML = msg2;
  }

}

function toggleAllBoxes() {
  if (document.getElementsByTagName) {
    d = document.getElementsByTagName('div');
    for (i = 0; i < d.length; i++) {
      if (d[i].className == 'log') {
        flip(d[i]);
      }
    }
  }
}

// -->
</script>

</head>
<body>
<h2 align='center'>Clinician App Chrome Test</h2><table border='1' align="center">
<tr>
<td>Tests passed/Failed/Skipped:</td><td>238/12/0</td>
</tr><tr>
<td>Started on:</td><td>Tue Aug 15 09:18:09 PDT 2017</td>
</tr>
<tr><td>Total time:</td><td>1774 seconds (1774741 ms)</td>
</tr><tr>
<td>Included groups:</td><td></td>
</tr><tr>
<td>Excluded groups:</td><td></td>
</tr>
</table><p/>
<small><i>(Hover the method name to see the test class name)</i></small><p/>
<table width='100%' border='1' class='invocation-failed'>
<tr><td colspan='4' align='center'><b>FAILED TESTS</b></td></tr>
<tr><td><b>Test method</b></td>
<td width="30%"><b>Exception</b></td>
<td width="10%"><b>Time (seconds)</b></td>
<td><b>Instance</b></td>
</tr>
<tr>
<td title='TestCases.LoginTestCases.testCase013()'><b>testCase013</b><br>Test class: TestCases.LoginTestCases</td>
<td><div><pre>java.lang.AssertionError: Test FAILED
	at TestCases.LoginTestCases.testCase013(LoginTestCases.java:312)
... Removed 28 stack frames</pre></div><a href='#' onClick='toggleBox("stack-trace1868578441", this, "Click to show all stack frames", "Click to hide stack frames")'>Click to show all stack frames</a>
<div class='stack-trace' id='stack-trace1868578441'><pre>java.lang.AssertionError: Test FAILED
	at org.testng.Assert.fail(Assert.java:94)
	at TestCases.LoginTestCases.testCase013(LoginTestCases.java:312)
	at sun.reflect.NativeMethodAccessorImpl.invoke0(Native Method)
	at sun.reflect.NativeMethodAccessorImpl.invoke(NativeMethodAccessorImpl.java:62)
	at sun.reflect.DelegatingMethodAccessorImpl.invoke(DelegatingMethodAccessorImpl.java:43)
	at java.lang.reflect.Method.invoke(Method.java:498)
	at org.testng.internal.MethodInvocationHelper.invokeMethod(MethodInvocationHelper.java:84)
	at org.testng.internal.Invoker.invokeMethod(Invoker.java:714)
	at org.testng.internal.Invoker.invokeTestMethod(Invoker.java:901)
	at org.testng.internal.Invoker.invokeTestMethods(Invoker.java:1231)
	at org.testng.internal.TestMethodWorker.invokeTestMethods(TestMethodWorker.java:127)
	at org.testng.internal.TestMethodWorker.run(TestMethodWorker.java:111)
	at org.testng.TestRunner.privateRun(TestRunner.java:767)
	at org.testng.TestRunner.run(TestRunner.java:617)
	at org.testng.SuiteRunner.runTest(SuiteRunner.java:334)
	at org.testng.SuiteRunner.runSequentially(SuiteRunner.java:329)
	at org.testng.SuiteRunner.privateRun(SuiteRunner.java:291)
	at org.testng.SuiteRunner.run(SuiteRunner.java:240)
	at org.testng.SuiteRunnerWorker.runSuite(SuiteRunnerWorker.java:52)
	at org.testng.SuiteRunnerWorker.run(SuiteRunnerWorker.java:86)
	at org.testng.TestNG.runSuitesSequentially(TestNG.java:1224)
	at org.testng.TestNG.runSuitesLocally(TestNG.java:1149)
	at org.testng.TestNG.run(TestNG.java:1057)
	at org.apache.maven.surefire.testng.TestNGExecutor.run(TestNGExecutor.java:283)
	at org.apache.maven.surefire.testng.TestNGXmlTestSuite.execute(TestNGXmlTestSuite.java:75)
	at org.apache.maven.surefire.testng.TestNGProvider.invoke(TestNGProvider.java:120)
	at org.apache.maven.surefire.booter.ForkedBooter.invokeProviderInSameClassLoader(ForkedBooter.java:386)
	at org.apache.maven.surefire.booter.ForkedBooter.runSuitesInProcess(ForkedBooter.java:323)
	at org.apache.maven.surefire.booter.ForkedBooter.main(ForkedBooter.java:143)
</pre></div></td>
<td>5</td>
<td>TestCases.LoginTestCases@7d20d0b</td></tr>
<tr>
<td title='TestCases.LoginTestCases.testCase017()'><b>testCase017</b><br>Test class: TestCases.LoginTestCases</td>
<td><div><pre>java.lang.AssertionError: Test FAILED
	at TestCases.LoginTestCases.testCase017(LoginTestCases.java:392)
... Removed 28 stack frames</pre></div><a href='#' onClick='toggleBox("stack-trace1541433310", this, "Click to show all stack frames", "Click to hide stack frames")'>Click to show all stack frames</a>
<div class='stack-trace' id='stack-trace1541433310'><pre>java.lang.AssertionError: Test FAILED
	at org.testng.Assert.fail(Assert.java:94)
	at TestCases.LoginTestCases.testCase017(LoginTestCases.java:392)
	at sun.reflect.NativeMethodAccessorImpl.invoke0(Native Method)
	at sun.reflect.NativeMethodAccessorImpl.invoke(NativeMethodAccessorImpl.java:62)
	at sun.reflect.DelegatingMethodAccessorImpl.invoke(DelegatingMethodAccessorImpl.java:43)
	at java.lang.reflect.Method.invoke(Method.java:498)
	at org.testng.internal.MethodInvocationHelper.invokeMethod(MethodInvocationHelper.java:84)
	at org.testng.internal.Invoker.invokeMethod(Invoker.java:714)
	at org.testng.internal.Invoker.invokeTestMethod(Invoker.java:901)
	at org.testng.internal.Invoker.invokeTestMethods(Invoker.java:1231)
	at org.testng.internal.TestMethodWorker.invokeTestMethods(TestMethodWorker.java:127)
	at org.testng.internal.TestMethodWorker.run(TestMethodWorker.java:111)
	at org.testng.TestRunner.privateRun(TestRunner.java:767)
	at org.testng.TestRunner.run(TestRunner.java:617)
	at org.testng.SuiteRunner.runTest(SuiteRunner.java:334)
	at org.testng.SuiteRunner.runSequentially(SuiteRunner.java:329)
	at org.testng.SuiteRunner.privateRun(SuiteRunner.java:291)
	at org.testng.SuiteRunner.run(SuiteRunner.java:240)
	at org.testng.SuiteRunnerWorker.runSuite(SuiteRunnerWorker.java:52)
	at org.testng.SuiteRunnerWorker.run(SuiteRunnerWorker.java:86)
	at org.testng.TestNG.runSuitesSequentially(TestNG.java:1224)
	at org.testng.TestNG.runSuitesLocally(TestNG.java:1149)
	at org.testng.TestNG.run(TestNG.java:1057)
	at org.apache.maven.surefire.testng.TestNGExecutor.run(TestNGExecutor.java:283)
	at org.apache.maven.surefire.testng.TestNGXmlTestSuite.execute(TestNGXmlTestSuite.java:75)
	at org.apache.maven.surefire.testng.TestNGProvider.invoke(TestNGProvider.java:120)
	at org.apache.maven.surefire.booter.ForkedBooter.invokeProviderInSameClassLoader(ForkedBooter.java:386)
	at org.apache.maven.surefire.booter.ForkedBooter.runSuitesInProcess(ForkedBooter.java:323)
	at org.apache.maven.surefire.booter.ForkedBooter.main(ForkedBooter.java:143)
</pre></div></td>
<td>4</td>
<td>TestCases.LoginTestCases@7d20d0b</td></tr>
<tr>
<td title='TestCases.ProtocolTestCases.testCase052()'><b>testCase052</b><br>Test class: TestCases.ProtocolTestCases</td>
<td><div><pre>java.lang.AssertionError: Test FAILED
	at TestCases.ProtocolTestCases.testCase052(ProtocolTestCases.java:1060)
... Removed 28 stack frames</pre></div><a href='#' onClick='toggleBox("stack-trace564893839", this, "Click to show all stack frames", "Click to hide stack frames")'>Click to show all stack frames</a>
<div class='stack-trace' id='stack-trace564893839'><pre>java.lang.AssertionError: Test FAILED
	at org.testng.Assert.fail(Assert.java:94)
	at TestCases.ProtocolTestCases.testCase052(ProtocolTestCases.java:1060)
	at sun.reflect.NativeMethodAccessorImpl.invoke0(Native Method)
	at sun.reflect.NativeMethodAccessorImpl.invoke(NativeMethodAccessorImpl.java:62)
	at sun.reflect.DelegatingMethodAccessorImpl.invoke(DelegatingMethodAccessorImpl.java:43)
	at java.lang.reflect.Method.invoke(Method.java:498)
	at org.testng.internal.MethodInvocationHelper.invokeMethod(MethodInvocationHelper.java:84)
	at org.testng.internal.Invoker.invokeMethod(Invoker.java:714)
	at org.testng.internal.Invoker.invokeTestMethod(Invoker.java:901)
	at org.testng.internal.Invoker.invokeTestMethods(Invoker.java:1231)
	at org.testng.internal.TestMethodWorker.invokeTestMethods(TestMethodWorker.java:127)
	at org.testng.internal.TestMethodWorker.run(TestMethodWorker.java:111)
	at org.testng.TestRunner.privateRun(TestRunner.java:767)
	at org.testng.TestRunner.run(TestRunner.java:617)
	at org.testng.SuiteRunner.runTest(SuiteRunner.java:334)
	at org.testng.SuiteRunner.runSequentially(SuiteRunner.java:329)
	at org.testng.SuiteRunner.privateRun(SuiteRunner.java:291)
	at org.testng.SuiteRunner.run(SuiteRunner.java:240)
	at org.testng.SuiteRunnerWorker.runSuite(SuiteRunnerWorker.java:52)
	at org.testng.SuiteRunnerWorker.run(SuiteRunnerWorker.java:86)
	at org.testng.TestNG.runSuitesSequentially(TestNG.java:1224)
	at org.testng.TestNG.runSuitesLocally(TestNG.java:1149)
	at org.testng.TestNG.run(TestNG.java:1057)
	at org.apache.maven.surefire.testng.TestNGExecutor.run(TestNGExecutor.java:283)
	at org.apache.maven.surefire.testng.TestNGXmlTestSuite.execute(TestNGXmlTestSuite.java:75)
	at org.apache.maven.surefire.testng.TestNGProvider.invoke(TestNGProvider.java:120)
	at org.apache.maven.surefire.booter.ForkedBooter.invokeProviderInSameClassLoader(ForkedBooter.java:386)
	at org.apache.maven.surefire.booter.ForkedBooter.runSuitesInProcess(ForkedBooter.java:323)
	at org.apache.maven.surefire.booter.ForkedBooter.main(ForkedBooter.java:143)
</pre></div></td>
<td>41</td>
<td>TestCases.ProtocolTestCases@fa4c865</td></tr>
<tr>
<td title='TestCases.ProtocolTestCases.testCase079()'><b>testCase079</b><br>Test class: TestCases.ProtocolTestCases</td>
<td><div><pre>java.lang.AssertionError: Test FAILED
	at TestCases.ProtocolTestCases.testCase079(ProtocolTestCases.java:1882)
... Removed 28 stack frames</pre></div><a href='#' onClick='toggleBox("stack-trace1929969663", this, "Click to show all stack frames", "Click to hide stack frames")'>Click to show all stack frames</a>
<div class='stack-trace' id='stack-trace1929969663'><pre>java.lang.AssertionError: Test FAILED
	at org.testng.Assert.fail(Assert.java:94)
	at TestCases.ProtocolTestCases.testCase079(ProtocolTestCases.java:1882)
	at sun.reflect.NativeMethodAccessorImpl.invoke0(Native Method)
	at sun.reflect.NativeMethodAccessorImpl.invoke(NativeMethodAccessorImpl.java:62)
	at sun.reflect.DelegatingMethodAccessorImpl.invoke(DelegatingMethodAccessorImpl.java:43)
	at java.lang.reflect.Method.invoke(Method.java:498)
	at org.testng.internal.MethodInvocationHelper.invokeMethod(MethodInvocationHelper.java:84)
	at org.testng.internal.Invoker.invokeMethod(Invoker.java:714)
	at org.testng.internal.Invoker.invokeTestMethod(Invoker.java:901)
	at org.testng.internal.Invoker.invokeTestMethods(Invoker.java:1231)
	at org.testng.internal.TestMethodWorker.invokeTestMethods(TestMethodWorker.java:127)
	at org.testng.internal.TestMethodWorker.run(TestMethodWorker.java:111)
	at org.testng.TestRunner.privateRun(TestRunner.java:767)
	at org.testng.TestRunner.run(TestRunner.java:617)
	at org.testng.SuiteRunner.runTest(SuiteRunner.java:334)
	at org.testng.SuiteRunner.runSequentially(SuiteRunner.java:329)
	at org.testng.SuiteRunner.privateRun(SuiteRunner.java:291)
	at org.testng.SuiteRunner.run(SuiteRunner.java:240)
	at org.testng.SuiteRunnerWorker.runSuite(SuiteRunnerWorker.java:52)
	at org.testng.SuiteRunnerWorker.run(SuiteRunnerWorker.java:86)
	at org.testng.TestNG.runSuitesSequentially(TestNG.java:1224)
	at org.testng.TestNG.runSuitesLocally(TestNG.java:1149)
	at org.testng.TestNG.run(TestNG.java:1057)
	at org.apache.maven.surefire.testng.TestNGExecutor.run(TestNGExecutor.java:283)
	at org.apache.maven.surefire.testng.TestNGXmlTestSuite.execute(TestNGXmlTestSuite.java:75)
	at org.apache.maven.surefire.testng.TestNGProvider.invoke(TestNGProvider.java:120)
	at org.apache.maven.surefire.booter.ForkedBooter.invokeProviderInSameClassLoader(ForkedBooter.java:386)
	at org.apache.maven.surefire.booter.ForkedBooter.runSuitesInProcess(ForkedBooter.java:323)
	at org.apache.maven.surefire.booter.ForkedBooter.main(ForkedBooter.java:143)
</pre></div></td>
<td>41</td>
<td>TestCases.ProtocolTestCases@fa4c865</td></tr>
<tr>
<td title='TestCases.ForgotPassTestCases.testCase080()'><b>testCase080</b><br>Test class: TestCases.ForgotPassTestCases</td>
<td><div><pre>java.lang.AssertionError: Test FAILED
	at TestCases.ForgotPassTestCases.testCase080(ForgotPassTestCases.java:86)
... Removed 28 stack frames</pre></div><a href='#' onClick='toggleBox("stack-trace1995986600", this, "Click to show all stack frames", "Click to hide stack frames")'>Click to show all stack frames</a>
<div class='stack-trace' id='stack-trace1995986600'><pre>java.lang.AssertionError: Test FAILED
	at org.testng.Assert.fail(Assert.java:94)
	at TestCases.ForgotPassTestCases.testCase080(ForgotPassTestCases.java:86)
	at sun.reflect.NativeMethodAccessorImpl.invoke0(Native Method)
	at sun.reflect.NativeMethodAccessorImpl.invoke(NativeMethodAccessorImpl.java:62)
	at sun.reflect.DelegatingMethodAccessorImpl.invoke(DelegatingMethodAccessorImpl.java:43)
	at java.lang.reflect.Method.invoke(Method.java:498)
	at org.testng.internal.MethodInvocationHelper.invokeMethod(MethodInvocationHelper.java:84)
	at org.testng.internal.Invoker.invokeMethod(Invoker.java:714)
	at org.testng.internal.Invoker.invokeTestMethod(Invoker.java:901)
	at org.testng.internal.Invoker.invokeTestMethods(Invoker.java:1231)
	at org.testng.internal.TestMethodWorker.invokeTestMethods(TestMethodWorker.java:127)
	at org.testng.internal.TestMethodWorker.run(TestMethodWorker.java:111)
	at org.testng.TestRunner.privateRun(TestRunner.java:767)
	at org.testng.TestRunner.run(TestRunner.java:617)
	at org.testng.SuiteRunner.runTest(SuiteRunner.java:334)
	at org.testng.SuiteRunner.runSequentially(SuiteRunner.java:329)
	at org.testng.SuiteRunner.privateRun(SuiteRunner.java:291)
	at org.testng.SuiteRunner.run(SuiteRunner.java:240)
	at org.testng.SuiteRunnerWorker.runSuite(SuiteRunnerWorker.java:52)
	at org.testng.SuiteRunnerWorker.run(SuiteRunnerWorker.java:86)
	at org.testng.TestNG.runSuitesSequentially(TestNG.java:1224)
	at org.testng.TestNG.runSuitesLocally(TestNG.java:1149)
	at org.testng.TestNG.run(TestNG.java:1057)
	at org.apache.maven.surefire.testng.TestNGExecutor.run(TestNGExecutor.java:283)
	at org.apache.maven.surefire.testng.TestNGXmlTestSuite.execute(TestNGXmlTestSuite.java:75)
	at org.apache.maven.surefire.testng.TestNGProvider.invoke(TestNGProvider.java:120)
	at org.apache.maven.surefire.booter.ForkedBooter.invokeProviderInSameClassLoader(ForkedBooter.java:386)
	at org.apache.maven.surefire.booter.ForkedBooter.runSuitesInProcess(ForkedBooter.java:323)
	at org.apache.maven.surefire.booter.ForkedBooter.main(ForkedBooter.java:143)
</pre></div></td>
<td>7</td>
<td>TestCases.ForgotPassTestCases@7770f470</td></tr>
<tr>
<td title='TestCases.ForgotPassTestCases.testCase081()'><b>testCase081</b><br>Test class: TestCases.ForgotPassTestCases</td>
<td><div><pre>java.lang.AssertionError: Test FAILED
	at TestCases.ForgotPassTestCases.testCase081(ForgotPassTestCases.java:104)
... Removed 28 stack frames</pre></div><a href='#' onClick='toggleBox("stack-trace1001284816", this, "Click to show all stack frames", "Click to hide stack frames")'>Click to show all stack frames</a>
<div class='stack-trace' id='stack-trace1001284816'><pre>java.lang.AssertionError: Test FAILED
	at org.testng.Assert.fail(Assert.java:94)
	at TestCases.ForgotPassTestCases.testCase081(ForgotPassTestCases.java:104)
	at sun.reflect.NativeMethodAccessorImpl.invoke0(Native Method)
	at sun.reflect.NativeMethodAccessorImpl.invoke(NativeMethodAccessorImpl.java:62)
	at sun.reflect.DelegatingMethodAccessorImpl.invoke(DelegatingMethodAccessorImpl.java:43)
	at java.lang.reflect.Method.invoke(Method.java:498)
	at org.testng.internal.MethodInvocationHelper.invokeMethod(MethodInvocationHelper.java:84)
	at org.testng.internal.Invoker.invokeMethod(Invoker.java:714)
	at org.testng.internal.Invoker.invokeTestMethod(Invoker.java:901)
	at org.testng.internal.Invoker.invokeTestMethods(Invoker.java:1231)
	at org.testng.internal.TestMethodWorker.invokeTestMethods(TestMethodWorker.java:127)
	at org.testng.internal.TestMethodWorker.run(TestMethodWorker.java:111)
	at org.testng.TestRunner.privateRun(TestRunner.java:767)
	at org.testng.TestRunner.run(TestRunner.java:617)
	at org.testng.SuiteRunner.runTest(SuiteRunner.java:334)
	at org.testng.SuiteRunner.runSequentially(SuiteRunner.java:329)
	at org.testng.SuiteRunner.privateRun(SuiteRunner.java:291)
	at org.testng.SuiteRunner.run(SuiteRunner.java:240)
	at org.testng.SuiteRunnerWorker.runSuite(SuiteRunnerWorker.java:52)
	at org.testng.SuiteRunnerWorker.run(SuiteRunnerWorker.java:86)
	at org.testng.TestNG.runSuitesSequentially(TestNG.java:1224)
	at org.testng.TestNG.runSuitesLocally(TestNG.java:1149)
	at org.testng.TestNG.run(TestNG.java:1057)
	at org.apache.maven.surefire.testng.TestNGExecutor.run(TestNGExecutor.java:283)
	at org.apache.maven.surefire.testng.TestNGXmlTestSuite.execute(TestNGXmlTestSuite.java:75)
	at org.apache.maven.surefire.testng.TestNGProvider.invoke(TestNGProvider.java:120)
	at org.apache.maven.surefire.booter.ForkedBooter.invokeProviderInSameClassLoader(ForkedBooter.java:386)
	at org.apache.maven.surefire.booter.ForkedBooter.runSuitesInProcess(ForkedBooter.java:323)
	at org.apache.maven.surefire.booter.ForkedBooter.main(ForkedBooter.java:143)
</pre></div></td>
<td>6</td>
<td>TestCases.ForgotPassTestCases@7770f470</td></tr>
<tr>
<td title='TestCases.ClinicianTestCases.testCase123()'><b>testCase123</b><br>Test class: TestCases.ClinicianTestCases</td>
<td><div><pre>java.lang.AssertionError: Test FAILED
	at TestCases.ClinicianTestCases.testCase123(ClinicianTestCases.java:191)
... Removed 28 stack frames</pre></div><a href='#' onClick='toggleBox("stack-trace315748820", this, "Click to show all stack frames", "Click to hide stack frames")'>Click to show all stack frames</a>
<div class='stack-trace' id='stack-trace315748820'><pre>java.lang.AssertionError: Test FAILED
	at org.testng.Assert.fail(Assert.java:94)
	at TestCases.ClinicianTestCases.testCase123(ClinicianTestCases.java:191)
	at sun.reflect.NativeMethodAccessorImpl.invoke0(Native Method)
	at sun.reflect.NativeMethodAccessorImpl.invoke(NativeMethodAccessorImpl.java:62)
	at sun.reflect.DelegatingMethodAccessorImpl.invoke(DelegatingMethodAccessorImpl.java:43)
	at java.lang.reflect.Method.invoke(Method.java:498)
	at org.testng.internal.MethodInvocationHelper.invokeMethod(MethodInvocationHelper.java:84)
	at org.testng.internal.Invoker.invokeMethod(Invoker.java:714)
	at org.testng.internal.Invoker.invokeTestMethod(Invoker.java:901)
	at org.testng.internal.Invoker.invokeTestMethods(Invoker.java:1231)
	at org.testng.internal.TestMethodWorker.invokeTestMethods(TestMethodWorker.java:127)
	at org.testng.internal.TestMethodWorker.run(TestMethodWorker.java:111)
	at org.testng.TestRunner.privateRun(TestRunner.java:767)
	at org.testng.TestRunner.run(TestRunner.java:617)
	at org.testng.SuiteRunner.runTest(SuiteRunner.java:334)
	at org.testng.SuiteRunner.runSequentially(SuiteRunner.java:329)
	at org.testng.SuiteRunner.privateRun(SuiteRunner.java:291)
	at org.testng.SuiteRunner.run(SuiteRunner.java:240)
	at org.testng.SuiteRunnerWorker.runSuite(SuiteRunnerWorker.java:52)
	at org.testng.SuiteRunnerWorker.run(SuiteRunnerWorker.java:86)
	at org.testng.TestNG.runSuitesSequentially(TestNG.java:1224)
	at org.testng.TestNG.runSuitesLocally(TestNG.java:1149)
	at org.testng.TestNG.run(TestNG.java:1057)
	at org.apache.maven.surefire.testng.TestNGExecutor.run(TestNGExecutor.java:283)
	at org.apache.maven.surefire.testng.TestNGXmlTestSuite.execute(TestNGXmlTestSuite.java:75)
	at org.apache.maven.surefire.testng.TestNGProvider.invoke(TestNGProvider.java:120)
	at org.apache.maven.surefire.booter.ForkedBooter.invokeProviderInSameClassLoader(ForkedBooter.java:386)
	at org.apache.maven.surefire.booter.ForkedBooter.runSuitesInProcess(ForkedBooter.java:323)
	at org.apache.maven.surefire.booter.ForkedBooter.main(ForkedBooter.java:143)
</pre></div></td>
<td>10</td>
<td>TestCases.ClinicianTestCases@b2c9a9c</td></tr>
<tr>
<td title='TestCases.ProfileTestCases.testCase213()'><b>testCase213</b><br>Test class: TestCases.ProfileTestCases</td>
<td><div><pre>java.lang.AssertionError: Test FAILED
	at TestCases.ProfileTestCases.testCase213(ProfileTestCases.java:213)
... Removed 28 stack frames</pre></div><a href='#' onClick='toggleBox("stack-trace1245434971", this, "Click to show all stack frames", "Click to hide stack frames")'>Click to show all stack frames</a>
<div class='stack-trace' id='stack-trace1245434971'><pre>java.lang.AssertionError: Test FAILED
	at org.testng.Assert.fail(Assert.java:94)
	at TestCases.ProfileTestCases.testCase213(ProfileTestCases.java:213)
	at sun.reflect.NativeMethodAccessorImpl.invoke0(Native Method)
	at sun.reflect.NativeMethodAccessorImpl.invoke(NativeMethodAccessorImpl.java:62)
	at sun.reflect.DelegatingMethodAccessorImpl.invoke(DelegatingMethodAccessorImpl.java:43)
	at java.lang.reflect.Method.invoke(Method.java:498)
	at org.testng.internal.MethodInvocationHelper.invokeMethod(MethodInvocationHelper.java:84)
	at org.testng.internal.Invoker.invokeMethod(Invoker.java:714)
	at org.testng.internal.Invoker.invokeTestMethod(Invoker.java:901)
	at org.testng.internal.Invoker.invokeTestMethods(Invoker.java:1231)
	at org.testng.internal.TestMethodWorker.invokeTestMethods(TestMethodWorker.java:127)
	at org.testng.internal.TestMethodWorker.run(TestMethodWorker.java:111)
	at org.testng.TestRunner.privateRun(TestRunner.java:767)
	at org.testng.TestRunner.run(TestRunner.java:617)
	at org.testng.SuiteRunner.runTest(SuiteRunner.java:334)
	at org.testng.SuiteRunner.runSequentially(SuiteRunner.java:329)
	at org.testng.SuiteRunner.privateRun(SuiteRunner.java:291)
	at org.testng.SuiteRunner.run(SuiteRunner.java:240)
	at org.testng.SuiteRunnerWorker.runSuite(SuiteRunnerWorker.java:52)
	at org.testng.SuiteRunnerWorker.run(SuiteRunnerWorker.java:86)
	at org.testng.TestNG.runSuitesSequentially(TestNG.java:1224)
	at org.testng.TestNG.runSuitesLocally(TestNG.java:1149)
	at org.testng.TestNG.run(TestNG.java:1057)
	at org.apache.maven.surefire.testng.TestNGExecutor.run(TestNGExecutor.java:283)
	at org.apache.maven.surefire.testng.TestNGXmlTestSuite.execute(TestNGXmlTestSuite.java:75)
	at org.apache.maven.surefire.testng.TestNGProvider.invoke(TestNGProvider.java:120)
	at org.apache.maven.surefire.booter.ForkedBooter.invokeProviderInSameClassLoader(ForkedBooter.java:386)
	at org.apache.maven.surefire.booter.ForkedBooter.runSuitesInProcess(ForkedBooter.java:323)
	at org.apache.maven.surefire.booter.ForkedBooter.main(ForkedBooter.java:143)
</pre></div></td>
<td>3</td>
<td>TestCases.ProfileTestCases@24313fcc</td></tr>
<tr>
<td title='TestCases.PatExtraOptnTestCases.testCase261()'><b>testCase261</b><br>Test class: TestCases.PatExtraOptnTestCases</td>
<td><div><pre>java.lang.AssertionError: Test FAILED
	at TestCases.PatExtraOptnTestCases.testCase261(PatExtraOptnTestCases.java:350)
... Removed 28 stack frames</pre></div><a href='#' onClick='toggleBox("stack-trace7508078", this, "Click to show all stack frames", "Click to hide stack frames")'>Click to show all stack frames</a>
<div class='stack-trace' id='stack-trace7508078'><pre>java.lang.AssertionError: Test FAILED
	at org.testng.Assert.fail(Assert.java:94)
	at TestCases.PatExtraOptnTestCases.testCase261(PatExtraOptnTestCases.java:350)
	at sun.reflect.NativeMethodAccessorImpl.invoke0(Native Method)
	at sun.reflect.NativeMethodAccessorImpl.invoke(NativeMethodAccessorImpl.java:62)
	at sun.reflect.DelegatingMethodAccessorImpl.invoke(DelegatingMethodAccessorImpl.java:43)
	at java.lang.reflect.Method.invoke(Method.java:498)
	at org.testng.internal.MethodInvocationHelper.invokeMethod(MethodInvocationHelper.java:84)
	at org.testng.internal.Invoker.invokeMethod(Invoker.java:714)
	at org.testng.internal.Invoker.invokeTestMethod(Invoker.java:901)
	at org.testng.internal.Invoker.invokeTestMethods(Invoker.java:1231)
	at org.testng.internal.TestMethodWorker.invokeTestMethods(TestMethodWorker.java:127)
	at org.testng.internal.TestMethodWorker.run(TestMethodWorker.java:111)
	at org.testng.TestRunner.privateRun(TestRunner.java:767)
	at org.testng.TestRunner.run(TestRunner.java:617)
	at org.testng.SuiteRunner.runTest(SuiteRunner.java:334)
	at org.testng.SuiteRunner.runSequentially(SuiteRunner.java:329)
	at org.testng.SuiteRunner.privateRun(SuiteRunner.java:291)
	at org.testng.SuiteRunner.run(SuiteRunner.java:240)
	at org.testng.SuiteRunnerWorker.runSuite(SuiteRunnerWorker.java:52)
	at org.testng.SuiteRunnerWorker.run(SuiteRunnerWorker.java:86)
	at org.testng.TestNG.runSuitesSequentially(TestNG.java:1224)
	at org.testng.TestNG.runSuitesLocally(TestNG.java:1149)
	at org.testng.TestNG.run(TestNG.java:1057)
	at org.apache.maven.surefire.testng.TestNGExecutor.run(TestNGExecutor.java:283)
	at org.apache.maven.surefire.testng.TestNGXmlTestSuite.execute(TestNGXmlTestSuite.java:75)
	at org.apache.maven.surefire.testng.TestNGProvider.invoke(TestNGProvider.java:120)
	at org.apache.maven.surefire.booter.ForkedBooter.invokeProviderInSameClassLoader(ForkedBooter.java:386)
	at org.apache.maven.surefire.booter.ForkedBooter.runSuitesInProcess(ForkedBooter.java:323)
	at org.apache.maven.surefire.booter.ForkedBooter.main(ForkedBooter.java:143)
</pre></div></td>
<td>3</td>
<td>TestCases.PatExtraOptnTestCases@2362f559</td></tr>
<tr>
<td title='TestCases.PatExtraOptnTestCases.testCase262()'><b>testCase262</b><br>Test class: TestCases.PatExtraOptnTestCases</td>
<td><div><pre>java.lang.AssertionError: Test FAILED
	at TestCases.PatExtraOptnTestCases.testCase262(PatExtraOptnTestCases.java:373)
... Removed 28 stack frames</pre></div><a href='#' onClick='toggleBox("stack-trace718057154", this, "Click to show all stack frames", "Click to hide stack frames")'>Click to show all stack frames</a>
<div class='stack-trace' id='stack-trace718057154'><pre>java.lang.AssertionError: Test FAILED
	at org.testng.Assert.fail(Assert.java:94)
	at TestCases.PatExtraOptnTestCases.testCase262(PatExtraOptnTestCases.java:373)
	at sun.reflect.NativeMethodAccessorImpl.invoke0(Native Method)
	at sun.reflect.NativeMethodAccessorImpl.invoke(NativeMethodAccessorImpl.java:62)
	at sun.reflect.DelegatingMethodAccessorImpl.invoke(DelegatingMethodAccessorImpl.java:43)
	at java.lang.reflect.Method.invoke(Method.java:498)
	at org.testng.internal.MethodInvocationHelper.invokeMethod(MethodInvocationHelper.java:84)
	at org.testng.internal.Invoker.invokeMethod(Invoker.java:714)
	at org.testng.internal.Invoker.invokeTestMethod(Invoker.java:901)
	at org.testng.internal.Invoker.invokeTestMethods(Invoker.java:1231)
	at org.testng.internal.TestMethodWorker.invokeTestMethods(TestMethodWorker.java:127)
	at org.testng.internal.TestMethodWorker.run(TestMethodWorker.java:111)
	at org.testng.TestRunner.privateRun(TestRunner.java:767)
	at org.testng.TestRunner.run(TestRunner.java:617)
	at org.testng.SuiteRunner.runTest(SuiteRunner.java:334)
	at org.testng.SuiteRunner.runSequentially(SuiteRunner.java:329)
	at org.testng.SuiteRunner.privateRun(SuiteRunner.java:291)
	at org.testng.SuiteRunner.run(SuiteRunner.java:240)
	at org.testng.SuiteRunnerWorker.runSuite(SuiteRunnerWorker.java:52)
	at org.testng.SuiteRunnerWorker.run(SuiteRunnerWorker.java:86)
	at org.testng.TestNG.runSuitesSequentially(TestNG.java:1224)
	at org.testng.TestNG.runSuitesLocally(TestNG.java:1149)
	at org.testng.TestNG.run(TestNG.java:1057)
	at org.apache.maven.surefire.testng.TestNGExecutor.run(TestNGExecutor.java:283)
	at org.apache.maven.surefire.testng.TestNGXmlTestSuite.execute(TestNGXmlTestSuite.java:75)
	at org.apache.maven.surefire.testng.TestNGProvider.invoke(TestNGProvider.java:120)
	at org.apache.maven.surefire.booter.ForkedBooter.invokeProviderInSameClassLoader(ForkedBooter.java:386)
	at org.apache.maven.surefire.booter.ForkedBooter.runSuitesInProcess(ForkedBooter.java:323)
	at org.apache.maven.surefire.booter.ForkedBooter.main(ForkedBooter.java:143)
</pre></div></td>
<td>8</td>
<td>TestCases.PatExtraOptnTestCases@2362f559</td></tr>
<tr>
<td title='TestCases.PatExtraOptnTestCases.testCase263()'><b>testCase263</b><br>Test class: TestCases.PatExtraOptnTestCases</td>
<td><div><pre>java.lang.AssertionError: Test FAILED
	at TestCases.PatExtraOptnTestCases.testCase263(PatExtraOptnTestCases.java:397)
... Removed 28 stack frames</pre></div><a href='#' onClick='toggleBox("stack-trace1342198213", this, "Click to show all stack frames", "Click to hide stack frames")'>Click to show all stack frames</a>
<div class='stack-trace' id='stack-trace1342198213'><pre>java.lang.AssertionError: Test FAILED
	at org.testng.Assert.fail(Assert.java:94)
	at TestCases.PatExtraOptnTestCases.testCase263(PatExtraOptnTestCases.java:397)
	at sun.reflect.NativeMethodAccessorImpl.invoke0(Native Method)
	at sun.reflect.NativeMethodAccessorImpl.invoke(NativeMethodAccessorImpl.java:62)
	at sun.reflect.DelegatingMethodAccessorImpl.invoke(DelegatingMethodAccessorImpl.java:43)
	at java.lang.reflect.Method.invoke(Method.java:498)
	at org.testng.internal.MethodInvocationHelper.invokeMethod(MethodInvocationHelper.java:84)
	at org.testng.internal.Invoker.invokeMethod(Invoker.java:714)
	at org.testng.internal.Invoker.invokeTestMethod(Invoker.java:901)
	at org.testng.internal.Invoker.invokeTestMethods(Invoker.java:1231)
	at org.testng.internal.TestMethodWorker.invokeTestMethods(TestMethodWorker.java:127)
	at org.testng.internal.TestMethodWorker.run(TestMethodWorker.java:111)
	at org.testng.TestRunner.privateRun(TestRunner.java:767)
	at org.testng.TestRunner.run(TestRunner.java:617)
	at org.testng.SuiteRunner.runTest(SuiteRunner.java:334)
	at org.testng.SuiteRunner.runSequentially(SuiteRunner.java:329)
	at org.testng.SuiteRunner.privateRun(SuiteRunner.java:291)
	at org.testng.SuiteRunner.run(SuiteRunner.java:240)
	at org.testng.SuiteRunnerWorker.runSuite(SuiteRunnerWorker.java:52)
	at org.testng.SuiteRunnerWorker.run(SuiteRunnerWorker.java:86)
	at org.testng.TestNG.runSuitesSequentially(TestNG.java:1224)
	at org.testng.TestNG.runSuitesLocally(TestNG.java:1149)
	at org.testng.TestNG.run(TestNG.java:1057)
	at org.apache.maven.surefire.testng.TestNGExecutor.run(TestNGExecutor.java:283)
	at org.apache.maven.surefire.testng.TestNGXmlTestSuite.execute(TestNGXmlTestSuite.java:75)
	at org.apache.maven.surefire.testng.TestNGProvider.invoke(TestNGProvider.java:120)
	at org.apache.maven.surefire.booter.ForkedBooter.invokeProviderInSameClassLoader(ForkedBooter.java:386)
	at org.apache.maven.surefire.booter.ForkedBooter.runSuitesInProcess(ForkedBooter.java:323)
	at org.apache.maven.surefire.booter.ForkedBooter.main(ForkedBooter.java:143)
</pre></div></td>
<td>8</td>
<td>TestCases.PatExtraOptnTestCases@2362f559</td></tr>
<tr>
<td title='TestCases.PatExtraOptnTestCases.testCase264()'><b>testCase264</b><br>Test class: TestCases.PatExtraOptnTestCases</td>
<td><div><pre>java.lang.AssertionError: Test FAILED
	at TestCases.PatExtraOptnTestCases.testCase264(PatExtraOptnTestCases.java:417)
... Removed 28 stack frames</pre></div><a href='#' onClick='toggleBox("stack-trace1610853733", this, "Click to show all stack frames", "Click to hide stack frames")'>Click to show all stack frames</a>
<div class='stack-trace' id='stack-trace1610853733'><pre>java.lang.AssertionError: Test FAILED
	at org.testng.Assert.fail(Assert.java:94)
	at TestCases.PatExtraOptnTestCases.testCase264(PatExtraOptnTestCases.java:417)
	at sun.reflect.NativeMethodAccessorImpl.invoke0(Native Method)
	at sun.reflect.NativeMethodAccessorImpl.invoke(NativeMethodAccessorImpl.java:62)
	at sun.reflect.DelegatingMethodAccessorImpl.invoke(DelegatingMethodAccessorImpl.java:43)
	at java.lang.reflect.Method.invoke(Method.java:498)
	at org.testng.internal.MethodInvocationHelper.invokeMethod(MethodInvocationHelper.java:84)
	at org.testng.internal.Invoker.invokeMethod(Invoker.java:714)
	at org.testng.internal.Invoker.invokeTestMethod(Invoker.java:901)
	at org.testng.internal.Invoker.invokeTestMethods(Invoker.java:1231)
	at org.testng.internal.TestMethodWorker.invokeTestMethods(TestMethodWorker.java:127)
	at org.testng.internal.TestMethodWorker.run(TestMethodWorker.java:111)
	at org.testng.TestRunner.privateRun(TestRunner.java:767)
	at org.testng.TestRunner.run(TestRunner.java:617)
	at org.testng.SuiteRunner.runTest(SuiteRunner.java:334)
	at org.testng.SuiteRunner.runSequentially(SuiteRunner.java:329)
	at org.testng.SuiteRunner.privateRun(SuiteRunner.java:291)
	at org.testng.SuiteRunner.run(SuiteRunner.java:240)
	at org.testng.SuiteRunnerWorker.runSuite(SuiteRunnerWorker.java:52)
	at org.testng.SuiteRunnerWorker.run(SuiteRunnerWorker.java:86)
	at org.testng.TestNG.runSuitesSequentially(TestNG.java:1224)
	at org.testng.TestNG.runSuitesLocally(TestNG.java:1149)
	at org.testng.TestNG.run(TestNG.java:1057)
	at org.apache.maven.surefire.testng.TestNGExecutor.run(TestNGExecutor.java:283)
	at org.apache.maven.surefire.testng.TestNGXmlTestSuite.execute(TestNGXmlTestSuite.java:75)
	at org.apache.maven.surefire.testng.TestNGProvider.invoke(TestNGProvider.java:120)
	at org.apache.maven.surefire.booter.ForkedBooter.invokeProviderInSameClassLoader(ForkedBooter.java:386)
	at org.apache.maven.surefire.booter.ForkedBooter.runSuitesInProcess(ForkedBooter.java:323)
	at org.apache.maven.surefire.booter.ForkedBooter.main(ForkedBooter.java:143)
</pre></div></td>
<td>3</td>
<td>TestCases.PatExtraOptnTestCases@2362f559</td></tr>
</table><p>
<table width='100%' border='1' class='invocation-passed'>
<tr><td colspan='4' align='center'><b>PASSED TESTS</b></td></tr>
<tr><td><b>Test method</b></td>
<td width="30%"><b>Exception</b></td>
<td width="10%"><b>Time (seconds)</b></td>
<td><b>Instance</b></td>
</tr>
<tr>
<td title='TestCases.LoginTestCases.testCase001()'><b>testCase001</b><br>Test class: TestCases.LoginTestCases</td>
<td></td>
<td>1</td>
<td>TestCases.LoginTestCases@7d20d0b</td></tr>
<tr>
<td title='TestCases.LoginTestCases.testCase002()'><b>testCase002</b><br>Test class: TestCases.LoginTestCases</td>
<td></td>
<td>0</td>
<td>TestCases.LoginTestCases@7d20d0b</td></tr>
<tr>
<td title='TestCases.LoginTestCases.testCase003()'><b>testCase003</b><br>Test class: TestCases.LoginTestCases</td>
<td></td>
<td>3</td>
<td>TestCases.LoginTestCases@7d20d0b</td></tr>
<tr>
<td title='TestCases.LoginTestCases.testCase004()'><b>testCase004</b><br>Test class: TestCases.LoginTestCases</td>
<td></td>
<td>0</td>
<td>TestCases.LoginTestCases@7d20d0b</td></tr>
<tr>
<td title='TestCases.LoginTestCases.testCase005()'><b>testCase005</b><br>Test class: TestCases.LoginTestCases</td>
<td></td>
<td>1</td>
<td>TestCases.LoginTestCases@7d20d0b</td></tr>
<tr>
<td title='TestCases.LoginTestCases.testCase006()'><b>testCase006</b><br>Test class: TestCases.LoginTestCases</td>
<td></td>
<td>1</td>
<td>TestCases.LoginTestCases@7d20d0b</td></tr>
<tr>
<td title='TestCases.LoginTestCases.testCase007()'><b>testCase007</b><br>Test class: TestCases.LoginTestCases</td>
<td></td>
<td>0</td>
<td>TestCases.LoginTestCases@7d20d0b</td></tr>
<tr>
<td title='TestCases.LoginTestCases.testCase008()'><b>testCase008</b><br>Test class: TestCases.LoginTestCases</td>
<td></td>
<td>0</td>
<td>TestCases.LoginTestCases@7d20d0b</td></tr>
<tr>
<td title='TestCases.LoginTestCases.testCase009()'><b>testCase009</b><br>Test class: TestCases.LoginTestCases</td>
<td></td>
<td>3</td>
<td>TestCases.LoginTestCases@7d20d0b</td></tr>
<tr>
<td title='TestCases.LoginTestCases.testCase010()'><b>testCase010</b><br>Test class: TestCases.LoginTestCases</td>
<td></td>
<td>3</td>
<td>TestCases.LoginTestCases@7d20d0b</td></tr>
<tr>
<td title='TestCases.LoginTestCases.testCase011()'><b>testCase011</b><br>Test class: TestCases.LoginTestCases</td>
<td></td>
<td>0</td>
<td>TestCases.LoginTestCases@7d20d0b</td></tr>
<tr>
<td title='TestCases.LoginTestCases.testCase012()'><b>testCase012</b><br>Test class: TestCases.LoginTestCases</td>
<td></td>
<td>0</td>
<td>TestCases.LoginTestCases@7d20d0b</td></tr>
<tr>
<td title='TestCases.LoginTestCases.testCase014()'><b>testCase014</b><br>Test class: TestCases.LoginTestCases</td>
<td></td>
<td>2</td>
<td>TestCases.LoginTestCases@7d20d0b</td></tr>
<tr>
<td title='TestCases.LoginTestCases.testCase015()'><b>testCase015</b><br>Test class: TestCases.LoginTestCases</td>
<td></td>
<td>0</td>
<td>TestCases.LoginTestCases@7d20d0b</td></tr>
<tr>
<td title='TestCases.LoginTestCases.testCase016()'><b>testCase016</b><br>Test class: TestCases.LoginTestCases</td>
<td></td>
<td>3</td>
<td>TestCases.LoginTestCases@7d20d0b</td></tr>
<tr>
<td title='TestCases.LoginTestCases.testCase018()'><b>testCase018</b><br>Test class: TestCases.LoginTestCases</td>
<td></td>
<td>5</td>
<td>TestCases.LoginTestCases@7d20d0b</td></tr>
<tr>
<td title='TestCases.ProtocolTestCases.testCase019()'><b>testCase019</b><br>Test class: TestCases.ProtocolTestCases</td>
<td></td>
<td>6</td>
<td>TestCases.ProtocolTestCases@fa4c865</td></tr>
<tr>
<td title='TestCases.ProtocolTestCases.testCase020()'><b>testCase020</b><br>Test class: TestCases.ProtocolTestCases</td>
<td></td>
<td>5</td>
<td>TestCases.ProtocolTestCases@fa4c865</td></tr>
<tr>
<td title='TestCases.ProtocolTestCases.testCase021()'><b>testCase021</b><br>Test class: TestCases.ProtocolTestCases</td>
<td></td>
<td>5</td>
<td>TestCases.ProtocolTestCases@fa4c865</td></tr>
<tr>
<td title='TestCases.ProtocolTestCases.testCase022()'><b>testCase022</b><br>Test class: TestCases.ProtocolTestCases</td>
<td></td>
<td>5</td>
<td>TestCases.ProtocolTestCases@fa4c865</td></tr>
<tr>
<td title='TestCases.ProtocolTestCases.testCase023()'><b>testCase023</b><br>Test class: TestCases.ProtocolTestCases</td>
<td></td>
<td>6</td>
<td>TestCases.ProtocolTestCases@fa4c865</td></tr>
<tr>
<td title='TestCases.ProtocolTestCases.testCase024()'><b>testCase024</b><br>Test class: TestCases.ProtocolTestCases</td>
<td></td>
<td>5</td>
<td>TestCases.ProtocolTestCases@fa4c865</td></tr>
<tr>
<td title='TestCases.ProtocolTestCases.testCase025()'><b>testCase025</b><br>Test class: TestCases.ProtocolTestCases</td>
<td></td>
<td>5</td>
<td>TestCases.ProtocolTestCases@fa4c865</td></tr>
<tr>
<td title='TestCases.ProtocolTestCases.testCase026()'><b>testCase026</b><br>Test class: TestCases.ProtocolTestCases</td>
<td></td>
<td>5</td>
<td>TestCases.ProtocolTestCases@fa4c865</td></tr>
<tr>
<td title='TestCases.ProtocolTestCases.testCase027()'><b>testCase027</b><br>Test class: TestCases.ProtocolTestCases</td>
<td></td>
<td>6</td>
<td>TestCases.ProtocolTestCases@fa4c865</td></tr>
<tr>
<td title='TestCases.ProtocolTestCases.testCase028()'><b>testCase028</b><br>Test class: TestCases.ProtocolTestCases</td>
<td></td>
<td>6</td>
<td>TestCases.ProtocolTestCases@fa4c865</td></tr>
<tr>
<td title='TestCases.ProtocolTestCases.testCase029()'><b>testCase029</b><br>Test class: TestCases.ProtocolTestCases</td>
<td></td>
<td>6</td>
<td>TestCases.ProtocolTestCases@fa4c865</td></tr>
<tr>
<td title='TestCases.ProtocolTestCases.testCase030()'><b>testCase030</b><br>Test class: TestCases.ProtocolTestCases</td>
<td></td>
<td>6</td>
<td>TestCases.ProtocolTestCases@fa4c865</td></tr>
<tr>
<td title='TestCases.ProtocolTestCases.testCase031()'><b>testCase031</b><br>Test class: TestCases.ProtocolTestCases</td>
<td></td>
<td>20</td>
<td>TestCases.ProtocolTestCases@fa4c865</td></tr>
<tr>
<td title='TestCases.ProtocolTestCases.testCase032()'><b>testCase032</b><br>Test class: TestCases.ProtocolTestCases</td>
<td></td>
<td>6</td>
<td>TestCases.ProtocolTestCases@fa4c865</td></tr>
<tr>
<td title='TestCases.ProtocolTestCases.testCase033()'><b>testCase033</b><br>Test class: TestCases.ProtocolTestCases</td>
<td></td>
<td>5</td>
<td>TestCases.ProtocolTestCases@fa4c865</td></tr>
<tr>
<td title='TestCases.ProtocolTestCases.testCase034()'><b>testCase034</b><br>Test class: TestCases.ProtocolTestCases</td>
<td></td>
<td>5</td>
<td>TestCases.ProtocolTestCases@fa4c865</td></tr>
<tr>
<td title='TestCases.ProtocolTestCases.testCase035()'><b>testCase035</b><br>Test class: TestCases.ProtocolTestCases</td>
<td></td>
<td>5</td>
<td>TestCases.ProtocolTestCases@fa4c865</td></tr>
<tr>
<td title='TestCases.ProtocolTestCases.testCase036()'><b>testCase036</b><br>Test class: TestCases.ProtocolTestCases</td>
<td></td>
<td>5</td>
<td>TestCases.ProtocolTestCases@fa4c865</td></tr>
<tr>
<td title='TestCases.ProtocolTestCases.testCase037()'><b>testCase037</b><br>Test class: TestCases.ProtocolTestCases</td>
<td></td>
<td>6</td>
<td>TestCases.ProtocolTestCases@fa4c865</td></tr>
<tr>
<td title='TestCases.ProtocolTestCases.testCase038()'><b>testCase038</b><br>Test class: TestCases.ProtocolTestCases</td>
<td></td>
<td>7</td>
<td>TestCases.ProtocolTestCases@fa4c865</td></tr>
<tr>
<td title='TestCases.ProtocolTestCases.testCase039()'><b>testCase039</b><br>Test class: TestCases.ProtocolTestCases</td>
<td></td>
<td>6</td>
<td>TestCases.ProtocolTestCases@fa4c865</td></tr>
<tr>
<td title='TestCases.ProtocolTestCases.testCase040()'><b>testCase040</b><br>Test class: TestCases.ProtocolTestCases</td>
<td></td>
<td>6</td>
<td>TestCases.ProtocolTestCases@fa4c865</td></tr>
<tr>
<td title='TestCases.ProtocolTestCases.testCase041()'><b>testCase041</b><br>Test class: TestCases.ProtocolTestCases</td>
<td></td>
<td>6</td>
<td>TestCases.ProtocolTestCases@fa4c865</td></tr>
<tr>
<td title='TestCases.ProtocolTestCases.testCase042()'><b>testCase042</b><br>Test class: TestCases.ProtocolTestCases</td>
<td></td>
<td>5</td>
<td>TestCases.ProtocolTestCases@fa4c865</td></tr>
<tr>
<td title='TestCases.ProtocolTestCases.testCase043()'><b>testCase043</b><br>Test class: TestCases.ProtocolTestCases</td>
<td></td>
<td>5</td>
<td>TestCases.ProtocolTestCases@fa4c865</td></tr>
<tr>
<td title='TestCases.ProtocolTestCases.testCase044()'><b>testCase044</b><br>Test class: TestCases.ProtocolTestCases</td>
<td></td>
<td>6</td>
<td>TestCases.ProtocolTestCases@fa4c865</td></tr>
<tr>
<td title='TestCases.ProtocolTestCases.testCase045()'><b>testCase045</b><br>Test class: TestCases.ProtocolTestCases</td>
<td></td>
<td>5</td>
<td>TestCases.ProtocolTestCases@fa4c865</td></tr>
<tr>
<td title='TestCases.ProtocolTestCases.testCase046()'><b>testCase046</b><br>Test class: TestCases.ProtocolTestCases</td>
<td></td>
<td>5</td>
<td>TestCases.ProtocolTestCases@fa4c865</td></tr>
<tr>
<td title='TestCases.ProtocolTestCases.testCase047()'><b>testCase047</b><br>Test class: TestCases.ProtocolTestCases</td>
<td></td>
<td>6</td>
<td>TestCases.ProtocolTestCases@fa4c865</td></tr>
<tr>
<td title='TestCases.ProtocolTestCases.testCase048()'><b>testCase048</b><br>Test class: TestCases.ProtocolTestCases</td>
<td></td>
<td>6</td>
<td>TestCases.ProtocolTestCases@fa4c865</td></tr>
<tr>
<td title='TestCases.ProtocolTestCases.testCase049()'><b>testCase049</b><br>Test class: TestCases.ProtocolTestCases</td>
<td></td>
<td>7</td>
<td>TestCases.ProtocolTestCases@fa4c865</td></tr>
<tr>
<td title='TestCases.ProtocolTestCases.testCase050()'><b>testCase050</b><br>Test class: TestCases.ProtocolTestCases</td>
<td></td>
<td>5</td>
<td>TestCases.ProtocolTestCases@fa4c865</td></tr>
<tr>
<td title='TestCases.ProtocolTestCases.testCase051()'><b>testCase051</b><br>Test class: TestCases.ProtocolTestCases</td>
<td></td>
<td>5</td>
<td>TestCases.ProtocolTestCases@fa4c865</td></tr>
<tr>
<td title='TestCases.ProtocolTestCases.testCase053()'><b>testCase053</b><br>Test class: TestCases.ProtocolTestCases</td>
<td></td>
<td>8</td>
<td>TestCases.ProtocolTestCases@fa4c865</td></tr>
<tr>
<td title='TestCases.ProtocolTestCases.testCase054()'><b>testCase054</b><br>Test class: TestCases.ProtocolTestCases</td>
<td></td>
<td>8</td>
<td>TestCases.ProtocolTestCases@fa4c865</td></tr>
<tr>
<td title='TestCases.ProtocolTestCases.testCase055()'><b>testCase055</b><br>Test class: TestCases.ProtocolTestCases</td>
<td></td>
<td>5</td>
<td>TestCases.ProtocolTestCases@fa4c865</td></tr>
<tr>
<td title='TestCases.ProtocolTestCases.testCase056()'><b>testCase056</b><br>Test class: TestCases.ProtocolTestCases</td>
<td></td>
<td>5</td>
<td>TestCases.ProtocolTestCases@fa4c865</td></tr>
<tr>
<td title='TestCases.ProtocolTestCases.testCase057()'><b>testCase057</b><br>Test class: TestCases.ProtocolTestCases</td>
<td></td>
<td>5</td>
<td>TestCases.ProtocolTestCases@fa4c865</td></tr>
<tr>
<td title='TestCases.ProtocolTestCases.testCase058()'><b>testCase058</b><br>Test class: TestCases.ProtocolTestCases</td>
<td></td>
<td>6</td>
<td>TestCases.ProtocolTestCases@fa4c865</td></tr>
<tr>
<td title='TestCases.ProtocolTestCases.testCase059()'><b>testCase059</b><br>Test class: TestCases.ProtocolTestCases</td>
<td></td>
<td>6</td>
<td>TestCases.ProtocolTestCases@fa4c865</td></tr>
<tr>
<td title='TestCases.ProtocolTestCases.testCase060()'><b>testCase060</b><br>Test class: TestCases.ProtocolTestCases</td>
<td></td>
<td>5</td>
<td>TestCases.ProtocolTestCases@fa4c865</td></tr>
<tr>
<td title='TestCases.ProtocolTestCases.testCase061()'><b>testCase061</b><br>Test class: TestCases.ProtocolTestCases</td>
<td></td>
<td>5</td>
<td>TestCases.ProtocolTestCases@fa4c865</td></tr>
<tr>
<td title='TestCases.ProtocolTestCases.testCase062()'><b>testCase062</b><br>Test class: TestCases.ProtocolTestCases</td>
<td></td>
<td>6</td>
<td>TestCases.ProtocolTestCases@fa4c865</td></tr>
<tr>
<td title='TestCases.ProtocolTestCases.testCase063()'><b>testCase063</b><br>Test class: TestCases.ProtocolTestCases</td>
<td></td>
<td>7</td>
<td>TestCases.ProtocolTestCases@fa4c865</td></tr>
<tr>
<td title='TestCases.ProtocolTestCases.testCase064()'><b>testCase064</b><br>Test class: TestCases.ProtocolTestCases</td>
<td></td>
<td>7</td>
<td>TestCases.ProtocolTestCases@fa4c865</td></tr>
<tr>
<td title='TestCases.ProtocolTestCases.testCase065()'><b>testCase065</b><br>Test class: TestCases.ProtocolTestCases</td>
<td></td>
<td>5</td>
<td>TestCases.ProtocolTestCases@fa4c865</td></tr>
<tr>
<td title='TestCases.ProtocolTestCases.testCase066()'><b>testCase066</b><br>Test class: TestCases.ProtocolTestCases</td>
<td></td>
<td>5</td>
<td>TestCases.ProtocolTestCases@fa4c865</td></tr>
<tr>
<td title='TestCases.ProtocolTestCases.testCase067()'><b>testCase067</b><br>Test class: TestCases.ProtocolTestCases</td>
<td></td>
<td>6</td>
<td>TestCases.ProtocolTestCases@fa4c865</td></tr>
<tr>
<td title='TestCases.ProtocolTestCases.testCase068()'><b>testCase068</b><br>Test class: TestCases.ProtocolTestCases</td>
<td></td>
<td>5</td>
<td>TestCases.ProtocolTestCases@fa4c865</td></tr>
<tr>
<td title='TestCases.ProtocolTestCases.testCase069()'><b>testCase069</b><br>Test class: TestCases.ProtocolTestCases</td>
<td></td>
<td>6</td>
<td>TestCases.ProtocolTestCases@fa4c865</td></tr>
<tr>
<td title='TestCases.ProtocolTestCases.testCase070()'><b>testCase070</b><br>Test class: TestCases.ProtocolTestCases</td>
<td></td>
<td>6</td>
<td>TestCases.ProtocolTestCases@fa4c865</td></tr>
<tr>
<td title='TestCases.ProtocolTestCases.testCase071()'><b>testCase071</b><br>Test class: TestCases.ProtocolTestCases</td>
<td></td>
<td>5</td>
<td>TestCases.ProtocolTestCases@fa4c865</td></tr>
<tr>
<td title='TestCases.ProtocolTestCases.testCase072()'><b>testCase072</b><br>Test class: TestCases.ProtocolTestCases</td>
<td></td>
<td>6</td>
<td>TestCases.ProtocolTestCases@fa4c865</td></tr>
<tr>
<td title='TestCases.ProtocolTestCases.testCase073()'><b>testCase073</b><br>Test class: TestCases.ProtocolTestCases</td>
<td></td>
<td>5</td>
<td>TestCases.ProtocolTestCases@fa4c865</td></tr>
<tr>
<td title='TestCases.ProtocolTestCases.testCase074()'><b>testCase074</b><br>Test class: TestCases.ProtocolTestCases</td>
<td></td>
<td>6</td>
<td>TestCases.ProtocolTestCases@fa4c865</td></tr>
<tr>
<td title='TestCases.ProtocolTestCases.testCase075()'><b>testCase075</b><br>Test class: TestCases.ProtocolTestCases</td>
<td></td>
<td>5</td>
<td>TestCases.ProtocolTestCases@fa4c865</td></tr>
<tr>
<td title='TestCases.ProtocolTestCases.testCase076()'><b>testCase076</b><br>Test class: TestCases.ProtocolTestCases</td>
<td></td>
<td>6</td>
<td>TestCases.ProtocolTestCases@fa4c865</td></tr>
<tr>
<td title='TestCases.ProtocolTestCases.testCase077()'><b>testCase077</b><br>Test class: TestCases.ProtocolTestCases</td>
<td></td>
<td>7</td>
<td>TestCases.ProtocolTestCases@fa4c865</td></tr>
<tr>
<td title='TestCases.ProtocolTestCases.testCase078()'><b>testCase078</b><br>Test class: TestCases.ProtocolTestCases</td>
<td></td>
<td>8</td>
<td>TestCases.ProtocolTestCases@fa4c865</td></tr>
<tr>
<td title='TestCases.ForgotPassTestCases.testCase082()'><b>testCase082</b><br>Test class: TestCases.ForgotPassTestCases</td>
<td></td>
<td>0</td>
<td>TestCases.ForgotPassTestCases@7770f470</td></tr>
<tr>
<td title='TestCases.ForgotPassTestCases.testCase083()'><b>testCase083</b><br>Test class: TestCases.ForgotPassTestCases</td>
<td></td>
<td>0</td>
<td>TestCases.ForgotPassTestCases@7770f470</td></tr>
<tr>
<td title='TestCases.ForgotPassTestCases.testCase084()'><b>testCase084</b><br>Test class: TestCases.ForgotPassTestCases</td>
<td></td>
<td>0</td>
<td>TestCases.ForgotPassTestCases@7770f470</td></tr>
<tr>
<td title='TestCases.HomePageTestCases.testCase090()'><b>testCase090</b><br>Test class: TestCases.HomePageTestCases</td>
<td></td>
<td>5</td>
<td>TestCases.HomePageTestCases@3a52dba3</td></tr>
<tr>
<td title='TestCases.HomePageTestCases.testCase092()'><b>testCase092</b><br>Test class: TestCases.HomePageTestCases</td>
<td></td>
<td>6</td>
<td>TestCases.HomePageTestCases@3a52dba3</td></tr>
<tr>
<td title='TestCases.HomePageTestCases.testCase094()'><b>testCase094</b><br>Test class: TestCases.HomePageTestCases</td>
<td></td>
<td>6</td>
<td>TestCases.HomePageTestCases@3a52dba3</td></tr>
<tr>
<td title='TestCases.HomePageTestCases.testCase095()'><b>testCase095</b><br>Test class: TestCases.HomePageTestCases</td>
<td></td>
<td>5</td>
<td>TestCases.HomePageTestCases@3a52dba3</td></tr>
<tr>
<td title='TestCases.HomePageTestCases.testCase096()'><b>testCase096</b><br>Test class: TestCases.HomePageTestCases</td>
<td></td>
<td>3</td>
<td>TestCases.HomePageTestCases@3a52dba3</td></tr>
<tr>
<td title='TestCases.HomePageTestCases.testCase097()'><b>testCase097</b><br>Test class: TestCases.HomePageTestCases</td>
<td></td>
<td>3</td>
<td>TestCases.HomePageTestCases@3a52dba3</td></tr>
<tr>
<td title='TestCases.HomePageTestCases.testCase098()'><b>testCase098</b><br>Test class: TestCases.HomePageTestCases</td>
<td></td>
<td>3</td>
<td>TestCases.HomePageTestCases@3a52dba3</td></tr>
<tr>
<td title='TestCases.HomePageTestCases.testCase099()'><b>testCase099</b><br>Test class: TestCases.HomePageTestCases</td>
<td></td>
<td>2</td>
<td>TestCases.HomePageTestCases@3a52dba3</td></tr>
<tr>
<td title='TestCases.HomePageTestCases.testCase100()'><b>testCase100</b><br>Test class: TestCases.HomePageTestCases</td>
<td></td>
<td>3</td>
<td>TestCases.HomePageTestCases@3a52dba3</td></tr>
<tr>
<td title='TestCases.HomePageTestCases.testCase101()'><b>testCase101</b><br>Test class: TestCases.HomePageTestCases</td>
<td></td>
<td>3</td>
<td>TestCases.HomePageTestCases@3a52dba3</td></tr>
<tr>
<td title='TestCases.HomePageTestCases.testCase102()'><b>testCase102</b><br>Test class: TestCases.HomePageTestCases</td>
<td></td>
<td>3</td>
<td>TestCases.HomePageTestCases@3a52dba3</td></tr>
<tr>
<td title='TestCases.HomePageTestCases.testCase103()'><b>testCase103</b><br>Test class: TestCases.HomePageTestCases</td>
<td></td>
<td>3</td>
<td>TestCases.HomePageTestCases@3a52dba3</td></tr>
<tr>
<td title='TestCases.HomePageTestCases.testCase104()'><b>testCase104</b><br>Test class: TestCases.HomePageTestCases</td>
<td></td>
<td>3</td>
<td>TestCases.HomePageTestCases@3a52dba3</td></tr>
<tr>
<td title='TestCases.HomePageTestCases.testCase105()'><b>testCase105</b><br>Test class: TestCases.HomePageTestCases</td>
<td></td>
<td>3</td>
<td>TestCases.HomePageTestCases@3a52dba3</td></tr>
<tr>
<td title='TestCases.HomePageTestCases.testCase106()'><b>testCase106</b><br>Test class: TestCases.HomePageTestCases</td>
<td></td>
<td>3</td>
<td>TestCases.HomePageTestCases@3a52dba3</td></tr>
<tr>
<td title='TestCases.HomePageTestCases.testCase107()'><b>testCase107</b><br>Test class: TestCases.HomePageTestCases</td>
<td></td>
<td>3</td>
<td>TestCases.HomePageTestCases@3a52dba3</td></tr>
<tr>
<td title='TestCases.HomePageTestCases.testCase108()'><b>testCase108</b><br>Test class: TestCases.HomePageTestCases</td>
<td></td>
<td>5</td>
<td>TestCases.HomePageTestCases@3a52dba3</td></tr>
<tr>
<td title='TestCases.HomePageTestCases.testCase109()'><b>testCase109</b><br>Test class: TestCases.HomePageTestCases</td>
<td></td>
<td>4</td>
<td>TestCases.HomePageTestCases@3a52dba3</td></tr>
<tr>
<td title='TestCases.HomePageTestCases.testCase110()'><b>testCase110</b><br>Test class: TestCases.HomePageTestCases</td>
<td></td>
<td>4</td>
<td>TestCases.HomePageTestCases@3a52dba3</td></tr>
<tr>
<td title='TestCases.ClinicianTestCases.testCase119()'><b>testCase119</b><br>Test class: TestCases.ClinicianTestCases</td>
<td></td>
<td>4</td>
<td>TestCases.ClinicianTestCases@b2c9a9c</td></tr>
<tr>
<td title='TestCases.ClinicianTestCases.testCase120()'><b>testCase120</b><br>Test class: TestCases.ClinicianTestCases</td>
<td></td>
<td>3</td>
<td>TestCases.ClinicianTestCases@b2c9a9c</td></tr>
<tr>
<td title='TestCases.ClinicianTestCases.testCase121()'><b>testCase121</b><br>Test class: TestCases.ClinicianTestCases</td>
<td></td>
<td>3</td>
<td>TestCases.ClinicianTestCases@b2c9a9c</td></tr>
<tr>
<td title='TestCases.ClinicianTestCases.testCase122()'><b>testCase122</b><br>Test class: TestCases.ClinicianTestCases</td>
<td></td>
<td>3</td>
<td>TestCases.ClinicianTestCases@b2c9a9c</td></tr>
<tr>
<td title='TestCases.ClinicianTestCases.testCase124()'><b>testCase124</b><br>Test class: TestCases.ClinicianTestCases</td>
<td></td>
<td>5</td>
<td>TestCases.ClinicianTestCases@b2c9a9c</td></tr>
<tr>
<td title='TestCases.ClinicianTestCases.testCase125()'><b>testCase125</b><br>Test class: TestCases.ClinicianTestCases</td>
<td></td>
<td>5</td>
<td>TestCases.ClinicianTestCases@b2c9a9c</td></tr>
<tr>
<td title='TestCases.ClinicianTestCases.testCase126()'><b>testCase126</b><br>Test class: TestCases.ClinicianTestCases</td>
<td></td>
<td>5</td>
<td>TestCases.ClinicianTestCases@b2c9a9c</td></tr>
<tr>
<td title='TestCases.ClinicianTestCases.testCase127()'><b>testCase127</b><br>Test class: TestCases.ClinicianTestCases</td>
<td></td>
<td>5</td>
<td>TestCases.ClinicianTestCases@b2c9a9c</td></tr>
<tr>
<td title='TestCases.ClinicianTestCases.testCase128()'><b>testCase128</b><br>Test class: TestCases.ClinicianTestCases</td>
<td></td>
<td>5</td>
<td>TestCases.ClinicianTestCases@b2c9a9c</td></tr>
<tr>
<td title='TestCases.ClinicianTestCases.testCase129()'><b>testCase129</b><br>Test class: TestCases.ClinicianTestCases</td>
<td></td>
<td>3</td>
<td>TestCases.ClinicianTestCases@b2c9a9c</td></tr>
<tr>
<td title='TestCases.ClinicianTestCases.testCase130()'><b>testCase130</b><br>Test class: TestCases.ClinicianTestCases</td>
<td></td>
<td>3</td>
<td>TestCases.ClinicianTestCases@b2c9a9c</td></tr>
<tr>
<td title='TestCases.ClinicianTestCases.testCase131()'><b>testCase131</b><br>Test class: TestCases.ClinicianTestCases</td>
<td></td>
<td>3</td>
<td>TestCases.ClinicianTestCases@b2c9a9c</td></tr>
<tr>
<td title='TestCases.ClinicianTestCases.testCase132()'><b>testCase132</b><br>Test class: TestCases.ClinicianTestCases</td>
<td></td>
<td>3</td>
<td>TestCases.ClinicianTestCases@b2c9a9c</td></tr>
<tr>
<td title='TestCases.ClinicianTestCases.testCase133()'><b>testCase133</b><br>Test class: TestCases.ClinicianTestCases</td>
<td></td>
<td>3</td>
<td>TestCases.ClinicianTestCases@b2c9a9c</td></tr>
<tr>
<td title='TestCases.ClinicianTestCases.testCase134()'><b>testCase134</b><br>Test class: TestCases.ClinicianTestCases</td>
<td></td>
<td>3</td>
<td>TestCases.ClinicianTestCases@b2c9a9c</td></tr>
<tr>
<td title='TestCases.ClinicianTestCases.testCase135()'><b>testCase135</b><br>Test class: TestCases.ClinicianTestCases</td>
<td></td>
<td>3</td>
<td>TestCases.ClinicianTestCases@b2c9a9c</td></tr>
<tr>
<td title='TestCases.ClinicianTestCases.testCase136()'><b>testCase136</b><br>Test class: TestCases.ClinicianTestCases</td>
<td></td>
<td>4</td>
<td>TestCases.ClinicianTestCases@b2c9a9c</td></tr>
<tr>
<td title='TestCases.ClinicianTestCases.testCase137()'><b>testCase137</b><br>Test class: TestCases.ClinicianTestCases</td>
<td></td>
<td>3</td>
<td>TestCases.ClinicianTestCases@b2c9a9c</td></tr>
<tr>
<td title='TestCases.ClinicianTestCases.testCase138()'><b>testCase138</b><br>Test class: TestCases.ClinicianTestCases</td>
<td></td>
<td>3</td>
<td>TestCases.ClinicianTestCases@b2c9a9c</td></tr>
<tr>
<td title='TestCases.ClinicianTestCases.testCase139()'><b>testCase139</b><br>Test class: TestCases.ClinicianTestCases</td>
<td></td>
<td>3</td>
<td>TestCases.ClinicianTestCases@b2c9a9c</td></tr>
<tr>
<td title='TestCases.ClinicianTestCases.testCase140()'><b>testCase140</b><br>Test class: TestCases.ClinicianTestCases</td>
<td></td>
<td>3</td>
<td>TestCases.ClinicianTestCases@b2c9a9c</td></tr>
<tr>
<td title='TestCases.ClinicianTestCases.testCase141()'><b>testCase141</b><br>Test class: TestCases.ClinicianTestCases</td>
<td></td>
<td>3</td>
<td>TestCases.ClinicianTestCases@b2c9a9c</td></tr>
<tr>
<td title='TestCases.ClinicianTestCases.testCase142()'><b>testCase142</b><br>Test class: TestCases.ClinicianTestCases</td>
<td></td>
<td>3</td>
<td>TestCases.ClinicianTestCases@b2c9a9c</td></tr>
<tr>
<td title='TestCases.ClinicianTestCases.testCase143()'><b>testCase143</b><br>Test class: TestCases.ClinicianTestCases</td>
<td></td>
<td>3</td>
<td>TestCases.ClinicianTestCases@b2c9a9c</td></tr>
<tr>
<td title='TestCases.ClinicianTestCases.testCase144()'><b>testCase144</b><br>Test class: TestCases.ClinicianTestCases</td>
<td></td>
<td>3</td>
<td>TestCases.ClinicianTestCases@b2c9a9c</td></tr>
<tr>
<td title='TestCases.ClinicianTestCases.testCase145()'><b>testCase145</b><br>Test class: TestCases.ClinicianTestCases</td>
<td></td>
<td>3</td>
<td>TestCases.ClinicianTestCases@b2c9a9c</td></tr>
<tr>
<td title='TestCases.ClinicianTestCases.testCase146()'><b>testCase146</b><br>Test class: TestCases.ClinicianTestCases</td>
<td></td>
<td>3</td>
<td>TestCases.ClinicianTestCases@b2c9a9c</td></tr>
<tr>
<td title='TestCases.ClinicianTestCases.testCase147()'><b>testCase147</b><br>Test class: TestCases.ClinicianTestCases</td>
<td></td>
<td>3</td>
<td>TestCases.ClinicianTestCases@b2c9a9c</td></tr>
<tr>
<td title='TestCases.ClinicianTestCases.testCase148()'><b>testCase148</b><br>Test class: TestCases.ClinicianTestCases</td>
<td></td>
<td>3</td>
<td>TestCases.ClinicianTestCases@b2c9a9c</td></tr>
<tr>
<td title='TestCases.ClinicianTestCases.testCase149()'><b>testCase149</b><br>Test class: TestCases.ClinicianTestCases</td>
<td></td>
<td>4</td>
<td>TestCases.ClinicianTestCases@b2c9a9c</td></tr>
<tr>
<td title='TestCases.ClinicianTestCases.testCase150()'><b>testCase150</b><br>Test class: TestCases.ClinicianTestCases</td>
<td></td>
<td>3</td>
<td>TestCases.ClinicianTestCases@b2c9a9c</td></tr>
<tr>
<td title='TestCases.ClinicianTestCases.testCase151()'><b>testCase151</b><br>Test class: TestCases.ClinicianTestCases</td>
<td></td>
<td>3</td>
<td>TestCases.ClinicianTestCases@b2c9a9c</td></tr>
<tr>
<td title='TestCases.ClinicianTestCases.testCase152()'><b>testCase152</b><br>Test class: TestCases.ClinicianTestCases</td>
<td></td>
<td>3</td>
<td>TestCases.ClinicianTestCases@b2c9a9c</td></tr>
<tr>
<td title='TestCases.ClinicianTestCases.testCase153()'><b>testCase153</b><br>Test class: TestCases.ClinicianTestCases</td>
<td></td>
<td>3</td>
<td>TestCases.ClinicianTestCases@b2c9a9c</td></tr>
<tr>
<td title='TestCases.ClinicianTestCases.testCase154()'><b>testCase154</b><br>Test class: TestCases.ClinicianTestCases</td>
<td></td>
<td>3</td>
<td>TestCases.ClinicianTestCases@b2c9a9c</td></tr>
<tr>
<td title='TestCases.ClinicianTestCases.testCase155()'><b>testCase155</b><br>Test class: TestCases.ClinicianTestCases</td>
<td></td>
<td>3</td>
<td>TestCases.ClinicianTestCases@b2c9a9c</td></tr>
<tr>
<td title='TestCases.ClinicianTestCases.testCase156()'><b>testCase156</b><br>Test class: TestCases.ClinicianTestCases</td>
<td></td>
<td>3</td>
<td>TestCases.ClinicianTestCases@b2c9a9c</td></tr>
<tr>
<td title='TestCases.ClinicianTestCases.testCase157()'><b>testCase157</b><br>Test class: TestCases.ClinicianTestCases</td>
<td></td>
<td>3</td>
<td>TestCases.ClinicianTestCases@b2c9a9c</td></tr>
<tr>
<td title='TestCases.ClinicianTestCases.testCase158()'><b>testCase158</b><br>Test class: TestCases.ClinicianTestCases</td>
<td></td>
<td>3</td>
<td>TestCases.ClinicianTestCases@b2c9a9c</td></tr>
<tr>
<td title='TestCases.NavBarFooterTestCases.testCase159()'><b>testCase159</b><br>Test class: TestCases.NavBarFooterTestCases</td>
<td></td>
<td>4</td>
<td>TestCases.NavBarFooterTestCases@d35dea7</td></tr>
<tr>
<td title='TestCases.NavBarFooterTestCases.testCase160()'><b>testCase160</b><br>Test class: TestCases.NavBarFooterTestCases</td>
<td></td>
<td>3</td>
<td>TestCases.NavBarFooterTestCases@d35dea7</td></tr>
<tr>
<td title='TestCases.NavBarFooterTestCases.testCase161()'><b>testCase161</b><br>Test class: TestCases.NavBarFooterTestCases</td>
<td></td>
<td>3</td>
<td>TestCases.NavBarFooterTestCases@d35dea7</td></tr>
<tr>
<td title='TestCases.NavBarFooterTestCases.testCase162()'><b>testCase162</b><br>Test class: TestCases.NavBarFooterTestCases</td>
<td></td>
<td>3</td>
<td>TestCases.NavBarFooterTestCases@d35dea7</td></tr>
<tr>
<td title='TestCases.NavBarFooterTestCases.testCase163()'><b>testCase163</b><br>Test class: TestCases.NavBarFooterTestCases</td>
<td></td>
<td>3</td>
<td>TestCases.NavBarFooterTestCases@d35dea7</td></tr>
<tr>
<td title='TestCases.NavBarFooterTestCases.testCase164()'><b>testCase164</b><br>Test class: TestCases.NavBarFooterTestCases</td>
<td></td>
<td>2</td>
<td>TestCases.NavBarFooterTestCases@d35dea7</td></tr>
<tr>
<td title='TestCases.NavBarFooterTestCases.testCase165()'><b>testCase165</b><br>Test class: TestCases.NavBarFooterTestCases</td>
<td></td>
<td>3</td>
<td>TestCases.NavBarFooterTestCases@d35dea7</td></tr>
<tr>
<td title='TestCases.NavBarFooterTestCases.testCase166()'><b>testCase166</b><br>Test class: TestCases.NavBarFooterTestCases</td>
<td></td>
<td>3</td>
<td>TestCases.NavBarFooterTestCases@d35dea7</td></tr>
<tr>
<td title='TestCases.NavBarFooterTestCases.testCase167()'><b>testCase167</b><br>Test class: TestCases.NavBarFooterTestCases</td>
<td></td>
<td>3</td>
<td>TestCases.NavBarFooterTestCases@d35dea7</td></tr>
<tr>
<td title='TestCases.NavBarFooterTestCases.testCase168()'><b>testCase168</b><br>Test class: TestCases.NavBarFooterTestCases</td>
<td></td>
<td>3</td>
<td>TestCases.NavBarFooterTestCases@d35dea7</td></tr>
<tr>
<td title='TestCases.NavBarFooterTestCases.testCase169()'><b>testCase169</b><br>Test class: TestCases.NavBarFooterTestCases</td>
<td></td>
<td>3</td>
<td>TestCases.NavBarFooterTestCases@d35dea7</td></tr>
<tr>
<td title='TestCases.NavBarFooterTestCases.testCase170()'><b>testCase170</b><br>Test class: TestCases.NavBarFooterTestCases</td>
<td></td>
<td>4</td>
<td>TestCases.NavBarFooterTestCases@d35dea7</td></tr>
<tr>
<td title='TestCases.ChangePWTestCases.testCase171()'><b>testCase171</b><br>Test class: TestCases.ChangePWTestCases</td>
<td></td>
<td>5</td>
<td>TestCases.ChangePWTestCases@4c178a76</td></tr>
<tr>
<td title='TestCases.ChangePWTestCases.testCase172()'><b>testCase172</b><br>Test class: TestCases.ChangePWTestCases</td>
<td></td>
<td>3</td>
<td>TestCases.ChangePWTestCases@4c178a76</td></tr>
<tr>
<td title='TestCases.ChangePWTestCases.testCase173()'><b>testCase173</b><br>Test class: TestCases.ChangePWTestCases</td>
<td></td>
<td>3</td>
<td>TestCases.ChangePWTestCases@4c178a76</td></tr>
<tr>
<td title='TestCases.ChangePWTestCases.testCase174()'><b>testCase174</b><br>Test class: TestCases.ChangePWTestCases</td>
<td></td>
<td>3</td>
<td>TestCases.ChangePWTestCases@4c178a76</td></tr>
<tr>
<td title='TestCases.ChangePWTestCases.testCase175()'><b>testCase175</b><br>Test class: TestCases.ChangePWTestCases</td>
<td></td>
<td>5</td>
<td>TestCases.ChangePWTestCases@4c178a76</td></tr>
<tr>
<td title='TestCases.ChangePWTestCases.testCase176()'><b>testCase176</b><br>Test class: TestCases.ChangePWTestCases</td>
<td></td>
<td>5</td>
<td>TestCases.ChangePWTestCases@4c178a76</td></tr>
<tr>
<td title='TestCases.SupportVideosTestCases.testCase178()'><b>testCase178</b><br>Test class: TestCases.SupportVideosTestCases</td>
<td></td>
<td>5</td>
<td>TestCases.SupportVideosTestCases@5e5d171f</td></tr>
<tr>
<td title='TestCases.SupportVideosTestCases.testCase179()'><b>testCase179</b><br>Test class: TestCases.SupportVideosTestCases</td>
<td></td>
<td>3</td>
<td>TestCases.SupportVideosTestCases@5e5d171f</td></tr>
<tr>
<td title='TestCases.SupportVideosTestCases.testCase180()'><b>testCase180</b><br>Test class: TestCases.SupportVideosTestCases</td>
<td></td>
<td>3</td>
<td>TestCases.SupportVideosTestCases@5e5d171f</td></tr>
<tr>
<td title='TestCases.SupportVideosTestCases.testCase181()'><b>testCase181</b><br>Test class: TestCases.SupportVideosTestCases</td>
<td></td>
<td>3</td>
<td>TestCases.SupportVideosTestCases@5e5d171f</td></tr>
<tr>
<td title='TestCases.SupportVideosTestCases.testCase182()'><b>testCase182</b><br>Test class: TestCases.SupportVideosTestCases</td>
<td></td>
<td>3</td>
<td>TestCases.SupportVideosTestCases@5e5d171f</td></tr>
<tr>
<td title='TestCases.SupportVideosTestCases.testCase183()'><b>testCase183</b><br>Test class: TestCases.SupportVideosTestCases</td>
<td></td>
<td>4</td>
<td>TestCases.SupportVideosTestCases@5e5d171f</td></tr>
<tr>
<td title='TestCases.SupportVideosTestCases.testCase184()'><b>testCase184</b><br>Test class: TestCases.SupportVideosTestCases</td>
<td></td>
<td>4</td>
<td>TestCases.SupportVideosTestCases@5e5d171f</td></tr>
<tr>
<td title='TestCases.SupportVideosTestCases.testCase185()'><b>testCase185</b><br>Test class: TestCases.SupportVideosTestCases</td>
<td></td>
<td>4</td>
<td>TestCases.SupportVideosTestCases@5e5d171f</td></tr>
<tr>
<td title='TestCases.SupportVideosTestCases.testCase186()'><b>testCase186</b><br>Test class: TestCases.SupportVideosTestCases</td>
<td></td>
<td>4</td>
<td>TestCases.SupportVideosTestCases@5e5d171f</td></tr>
<tr>
<td title='TestCases.SupportVideosTestCases.testCase187()'><b>testCase187</b><br>Test class: TestCases.SupportVideosTestCases</td>
<td></td>
<td>4</td>
<td>TestCases.SupportVideosTestCases@5e5d171f</td></tr>
<tr>
<td title='TestCases.SupportVideosTestCases.testCase188()'><b>testCase188</b><br>Test class: TestCases.SupportVideosTestCases</td>
<td></td>
<td>4</td>
<td>TestCases.SupportVideosTestCases@5e5d171f</td></tr>
<tr>
<td title='TestCases.SupportVideosTestCases.testCase189()'><b>testCase189</b><br>Test class: TestCases.SupportVideosTestCases</td>
<td></td>
<td>4</td>
<td>TestCases.SupportVideosTestCases@5e5d171f</td></tr>
<tr>
<td title='TestCases.SupportVideosTestCases.testCase190()'><b>testCase190</b><br>Test class: TestCases.SupportVideosTestCases</td>
<td></td>
<td>4</td>
<td>TestCases.SupportVideosTestCases@5e5d171f</td></tr>
<tr>
<td title='TestCases.SupportVideosTestCases.testCase191()'><b>testCase191</b><br>Test class: TestCases.SupportVideosTestCases</td>
<td></td>
<td>4</td>
<td>TestCases.SupportVideosTestCases@5e5d171f</td></tr>
<tr>
<td title='TestCases.SupportVideosTestCases.testCase192()'><b>testCase192</b><br>Test class: TestCases.SupportVideosTestCases</td>
<td></td>
<td>4</td>
<td>TestCases.SupportVideosTestCases@5e5d171f</td></tr>
<tr>
<td title='TestCases.SupportVideosTestCases.testCase193()'><b>testCase193</b><br>Test class: TestCases.SupportVideosTestCases</td>
<td></td>
<td>4</td>
<td>TestCases.SupportVideosTestCases@5e5d171f</td></tr>
<tr>
<td title='TestCases.SupportVideosTestCases.testCase194()'><b>testCase194</b><br>Test class: TestCases.SupportVideosTestCases</td>
<td></td>
<td>4</td>
<td>TestCases.SupportVideosTestCases@5e5d171f</td></tr>
<tr>
<td title='TestCases.SupportVideosTestCases.testCase195()'><b>testCase195</b><br>Test class: TestCases.SupportVideosTestCases</td>
<td></td>
<td>4</td>
<td>TestCases.SupportVideosTestCases@5e5d171f</td></tr>
<tr>
<td title='TestCases.SupportVideosTestCases.testCase196()'><b>testCase196</b><br>Test class: TestCases.SupportVideosTestCases</td>
<td></td>
<td>4</td>
<td>TestCases.SupportVideosTestCases@5e5d171f</td></tr>
<tr>
<td title='TestCases.SupportVideosTestCases.testCase197()'><b>testCase197</b><br>Test class: TestCases.SupportVideosTestCases</td>
<td></td>
<td>4</td>
<td>TestCases.SupportVideosTestCases@5e5d171f</td></tr>
<tr>
<td title='TestCases.SupportVideosTestCases.testCase198()'><b>testCase198</b><br>Test class: TestCases.SupportVideosTestCases</td>
<td></td>
<td>4</td>
<td>TestCases.SupportVideosTestCases@5e5d171f</td></tr>
<tr>
<td title='TestCases.SupportVideosTestCases.testCase199()'><b>testCase199</b><br>Test class: TestCases.SupportVideosTestCases</td>
<td></td>
<td>4</td>
<td>TestCases.SupportVideosTestCases@5e5d171f</td></tr>
<tr>
<td title='TestCases.SupportVideosTestCases.testCase200()'><b>testCase200</b><br>Test class: TestCases.SupportVideosTestCases</td>
<td></td>
<td>4</td>
<td>TestCases.SupportVideosTestCases@5e5d171f</td></tr>
<tr>
<td title='TestCases.SupportVideosTestCases.testCase201()'><b>testCase201</b><br>Test class: TestCases.SupportVideosTestCases</td>
<td></td>
<td>4</td>
<td>TestCases.SupportVideosTestCases@5e5d171f</td></tr>
<tr>
<td title='TestCases.SupportVideosTestCases.testCase202()'><b>testCase202</b><br>Test class: TestCases.SupportVideosTestCases</td>
<td></td>
<td>4</td>
<td>TestCases.SupportVideosTestCases@5e5d171f</td></tr>
<tr>
<td title='TestCases.SupportVideosTestCases.testCase203()'><b>testCase203</b><br>Test class: TestCases.SupportVideosTestCases</td>
<td></td>
<td>4</td>
<td>TestCases.SupportVideosTestCases@5e5d171f</td></tr>
<tr>
<td title='TestCases.SupportVideosTestCases.testCase204()'><b>testCase204</b><br>Test class: TestCases.SupportVideosTestCases</td>
<td></td>
<td>4</td>
<td>TestCases.SupportVideosTestCases@5e5d171f</td></tr>
<tr>
<td title='TestCases.SupportVideosTestCases.testCase205()'><b>testCase205</b><br>Test class: TestCases.SupportVideosTestCases</td>
<td></td>
<td>4</td>
<td>TestCases.SupportVideosTestCases@5e5d171f</td></tr>
<tr>
<td title='TestCases.SupportVideosTestCases.testCase206()'><b>testCase206</b><br>Test class: TestCases.SupportVideosTestCases</td>
<td></td>
<td>4</td>
<td>TestCases.SupportVideosTestCases@5e5d171f</td></tr>
<tr>
<td title='TestCases.SupportVideosTestCases.testCase207()'><b>testCase207</b><br>Test class: TestCases.SupportVideosTestCases</td>
<td></td>
<td>3</td>
<td>TestCases.SupportVideosTestCases@5e5d171f</td></tr>
<tr>
<td title='TestCases.ProfileTestCases.testCase208()'><b>testCase208</b><br>Test class: TestCases.ProfileTestCases</td>
<td></td>
<td>5</td>
<td>TestCases.ProfileTestCases@24313fcc</td></tr>
<tr>
<td title='TestCases.ProfileTestCases.testCase209()'><b>testCase209</b><br>Test class: TestCases.ProfileTestCases</td>
<td></td>
<td>3</td>
<td>TestCases.ProfileTestCases@24313fcc</td></tr>
<tr>
<td title='TestCases.ProfileTestCases.testCase210()'><b>testCase210</b><br>Test class: TestCases.ProfileTestCases</td>
<td></td>
<td>3</td>
<td>TestCases.ProfileTestCases@24313fcc</td></tr>
<tr>
<td title='TestCases.ProfileTestCases.testCase211()'><b>testCase211</b><br>Test class: TestCases.ProfileTestCases</td>
<td></td>
<td>3</td>
<td>TestCases.ProfileTestCases@24313fcc</td></tr>
<tr>
<td title='TestCases.ProfileTestCases.testCase214()'><b>testCase214</b><br>Test class: TestCases.ProfileTestCases</td>
<td></td>
<td>3</td>
<td>TestCases.ProfileTestCases@24313fcc</td></tr>
<tr>
<td title='TestCases.ProfileTestCases.testCase215()'><b>testCase215</b><br>Test class: TestCases.ProfileTestCases</td>
<td></td>
<td>4</td>
<td>TestCases.ProfileTestCases@24313fcc</td></tr>
<tr>
<td title='TestCases.ProfileTestCases.testCase216()'><b>testCase216</b><br>Test class: TestCases.ProfileTestCases</td>
<td></td>
<td>3</td>
<td>TestCases.ProfileTestCases@24313fcc</td></tr>
<tr>
<td title='TestCases.ProfileTestCases.testCase217()'><b>testCase217</b><br>Test class: TestCases.ProfileTestCases</td>
<td></td>
<td>3</td>
<td>TestCases.ProfileTestCases@24313fcc</td></tr>
<tr>
<td title='TestCases.ProfileTestCases.testCase218()'><b>testCase218</b><br>Test class: TestCases.ProfileTestCases</td>
<td></td>
<td>3</td>
<td>TestCases.ProfileTestCases@24313fcc</td></tr>
<tr>
<td title='TestCases.ProfileTestCases.testCase219()'><b>testCase219</b><br>Test class: TestCases.ProfileTestCases</td>
<td></td>
<td>3</td>
<td>TestCases.ProfileTestCases@24313fcc</td></tr>
<tr>
<td title='TestCases.ProfileTestCases.testCase220()'><b>testCase220</b><br>Test class: TestCases.ProfileTestCases</td>
<td></td>
<td>4</td>
<td>TestCases.ProfileTestCases@24313fcc</td></tr>
<tr>
<td title='TestCases.ProfileTestCases.testCase221()'><b>testCase221</b><br>Test class: TestCases.ProfileTestCases</td>
<td></td>
<td>3</td>
<td>TestCases.ProfileTestCases@24313fcc</td></tr>
<tr>
<td title='TestCases.ProfileTestCases.testCase222()'><b>testCase222</b><br>Test class: TestCases.ProfileTestCases</td>
<td></td>
<td>3</td>
<td>TestCases.ProfileTestCases@24313fcc</td></tr>
<tr>
<td title='TestCases.ProfileTestCases.testCase223()'><b>testCase223</b><br>Test class: TestCases.ProfileTestCases</td>
<td></td>
<td>4</td>
<td>TestCases.ProfileTestCases@24313fcc</td></tr>
<tr>
<td title='TestCases.ProfileTestCases.testCase224()'><b>testCase224</b><br>Test class: TestCases.ProfileTestCases</td>
<td></td>
<td>3</td>
<td>TestCases.ProfileTestCases@24313fcc</td></tr>
<tr>
<td title='TestCases.ProfileTestCases.testCase225()'><b>testCase225</b><br>Test class: TestCases.ProfileTestCases</td>
<td></td>
<td>3</td>
<td>TestCases.ProfileTestCases@24313fcc</td></tr>
<tr>
<td title='TestCases.ProfileTestCases.testCase226()'><b>testCase226</b><br>Test class: TestCases.ProfileTestCases</td>
<td></td>
<td>3</td>
<td>TestCases.ProfileTestCases@24313fcc</td></tr>
<tr>
<td title='TestCases.ProfileTestCases.testCase227()'><b>testCase227</b><br>Test class: TestCases.ProfileTestCases</td>
<td></td>
<td>3</td>
<td>TestCases.ProfileTestCases@24313fcc</td></tr>
<tr>
<td title='TestCases.ProfileTestCases.testCase228()'><b>testCase228</b><br>Test class: TestCases.ProfileTestCases</td>
<td></td>
<td>3</td>
<td>TestCases.ProfileTestCases@24313fcc</td></tr>
<tr>
<td title='TestCases.ProfileTestCases.testCase229()'><b>testCase229</b><br>Test class: TestCases.ProfileTestCases</td>
<td></td>
<td>3</td>
<td>TestCases.ProfileTestCases@24313fcc</td></tr>
<tr>
<td title='TestCases.ProfileTestCases.testCase230()'><b>testCase230</b><br>Test class: TestCases.ProfileTestCases</td>
<td></td>
<td>3</td>
<td>TestCases.ProfileTestCases@24313fcc</td></tr>
<tr>
<td title='TestCases.ProfileTestCases.testCase231()'><b>testCase231</b><br>Test class: TestCases.ProfileTestCases</td>
<td></td>
<td>4</td>
<td>TestCases.ProfileTestCases@24313fcc</td></tr>
<tr>
<td title='TestCases.ProfileTestCases.testCase232()'><b>testCase232</b><br>Test class: TestCases.ProfileTestCases</td>
<td></td>
<td>3</td>
<td>TestCases.ProfileTestCases@24313fcc</td></tr>
<tr>
<td title='TestCases.ProfileTestCases.testCase233()'><b>testCase233</b><br>Test class: TestCases.ProfileTestCases</td>
<td></td>
<td>3</td>
<td>TestCases.ProfileTestCases@24313fcc</td></tr>
<tr>
<td title='TestCases.ProfileTestCases.testCase234()'><b>testCase234</b><br>Test class: TestCases.ProfileTestCases</td>
<td></td>
<td>3</td>
<td>TestCases.ProfileTestCases@24313fcc</td></tr>
<tr>
<td title='TestCases.ProfileTestCases.testCase235()'><b>testCase235</b><br>Test class: TestCases.ProfileTestCases</td>
<td></td>
<td>3</td>
<td>TestCases.ProfileTestCases@24313fcc</td></tr>
<tr>
<td title='TestCases.ProfileTestCases.testCase236()'><b>testCase236</b><br>Test class: TestCases.ProfileTestCases</td>
<td></td>
<td>3</td>
<td>TestCases.ProfileTestCases@24313fcc</td></tr>
<tr>
<td title='TestCases.ProfileTestCases.testCase237()'><b>testCase237</b><br>Test class: TestCases.ProfileTestCases</td>
<td></td>
<td>3</td>
<td>TestCases.ProfileTestCases@24313fcc</td></tr>
<tr>
<td title='TestCases.ProfileTestCases.testCase238()'><b>testCase238</b><br>Test class: TestCases.ProfileTestCases</td>
<td></td>
<td>3</td>
<td>TestCases.ProfileTestCases@24313fcc</td></tr>
<tr>
<td title='TestCases.ProfileTestCases.testCase239()'><b>testCase239</b><br>Test class: TestCases.ProfileTestCases</td>
<td></td>
<td>3</td>
<td>TestCases.ProfileTestCases@24313fcc</td></tr>
<tr>
<td title='TestCases.ProfileTestCases.testCase240()'><b>testCase240</b><br>Test class: TestCases.ProfileTestCases</td>
<td></td>
<td>4</td>
<td>TestCases.ProfileTestCases@24313fcc</td></tr>
<tr>
<td title='TestCases.ProfileTestCases.testCase241()'><b>testCase241</b><br>Test class: TestCases.ProfileTestCases</td>
<td></td>
<td>3</td>
<td>TestCases.ProfileTestCases@24313fcc</td></tr>
<tr>
<td title='TestCases.ProfileTestCases.testCase242()'><b>testCase242</b><br>Test class: TestCases.ProfileTestCases</td>
<td></td>
<td>3</td>
<td>TestCases.ProfileTestCases@24313fcc</td></tr>
<tr>
<td title='TestCases.ProfileTestCases.testCase243()'><b>testCase243</b><br>Test class: TestCases.ProfileTestCases</td>
<td></td>
<td>3</td>
<td>TestCases.ProfileTestCases@24313fcc</td></tr>
<tr>
<td title='TestCases.ProfileTestCases.testCase244()'><b>testCase244</b><br>Test class: TestCases.ProfileTestCases</td>
<td></td>
<td>3</td>
<td>TestCases.ProfileTestCases@24313fcc</td></tr>
<tr>
<td title='TestCases.ProfileTestCases.testCase245()'><b>testCase245</b><br>Test class: TestCases.ProfileTestCases</td>
<td></td>
<td>3</td>
<td>TestCases.ProfileTestCases@24313fcc</td></tr>
<tr>
<td title='TestCases.ProfileTestCases.testCase246()'><b>testCase246</b><br>Test class: TestCases.ProfileTestCases</td>
<td></td>
<td>3</td>
<td>TestCases.ProfileTestCases@24313fcc</td></tr>
<tr>
<td title='TestCases.ProfileTestCases.testCase247()'><b>testCase247</b><br>Test class: TestCases.ProfileTestCases</td>
<td></td>
<td>4</td>
<td>TestCases.ProfileTestCases@24313fcc</td></tr>
<tr>
<td title='TestCases.ProfileTestCases.testCase248()'><b>testCase248</b><br>Test class: TestCases.ProfileTestCases</td>
<td></td>
<td>3</td>
<td>TestCases.ProfileTestCases@24313fcc</td></tr>
<tr>
<td title='TestCases.PatExtraOptnTestCases.testCase249()'><b>testCase249</b><br>Test class: TestCases.PatExtraOptnTestCases</td>
<td></td>
<td>3</td>
<td>TestCases.PatExtraOptnTestCases@2362f559</td></tr>
<tr>
<td title='TestCases.PatExtraOptnTestCases.testCase250()'><b>testCase250</b><br>Test class: TestCases.PatExtraOptnTestCases</td>
<td></td>
<td>2</td>
<td>TestCases.PatExtraOptnTestCases@2362f559</td></tr>
<tr>
<td title='TestCases.PatExtraOptnTestCases.testCase251()'><b>testCase251</b><br>Test class: TestCases.PatExtraOptnTestCases</td>
<td></td>
<td>1</td>
<td>TestCases.PatExtraOptnTestCases@2362f559</td></tr>
<tr>
<td title='TestCases.PatExtraOptnTestCases.testCase252()'><b>testCase252</b><br>Test class: TestCases.PatExtraOptnTestCases</td>
<td></td>
<td>1</td>
<td>TestCases.PatExtraOptnTestCases@2362f559</td></tr>
<tr>
<td title='TestCases.PatExtraOptnTestCases.testCase253()'><b>testCase253</b><br>Test class: TestCases.PatExtraOptnTestCases</td>
<td></td>
<td>1</td>
<td>TestCases.PatExtraOptnTestCases@2362f559</td></tr>
<tr>
<td title='TestCases.PatExtraOptnTestCases.testCase254()'><b>testCase254</b><br>Test class: TestCases.PatExtraOptnTestCases</td>
<td></td>
<td>1</td>
<td>TestCases.PatExtraOptnTestCases@2362f559</td></tr>
<tr>
<td title='TestCases.PatExtraOptnTestCases.testCase255()'><b>testCase255</b><br>Test class: TestCases.PatExtraOptnTestCases</td>
<td></td>
<td>1</td>
<td>TestCases.PatExtraOptnTestCases@2362f559</td></tr>
<tr>
<td title='TestCases.PatExtraOptnTestCases.testCase256()'><b>testCase256</b><br>Test class: TestCases.PatExtraOptnTestCases</td>
<td></td>
<td>2</td>
<td>TestCases.PatExtraOptnTestCases@2362f559</td></tr>
<tr>
<td title='TestCases.PatExtraOptnTestCases.testCase257()'><b>testCase257</b><br>Test class: TestCases.PatExtraOptnTestCases</td>
<td></td>
<td>1</td>
<td>TestCases.PatExtraOptnTestCases@2362f559</td></tr>
<tr>
<td title='TestCases.PatExtraOptnTestCases.testCase258()'><b>testCase258</b><br>Test class: TestCases.PatExtraOptnTestCases</td>
<td></td>
<td>2</td>
<td>TestCases.PatExtraOptnTestCases@2362f559</td></tr>
<tr>
<td title='TestCases.PatExtraOptnTestCases.testCase259()'><b>testCase259</b><br>Test class: TestCases.PatExtraOptnTestCases</td>
<td></td>
<td>1</td>
<td>TestCases.PatExtraOptnTestCases@2362f559</td></tr>
<tr>
<td title='TestCases.PatExtraOptnTestCases.testCase260()'><b>testCase260</b><br>Test class: TestCases.PatExtraOptnTestCases</td>
<td></td>
<td>3</td>
<td>TestCases.PatExtraOptnTestCases@2362f559</td></tr>
<tr>
<td title='TestCases.PatExtraOptnTestCases.testCase265()'><b>testCase265</b><br>Test class: TestCases.PatExtraOptnTestCases</td>
<td></td>
<td>1</td>
<td>TestCases.PatExtraOptnTestCases@2362f559</td></tr>
<tr>
<td title='TestCases.PatExtraOptnTestCases.testCase266()'><b>testCase266</b><br>Test class: TestCases.PatExtraOptnTestCases</td>
<td></td>
<td>1</td>
<td>TestCases.PatExtraOptnTestCases@2362f559</td></tr>
<tr>
<td title='TestCases.PatExtraOptnTestCases.testCase267()'><b>testCase267</b><br>Test class: TestCases.PatExtraOptnTestCases</td>
<td></td>
<td>1</td>
<td>TestCases.PatExtraOptnTestCases@2362f559</td></tr>
</table><p>
</body>
</html>