<?xml version="1.0" encoding="UTF-8"?>
<testng-results skipped="0" failed="11" total="250" passed="239">
  <reporter-output>
  </reporter-output>
  <suite name="Clinician App Chrome Test Plan" duration-ms="1799962" started-at="2017-08-16T16:33:21Z" finished-at="2017-08-16T17:03:21Z">
    <groups>
    </groups>
    <test name="Clinician App Chrome Test" duration-ms="1799962" started-at="2017-08-16T16:33:21Z" finished-at="2017-08-16T17:03:21Z">
      <class name="TestCases.SupportVideosTestCases">
        <test-method status="PASS" signature="setup(java.lang.String)[pri:0, instance:TestCases.SupportVideosTestCases@b2c9a9c]" name="setup" is-config="true" duration-ms="3032" started-at="2017-08-16T09:54:10Z" finished-at="2017-08-16T09:54:13Z">
          <params>
            <param index="0">
              <value>
                <![CDATA[chrome]]>
              </value>
            </param>
          </params>
          <reporter-output>
          </reporter-output>
        </test-method> <!-- setup -->
        <test-method status="PASS" signature="testCase178()[pri:0, instance:TestCases.SupportVideosTestCases@b2c9a9c]" name="testCase178" duration-ms="4909" started-at="2017-08-16T09:54:13Z" finished-at="2017-08-16T09:54:18Z">
          <reporter-output>
          </reporter-output>
        </test-method> <!-- testCase178 -->
        <test-method status="PASS" signature="screenAfterMethod(java.lang.String)[pri:0, instance:TestCases.SupportVideosTestCases@b2c9a9c]" name="screenAfterMethod" is-config="true" duration-ms="2352" started-at="2017-08-16T09:54:18Z" finished-at="2017-08-16T09:54:20Z">
          <params>
            <param index="0">
              <value>
                <![CDATA[chrome]]>
              </value>
            </param>
          </params>
          <reporter-output>
          </reporter-output>
        </test-method> <!-- screenAfterMethod -->
        <test-method status="PASS" signature="testCase179()[pri:0, instance:TestCases.SupportVideosTestCases@b2c9a9c]" name="testCase179" duration-ms="3502" started-at="2017-08-16T09:54:20Z" finished-at="2017-08-16T09:54:24Z">
          <reporter-output>
          </reporter-output>
        </test-method> <!-- testCase179 -->
        <test-method status="PASS" signature="screenAfterMethod(java.lang.String)[pri:0, instance:TestCases.SupportVideosTestCases@b2c9a9c]" name="screenAfterMethod" is-config="true" duration-ms="2327" started-at="2017-08-16T09:54:24Z" finished-at="2017-08-16T09:54:26Z">
          <params>
            <param index="0">
              <value>
                <![CDATA[chrome]]>
              </value>
            </param>
          </params>
          <reporter-output>
          </reporter-output>
        </test-method> <!-- screenAfterMethod -->
        <test-method status="PASS" signature="testCase180()[pri:0, instance:TestCases.SupportVideosTestCases@b2c9a9c]" name="testCase180" duration-ms="3614" started-at="2017-08-16T09:54:26Z" finished-at="2017-08-16T09:54:30Z">
          <reporter-output>
          </reporter-output>
        </test-method> <!-- testCase180 -->
        <test-method status="PASS" signature="screenAfterMethod(java.lang.String)[pri:0, instance:TestCases.SupportVideosTestCases@b2c9a9c]" name="screenAfterMethod" is-config="true" duration-ms="2317" started-at="2017-08-16T09:54:30Z" finished-at="2017-08-16T09:54:32Z">
          <params>
            <param index="0">
              <value>
                <![CDATA[chrome]]>
              </value>
            </param>
          </params>
          <reporter-output>
          </reporter-output>
        </test-method> <!-- screenAfterMethod -->
        <test-method status="PASS" signature="testCase181()[pri:0, instance:TestCases.SupportVideosTestCases@b2c9a9c]" name="testCase181" duration-ms="3080" started-at="2017-08-16T09:54:32Z" finished-at="2017-08-16T09:54:35Z">
          <reporter-output>
          </reporter-output>
        </test-method> <!-- testCase181 -->
        <test-method status="PASS" signature="screenAfterMethod(java.lang.String)[pri:0, instance:TestCases.SupportVideosTestCases@b2c9a9c]" name="screenAfterMethod" is-config="true" duration-ms="2324" started-at="2017-08-16T09:54:35Z" finished-at="2017-08-16T09:54:38Z">
          <params>
            <param index="0">
              <value>
                <![CDATA[chrome]]>
              </value>
            </param>
          </params>
          <reporter-output>
          </reporter-output>
        </test-method> <!-- screenAfterMethod -->
        <test-method status="PASS" signature="testCase182()[pri:0, instance:TestCases.SupportVideosTestCases@b2c9a9c]" name="testCase182" duration-ms="3124" started-at="2017-08-16T09:54:38Z" finished-at="2017-08-16T09:54:41Z">
          <reporter-output>
          </reporter-output>
        </test-method> <!-- testCase182 -->
        <test-method status="PASS" signature="screenAfterMethod(java.lang.String)[pri:0, instance:TestCases.SupportVideosTestCases@b2c9a9c]" name="screenAfterMethod" is-config="true" duration-ms="2317" started-at="2017-08-16T09:54:41Z" finished-at="2017-08-16T09:54:43Z">
          <params>
            <param index="0">
              <value>
                <![CDATA[chrome]]>
              </value>
            </param>
          </params>
          <reporter-output>
          </reporter-output>
        </test-method> <!-- screenAfterMethod -->
        <test-method status="PASS" signature="testCase183()[pri:0, instance:TestCases.SupportVideosTestCases@b2c9a9c]" name="testCase183" duration-ms="4200" started-at="2017-08-16T09:54:43Z" finished-at="2017-08-16T09:54:47Z">
          <reporter-output>
          </reporter-output>
        </test-method> <!-- testCase183 -->
        <test-method status="PASS" signature="screenAfterMethod(java.lang.String)[pri:0, instance:TestCases.SupportVideosTestCases@b2c9a9c]" name="screenAfterMethod" is-config="true" duration-ms="2345" started-at="2017-08-16T09:54:47Z" finished-at="2017-08-16T09:54:50Z">
          <params>
            <param index="0">
              <value>
                <![CDATA[chrome]]>
              </value>
            </param>
          </params>
          <reporter-output>
          </reporter-output>
        </test-method> <!-- screenAfterMethod -->
        <test-method status="PASS" signature="testCase184()[pri:0, instance:TestCases.SupportVideosTestCases@b2c9a9c]" name="testCase184" duration-ms="4891" started-at="2017-08-16T09:54:50Z" finished-at="2017-08-16T09:54:55Z">
          <reporter-output>
          </reporter-output>
        </test-method> <!-- testCase184 -->
        <test-method status="PASS" signature="screenAfterMethod(java.lang.String)[pri:0, instance:TestCases.SupportVideosTestCases@b2c9a9c]" name="screenAfterMethod" is-config="true" duration-ms="2347" started-at="2017-08-16T09:54:55Z" finished-at="2017-08-16T09:54:57Z">
          <params>
            <param index="0">
              <value>
                <![CDATA[chrome]]>
              </value>
            </param>
          </params>
          <reporter-output>
          </reporter-output>
        </test-method> <!-- screenAfterMethod -->
        <test-method status="PASS" signature="testCase185()[pri:0, instance:TestCases.SupportVideosTestCases@b2c9a9c]" name="testCase185" duration-ms="5232" started-at="2017-08-16T09:54:57Z" finished-at="2017-08-16T09:55:02Z">
          <reporter-output>
          </reporter-output>
        </test-method> <!-- testCase185 -->
        <test-method status="PASS" signature="screenAfterMethod(java.lang.String)[pri:0, instance:TestCases.SupportVideosTestCases@b2c9a9c]" name="screenAfterMethod" is-config="true" duration-ms="2392" started-at="2017-08-16T09:55:02Z" finished-at="2017-08-16T09:55:05Z">
          <params>
            <param index="0">
              <value>
                <![CDATA[chrome]]>
              </value>
            </param>
          </params>
          <reporter-output>
          </reporter-output>
        </test-method> <!-- screenAfterMethod -->
        <test-method status="PASS" signature="testCase186()[pri:0, instance:TestCases.SupportVideosTestCases@b2c9a9c]" name="testCase186" duration-ms="4052" started-at="2017-08-16T09:55:05Z" finished-at="2017-08-16T09:55:09Z">
          <reporter-output>
          </reporter-output>
        </test-method> <!-- testCase186 -->
        <test-method status="PASS" signature="screenAfterMethod(java.lang.String)[pri:0, instance:TestCases.SupportVideosTestCases@b2c9a9c]" name="screenAfterMethod" is-config="true" duration-ms="2342" started-at="2017-08-16T09:55:09Z" finished-at="2017-08-16T09:55:11Z">
          <params>
            <param index="0">
              <value>
                <![CDATA[chrome]]>
              </value>
            </param>
          </params>
          <reporter-output>
          </reporter-output>
        </test-method> <!-- screenAfterMethod -->
        <test-method status="PASS" signature="testCase187()[pri:0, instance:TestCases.SupportVideosTestCases@b2c9a9c]" name="testCase187" duration-ms="4328" started-at="2017-08-16T09:55:11Z" finished-at="2017-08-16T09:55:15Z">
          <reporter-output>
          </reporter-output>
        </test-method> <!-- testCase187 -->
        <test-method status="PASS" signature="screenAfterMethod(java.lang.String)[pri:0, instance:TestCases.SupportVideosTestCases@b2c9a9c]" name="screenAfterMethod" is-config="true" duration-ms="2345" started-at="2017-08-16T09:55:15Z" finished-at="2017-08-16T09:55:18Z">
          <params>
            <param index="0">
              <value>
                <![CDATA[chrome]]>
              </value>
            </param>
          </params>
          <reporter-output>
          </reporter-output>
        </test-method> <!-- screenAfterMethod -->
        <test-method status="PASS" signature="testCase188()[pri:0, instance:TestCases.SupportVideosTestCases@b2c9a9c]" name="testCase188" duration-ms="4024" started-at="2017-08-16T09:55:18Z" finished-at="2017-08-16T09:55:22Z">
          <reporter-output>
          </reporter-output>
        </test-method> <!-- testCase188 -->
        <test-method status="PASS" signature="screenAfterMethod(java.lang.String)[pri:0, instance:TestCases.SupportVideosTestCases@b2c9a9c]" name="screenAfterMethod" is-config="true" duration-ms="2341" started-at="2017-08-16T09:55:22Z" finished-at="2017-08-16T09:55:24Z">
          <params>
            <param index="0">
              <value>
                <![CDATA[chrome]]>
              </value>
            </param>
          </params>
          <reporter-output>
          </reporter-output>
        </test-method> <!-- screenAfterMethod -->
        <test-method status="PASS" signature="testCase189()[pri:0, instance:TestCases.SupportVideosTestCases@b2c9a9c]" name="testCase189" duration-ms="4569" started-at="2017-08-16T09:55:24Z" finished-at="2017-08-16T09:55:29Z">
          <reporter-output>
          </reporter-output>
        </test-method> <!-- testCase189 -->
        <test-method status="PASS" signature="screenAfterMethod(java.lang.String)[pri:0, instance:TestCases.SupportVideosTestCases@b2c9a9c]" name="screenAfterMethod" is-config="true" duration-ms="2372" started-at="2017-08-16T09:55:29Z" finished-at="2017-08-16T09:55:31Z">
          <params>
            <param index="0">
              <value>
                <![CDATA[chrome]]>
              </value>
            </param>
          </params>
          <reporter-output>
          </reporter-output>
        </test-method> <!-- screenAfterMethod -->
        <test-method status="PASS" signature="testCase190()[pri:0, instance:TestCases.SupportVideosTestCases@b2c9a9c]" name="testCase190" duration-ms="4810" started-at="2017-08-16T09:55:31Z" finished-at="2017-08-16T09:55:36Z">
          <reporter-output>
          </reporter-output>
        </test-method> <!-- testCase190 -->
        <test-method status="PASS" signature="screenAfterMethod(java.lang.String)[pri:0, instance:TestCases.SupportVideosTestCases@b2c9a9c]" name="screenAfterMethod" is-config="true" duration-ms="2347" started-at="2017-08-16T09:55:36Z" finished-at="2017-08-16T09:55:38Z">
          <params>
            <param index="0">
              <value>
                <![CDATA[chrome]]>
              </value>
            </param>
          </params>
          <reporter-output>
          </reporter-output>
        </test-method> <!-- screenAfterMethod -->
        <test-method status="PASS" signature="testCase191()[pri:0, instance:TestCases.SupportVideosTestCases@b2c9a9c]" name="testCase191" duration-ms="4353" started-at="2017-08-16T09:55:38Z" finished-at="2017-08-16T09:55:42Z">
          <reporter-output>
          </reporter-output>
        </test-method> <!-- testCase191 -->
        <test-method status="PASS" signature="screenAfterMethod(java.lang.String)[pri:0, instance:TestCases.SupportVideosTestCases@b2c9a9c]" name="screenAfterMethod" is-config="true" duration-ms="2341" started-at="2017-08-16T09:55:42Z" finished-at="2017-08-16T09:55:45Z">
          <params>
            <param index="0">
              <value>
                <![CDATA[chrome]]>
              </value>
            </param>
          </params>
          <reporter-output>
          </reporter-output>
        </test-method> <!-- screenAfterMethod -->
        <test-method status="PASS" signature="testCase192()[pri:0, instance:TestCases.SupportVideosTestCases@b2c9a9c]" name="testCase192" duration-ms="3995" started-at="2017-08-16T09:55:45Z" finished-at="2017-08-16T09:55:49Z">
          <reporter-output>
          </reporter-output>
        </test-method> <!-- testCase192 -->
        <test-method status="PASS" signature="screenAfterMethod(java.lang.String)[pri:0, instance:TestCases.SupportVideosTestCases@b2c9a9c]" name="screenAfterMethod" is-config="true" duration-ms="2351" started-at="2017-08-16T09:55:49Z" finished-at="2017-08-16T09:55:51Z">
          <params>
            <param index="0">
              <value>
                <![CDATA[chrome]]>
              </value>
            </param>
          </params>
          <reporter-output>
          </reporter-output>
        </test-method> <!-- screenAfterMethod -->
        <test-method status="PASS" signature="testCase193()[pri:0, instance:TestCases.SupportVideosTestCases@b2c9a9c]" name="testCase193" duration-ms="3986" started-at="2017-08-16T09:55:51Z" finished-at="2017-08-16T09:55:55Z">
          <reporter-output>
          </reporter-output>
        </test-method> <!-- testCase193 -->
        <test-method status="PASS" signature="screenAfterMethod(java.lang.String)[pri:0, instance:TestCases.SupportVideosTestCases@b2c9a9c]" name="screenAfterMethod" is-config="true" duration-ms="2349" started-at="2017-08-16T09:55:55Z" finished-at="2017-08-16T09:55:57Z">
          <params>
            <param index="0">
              <value>
                <![CDATA[chrome]]>
              </value>
            </param>
          </params>
          <reporter-output>
          </reporter-output>
        </test-method> <!-- screenAfterMethod -->
        <test-method status="PASS" signature="testCase194()[pri:0, instance:TestCases.SupportVideosTestCases@b2c9a9c]" name="testCase194" duration-ms="4033" started-at="2017-08-16T09:55:57Z" finished-at="2017-08-16T09:56:01Z">
          <reporter-output>
          </reporter-output>
        </test-method> <!-- testCase194 -->
        <test-method status="PASS" signature="screenAfterMethod(java.lang.String)[pri:0, instance:TestCases.SupportVideosTestCases@b2c9a9c]" name="screenAfterMethod" is-config="true" duration-ms="2349" started-at="2017-08-16T09:56:01Z" finished-at="2017-08-16T09:56:04Z">
          <params>
            <param index="0">
              <value>
                <![CDATA[chrome]]>
              </value>
            </param>
          </params>
          <reporter-output>
          </reporter-output>
        </test-method> <!-- screenAfterMethod -->
        <test-method status="PASS" signature="testCase195()[pri:0, instance:TestCases.SupportVideosTestCases@b2c9a9c]" name="testCase195" duration-ms="4427" started-at="2017-08-16T09:56:04Z" finished-at="2017-08-16T09:56:08Z">
          <reporter-output>
          </reporter-output>
        </test-method> <!-- testCase195 -->
        <test-method status="PASS" signature="screenAfterMethod(java.lang.String)[pri:0, instance:TestCases.SupportVideosTestCases@b2c9a9c]" name="screenAfterMethod" is-config="true" duration-ms="2344" started-at="2017-08-16T09:56:08Z" finished-at="2017-08-16T09:56:11Z">
          <params>
            <param index="0">
              <value>
                <![CDATA[chrome]]>
              </value>
            </param>
          </params>
          <reporter-output>
          </reporter-output>
        </test-method> <!-- screenAfterMethod -->
        <test-method status="PASS" signature="testCase196()[pri:0, instance:TestCases.SupportVideosTestCases@b2c9a9c]" name="testCase196" duration-ms="4001" started-at="2017-08-16T09:56:11Z" finished-at="2017-08-16T09:56:15Z">
          <reporter-output>
          </reporter-output>
        </test-method> <!-- testCase196 -->
        <test-method status="PASS" signature="screenAfterMethod(java.lang.String)[pri:0, instance:TestCases.SupportVideosTestCases@b2c9a9c]" name="screenAfterMethod" is-config="true" duration-ms="2346" started-at="2017-08-16T09:56:15Z" finished-at="2017-08-16T09:56:17Z">
          <params>
            <param index="0">
              <value>
                <![CDATA[chrome]]>
              </value>
            </param>
          </params>
          <reporter-output>
          </reporter-output>
        </test-method> <!-- screenAfterMethod -->
        <test-method status="PASS" signature="testCase197()[pri:0, instance:TestCases.SupportVideosTestCases@b2c9a9c]" name="testCase197" duration-ms="4738" started-at="2017-08-16T09:56:17Z" finished-at="2017-08-16T09:56:22Z">
          <reporter-output>
          </reporter-output>
        </test-method> <!-- testCase197 -->
        <test-method status="PASS" signature="screenAfterMethod(java.lang.String)[pri:0, instance:TestCases.SupportVideosTestCases@b2c9a9c]" name="screenAfterMethod" is-config="true" duration-ms="2338" started-at="2017-08-16T09:56:22Z" finished-at="2017-08-16T09:56:24Z">
          <params>
            <param index="0">
              <value>
                <![CDATA[chrome]]>
              </value>
            </param>
          </params>
          <reporter-output>
          </reporter-output>
        </test-method> <!-- screenAfterMethod -->
        <test-method status="PASS" signature="testCase198()[pri:0, instance:TestCases.SupportVideosTestCases@b2c9a9c]" name="testCase198" duration-ms="3957" started-at="2017-08-16T09:56:24Z" finished-at="2017-08-16T09:56:28Z">
          <reporter-output>
          </reporter-output>
        </test-method> <!-- testCase198 -->
        <test-method status="PASS" signature="screenAfterMethod(java.lang.String)[pri:0, instance:TestCases.SupportVideosTestCases@b2c9a9c]" name="screenAfterMethod" is-config="true" duration-ms="2335" started-at="2017-08-16T09:56:28Z" finished-at="2017-08-16T09:56:30Z">
          <params>
            <param index="0">
              <value>
                <![CDATA[chrome]]>
              </value>
            </param>
          </params>
          <reporter-output>
          </reporter-output>
        </test-method> <!-- screenAfterMethod -->
        <test-method status="PASS" signature="testCase199()[pri:0, instance:TestCases.SupportVideosTestCases@b2c9a9c]" name="testCase199" duration-ms="4308" started-at="2017-08-16T09:56:30Z" finished-at="2017-08-16T09:56:35Z">
          <reporter-output>
          </reporter-output>
        </test-method> <!-- testCase199 -->
        <test-method status="PASS" signature="screenAfterMethod(java.lang.String)[pri:0, instance:TestCases.SupportVideosTestCases@b2c9a9c]" name="screenAfterMethod" is-config="true" duration-ms="2348" started-at="2017-08-16T09:56:35Z" finished-at="2017-08-16T09:56:37Z">
          <params>
            <param index="0">
              <value>
                <![CDATA[chrome]]>
              </value>
            </param>
          </params>
          <reporter-output>
          </reporter-output>
        </test-method> <!-- screenAfterMethod -->
        <test-method status="PASS" signature="testCase200()[pri:0, instance:TestCases.SupportVideosTestCases@b2c9a9c]" name="testCase200" duration-ms="4028" started-at="2017-08-16T09:56:37Z" finished-at="2017-08-16T09:56:41Z">
          <reporter-output>
          </reporter-output>
        </test-method> <!-- testCase200 -->
        <test-method status="PASS" signature="screenAfterMethod(java.lang.String)[pri:0, instance:TestCases.SupportVideosTestCases@b2c9a9c]" name="screenAfterMethod" is-config="true" duration-ms="2347" started-at="2017-08-16T09:56:41Z" finished-at="2017-08-16T09:56:43Z">
          <params>
            <param index="0">
              <value>
                <![CDATA[chrome]]>
              </value>
            </param>
          </params>
          <reporter-output>
          </reporter-output>
        </test-method> <!-- screenAfterMethod -->
        <test-method status="PASS" signature="testCase201()[pri:0, instance:TestCases.SupportVideosTestCases@b2c9a9c]" name="testCase201" duration-ms="4464" started-at="2017-08-16T09:56:43Z" finished-at="2017-08-16T09:56:48Z">
          <reporter-output>
          </reporter-output>
        </test-method> <!-- testCase201 -->
        <test-method status="PASS" signature="screenAfterMethod(java.lang.String)[pri:0, instance:TestCases.SupportVideosTestCases@b2c9a9c]" name="screenAfterMethod" is-config="true" duration-ms="2335" started-at="2017-08-16T09:56:48Z" finished-at="2017-08-16T09:56:50Z">
          <params>
            <param index="0">
              <value>
                <![CDATA[chrome]]>
              </value>
            </param>
          </params>
          <reporter-output>
          </reporter-output>
        </test-method> <!-- screenAfterMethod -->
        <test-method status="PASS" signature="testCase202()[pri:0, instance:TestCases.SupportVideosTestCases@b2c9a9c]" name="testCase202" duration-ms="4088" started-at="2017-08-16T09:56:50Z" finished-at="2017-08-16T09:56:54Z">
          <reporter-output>
          </reporter-output>
        </test-method> <!-- testCase202 -->
        <test-method status="PASS" signature="screenAfterMethod(java.lang.String)[pri:0, instance:TestCases.SupportVideosTestCases@b2c9a9c]" name="screenAfterMethod" is-config="true" duration-ms="2356" started-at="2017-08-16T09:56:54Z" finished-at="2017-08-16T09:56:57Z">
          <params>
            <param index="0">
              <value>
                <![CDATA[chrome]]>
              </value>
            </param>
          </params>
          <reporter-output>
          </reporter-output>
        </test-method> <!-- screenAfterMethod -->
        <test-method status="PASS" signature="testCase203()[pri:0, instance:TestCases.SupportVideosTestCases@b2c9a9c]" name="testCase203" duration-ms="4250" started-at="2017-08-16T09:56:57Z" finished-at="2017-08-16T09:57:01Z">
          <reporter-output>
          </reporter-output>
        </test-method> <!-- testCase203 -->
        <test-method status="PASS" signature="screenAfterMethod(java.lang.String)[pri:0, instance:TestCases.SupportVideosTestCases@b2c9a9c]" name="screenAfterMethod" is-config="true" duration-ms="2348" started-at="2017-08-16T09:57:01Z" finished-at="2017-08-16T09:57:03Z">
          <params>
            <param index="0">
              <value>
                <![CDATA[chrome]]>
              </value>
            </param>
          </params>
          <reporter-output>
          </reporter-output>
        </test-method> <!-- screenAfterMethod -->
        <test-method status="PASS" signature="testCase204()[pri:0, instance:TestCases.SupportVideosTestCases@b2c9a9c]" name="testCase204" duration-ms="4084" started-at="2017-08-16T09:57:03Z" finished-at="2017-08-16T09:57:07Z">
          <reporter-output>
          </reporter-output>
        </test-method> <!-- testCase204 -->
        <test-method status="PASS" signature="screenAfterMethod(java.lang.String)[pri:0, instance:TestCases.SupportVideosTestCases@b2c9a9c]" name="screenAfterMethod" is-config="true" duration-ms="2365" started-at="2017-08-16T09:57:07Z" finished-at="2017-08-16T09:57:10Z">
          <params>
            <param index="0">
              <value>
                <![CDATA[chrome]]>
              </value>
            </param>
          </params>
          <reporter-output>
          </reporter-output>
        </test-method> <!-- screenAfterMethod -->
        <test-method status="PASS" signature="testCase205()[pri:0, instance:TestCases.SupportVideosTestCases@b2c9a9c]" name="testCase205" duration-ms="4217" started-at="2017-08-16T09:57:10Z" finished-at="2017-08-16T09:57:14Z">
          <reporter-output>
          </reporter-output>
        </test-method> <!-- testCase205 -->
        <test-method status="PASS" signature="screenAfterMethod(java.lang.String)[pri:0, instance:TestCases.SupportVideosTestCases@b2c9a9c]" name="screenAfterMethod" is-config="true" duration-ms="2369" started-at="2017-08-16T09:57:14Z" finished-at="2017-08-16T09:57:16Z">
          <params>
            <param index="0">
              <value>
                <![CDATA[chrome]]>
              </value>
            </param>
          </params>
          <reporter-output>
          </reporter-output>
        </test-method> <!-- screenAfterMethod -->
        <test-method status="PASS" signature="testCase206()[pri:0, instance:TestCases.SupportVideosTestCases@b2c9a9c]" name="testCase206" duration-ms="4196" started-at="2017-08-16T09:57:16Z" finished-at="2017-08-16T09:57:20Z">
          <reporter-output>
          </reporter-output>
        </test-method> <!-- testCase206 -->
        <test-method status="PASS" signature="screenAfterMethod(java.lang.String)[pri:0, instance:TestCases.SupportVideosTestCases@b2c9a9c]" name="screenAfterMethod" is-config="true" duration-ms="2375" started-at="2017-08-16T09:57:20Z" finished-at="2017-08-16T09:57:23Z">
          <params>
            <param index="0">
              <value>
                <![CDATA[chrome]]>
              </value>
            </param>
          </params>
          <reporter-output>
          </reporter-output>
        </test-method> <!-- screenAfterMethod -->
        <test-method status="PASS" signature="testCase207()[pri:0, instance:TestCases.SupportVideosTestCases@b2c9a9c]" name="testCase207" duration-ms="3517" started-at="2017-08-16T09:57:23Z" finished-at="2017-08-16T09:57:26Z">
          <reporter-output>
          </reporter-output>
        </test-method> <!-- testCase207 -->
        <test-method status="PASS" signature="screenAfterMethod(java.lang.String)[pri:0, instance:TestCases.SupportVideosTestCases@b2c9a9c]" name="screenAfterMethod" is-config="true" duration-ms="2408" started-at="2017-08-16T09:57:26Z" finished-at="2017-08-16T09:57:29Z">
          <params>
            <param index="0">
              <value>
                <![CDATA[chrome]]>
              </value>
            </param>
          </params>
          <reporter-output>
          </reporter-output>
        </test-method> <!-- screenAfterMethod -->
        <test-method status="PASS" signature="flush()[pri:0, instance:TestCases.SupportVideosTestCases@b2c9a9c]" name="flush" is-config="true" duration-ms="139" started-at="2017-08-16T09:57:29Z" finished-at="2017-08-16T09:57:29Z">
          <reporter-output>
          </reporter-output>
        </test-method> <!-- flush -->
      </class> <!-- TestCases.SupportVideosTestCases -->
      <class name="TestCases.LoginTestCases">
        <test-method status="PASS" signature="setup(java.lang.String)[pri:0, instance:TestCases.LoginTestCases@8297b3a]" name="setup" is-config="true" duration-ms="3860" started-at="2017-08-16T09:33:21Z" finished-at="2017-08-16T09:33:25Z">
          <params>
            <param index="0">
              <value>
                <![CDATA[chrome]]>
              </value>
            </param>
          </params>
          <reporter-output>
          </reporter-output>
        </test-method> <!-- setup -->
        <test-method status="PASS" signature="testCase001()[pri:0, instance:TestCases.LoginTestCases@8297b3a]" name="testCase001" duration-ms="1591" started-at="2017-08-16T09:33:25Z" finished-at="2017-08-16T09:33:27Z">
          <reporter-output>
          </reporter-output>
        </test-method> <!-- testCase001 -->
        <test-method status="PASS" signature="screenAfterMethod(java.lang.String)[pri:0, instance:TestCases.LoginTestCases@8297b3a]" name="screenAfterMethod" is-config="true" duration-ms="2390" started-at="2017-08-16T09:33:27Z" finished-at="2017-08-16T09:33:29Z">
          <params>
            <param index="0">
              <value>
                <![CDATA[chrome]]>
              </value>
            </param>
          </params>
          <reporter-output>
          </reporter-output>
        </test-method> <!-- screenAfterMethod -->
        <test-method status="PASS" signature="testCase002()[pri:0, instance:TestCases.LoginTestCases@8297b3a]" name="testCase002" duration-ms="785" started-at="2017-08-16T09:33:29Z" finished-at="2017-08-16T09:33:30Z">
          <reporter-output>
          </reporter-output>
        </test-method> <!-- testCase002 -->
        <test-method status="PASS" signature="screenAfterMethod(java.lang.String)[pri:0, instance:TestCases.LoginTestCases@8297b3a]" name="screenAfterMethod" is-config="true" duration-ms="2326" started-at="2017-08-16T09:33:30Z" finished-at="2017-08-16T09:33:32Z">
          <params>
            <param index="0">
              <value>
                <![CDATA[chrome]]>
              </value>
            </param>
          </params>
          <reporter-output>
          </reporter-output>
        </test-method> <!-- screenAfterMethod -->
        <test-method status="PASS" signature="testCase003()[pri:0, instance:TestCases.LoginTestCases@8297b3a]" name="testCase003" duration-ms="3586" started-at="2017-08-16T09:33:32Z" finished-at="2017-08-16T09:33:36Z">
          <reporter-output>
          </reporter-output>
        </test-method> <!-- testCase003 -->
        <test-method status="PASS" signature="screenAfterMethod(java.lang.String)[pri:0, instance:TestCases.LoginTestCases@8297b3a]" name="screenAfterMethod" is-config="true" duration-ms="2337" started-at="2017-08-16T09:33:36Z" finished-at="2017-08-16T09:33:38Z">
          <params>
            <param index="0">
              <value>
                <![CDATA[chrome]]>
              </value>
            </param>
          </params>
          <reporter-output>
          </reporter-output>
        </test-method> <!-- screenAfterMethod -->
        <test-method status="PASS" signature="testCase004()[pri:0, instance:TestCases.LoginTestCases@8297b3a]" name="testCase004" duration-ms="351" started-at="2017-08-16T09:33:38Z" finished-at="2017-08-16T09:33:38Z">
          <reporter-output>
          </reporter-output>
        </test-method> <!-- testCase004 -->
        <test-method status="PASS" signature="screenAfterMethod(java.lang.String)[pri:0, instance:TestCases.LoginTestCases@8297b3a]" name="screenAfterMethod" is-config="true" duration-ms="2324" started-at="2017-08-16T09:33:38Z" finished-at="2017-08-16T09:33:41Z">
          <params>
            <param index="0">
              <value>
                <![CDATA[chrome]]>
              </value>
            </param>
          </params>
          <reporter-output>
          </reporter-output>
        </test-method> <!-- screenAfterMethod -->
        <test-method status="PASS" signature="testCase005()[pri:0, instance:TestCases.LoginTestCases@8297b3a]" name="testCase005" duration-ms="626" started-at="2017-08-16T09:33:41Z" finished-at="2017-08-16T09:33:41Z">
          <reporter-output>
          </reporter-output>
        </test-method> <!-- testCase005 -->
        <test-method status="PASS" signature="screenAfterMethod(java.lang.String)[pri:0, instance:TestCases.LoginTestCases@8297b3a]" name="screenAfterMethod" is-config="true" duration-ms="2336" started-at="2017-08-16T09:33:41Z" finished-at="2017-08-16T09:33:44Z">
          <params>
            <param index="0">
              <value>
                <![CDATA[chrome]]>
              </value>
            </param>
          </params>
          <reporter-output>
          </reporter-output>
        </test-method> <!-- screenAfterMethod -->
        <test-method status="PASS" signature="testCase006()[pri:0, instance:TestCases.LoginTestCases@8297b3a]" name="testCase006" duration-ms="1005" started-at="2017-08-16T09:33:44Z" finished-at="2017-08-16T09:33:45Z">
          <reporter-output>
          </reporter-output>
        </test-method> <!-- testCase006 -->
        <test-method status="PASS" signature="screenAfterMethod(java.lang.String)[pri:0, instance:TestCases.LoginTestCases@8297b3a]" name="screenAfterMethod" is-config="true" duration-ms="2337" started-at="2017-08-16T09:33:45Z" finished-at="2017-08-16T09:33:47Z">
          <params>
            <param index="0">
              <value>
                <![CDATA[chrome]]>
              </value>
            </param>
          </params>
          <reporter-output>
          </reporter-output>
        </test-method> <!-- screenAfterMethod -->
        <test-method status="PASS" signature="testCase007()[pri:0, instance:TestCases.LoginTestCases@8297b3a]" name="testCase007" duration-ms="672" started-at="2017-08-16T09:33:47Z" finished-at="2017-08-16T09:33:48Z">
          <reporter-output>
          </reporter-output>
        </test-method> <!-- testCase007 -->
        <test-method status="PASS" signature="screenAfterMethod(java.lang.String)[pri:0, instance:TestCases.LoginTestCases@8297b3a]" name="screenAfterMethod" is-config="true" duration-ms="2325" started-at="2017-08-16T09:33:48Z" finished-at="2017-08-16T09:33:50Z">
          <params>
            <param index="0">
              <value>
                <![CDATA[chrome]]>
              </value>
            </param>
          </params>
          <reporter-output>
          </reporter-output>
        </test-method> <!-- screenAfterMethod -->
        <test-method status="PASS" signature="testCase008()[pri:0, instance:TestCases.LoginTestCases@8297b3a]" name="testCase008" duration-ms="753" started-at="2017-08-16T09:33:50Z" finished-at="2017-08-16T09:33:51Z">
          <reporter-output>
          </reporter-output>
        </test-method> <!-- testCase008 -->
        <test-method status="PASS" signature="screenAfterMethod(java.lang.String)[pri:0, instance:TestCases.LoginTestCases@8297b3a]" name="screenAfterMethod" is-config="true" duration-ms="2329" started-at="2017-08-16T09:33:51Z" finished-at="2017-08-16T09:33:53Z">
          <params>
            <param index="0">
              <value>
                <![CDATA[chrome]]>
              </value>
            </param>
          </params>
          <reporter-output>
          </reporter-output>
        </test-method> <!-- screenAfterMethod -->
        <test-method status="PASS" signature="testCase009()[pri:0, instance:TestCases.LoginTestCases@8297b3a]" name="testCase009" duration-ms="3027" started-at="2017-08-16T09:33:53Z" finished-at="2017-08-16T09:33:56Z">
          <reporter-output>
          </reporter-output>
        </test-method> <!-- testCase009 -->
        <test-method status="PASS" signature="screenAfterMethod(java.lang.String)[pri:0, instance:TestCases.LoginTestCases@8297b3a]" name="screenAfterMethod" is-config="true" duration-ms="2339" started-at="2017-08-16T09:33:56Z" finished-at="2017-08-16T09:33:58Z">
          <params>
            <param index="0">
              <value>
                <![CDATA[chrome]]>
              </value>
            </param>
          </params>
          <reporter-output>
          </reporter-output>
        </test-method> <!-- screenAfterMethod -->
        <test-method status="PASS" signature="testCase010()[pri:0, instance:TestCases.LoginTestCases@8297b3a]" name="testCase010" duration-ms="3273" started-at="2017-08-16T09:33:58Z" finished-at="2017-08-16T09:34:02Z">
          <reporter-output>
          </reporter-output>
        </test-method> <!-- testCase010 -->
        <test-method status="PASS" signature="screenAfterMethod(java.lang.String)[pri:0, instance:TestCases.LoginTestCases@8297b3a]" name="screenAfterMethod" is-config="true" duration-ms="2345" started-at="2017-08-16T09:34:02Z" finished-at="2017-08-16T09:34:04Z">
          <params>
            <param index="0">
              <value>
                <![CDATA[chrome]]>
              </value>
            </param>
          </params>
          <reporter-output>
          </reporter-output>
        </test-method> <!-- screenAfterMethod -->
        <test-method status="PASS" signature="testCase011()[pri:0, instance:TestCases.LoginTestCases@8297b3a]" name="testCase011" duration-ms="496" started-at="2017-08-16T09:34:04Z" finished-at="2017-08-16T09:34:05Z">
          <reporter-output>
          </reporter-output>
        </test-method> <!-- testCase011 -->
        <test-method status="PASS" signature="screenAfterMethod(java.lang.String)[pri:0, instance:TestCases.LoginTestCases@8297b3a]" name="screenAfterMethod" is-config="true" duration-ms="2319" started-at="2017-08-16T09:34:05Z" finished-at="2017-08-16T09:34:07Z">
          <params>
            <param index="0">
              <value>
                <![CDATA[chrome]]>
              </value>
            </param>
          </params>
          <reporter-output>
          </reporter-output>
        </test-method> <!-- screenAfterMethod -->
        <test-method status="PASS" signature="testCase012()[pri:0, instance:TestCases.LoginTestCases@8297b3a]" name="testCase012" duration-ms="433" started-at="2017-08-16T09:34:07Z" finished-at="2017-08-16T09:34:07Z">
          <reporter-output>
          </reporter-output>
        </test-method> <!-- testCase012 -->
        <test-method status="PASS" signature="screenAfterMethod(java.lang.String)[pri:0, instance:TestCases.LoginTestCases@8297b3a]" name="screenAfterMethod" is-config="true" duration-ms="2335" started-at="2017-08-16T09:34:07Z" finished-at="2017-08-16T09:34:10Z">
          <params>
            <param index="0">
              <value>
                <![CDATA[chrome]]>
              </value>
            </param>
          </params>
          <reporter-output>
          </reporter-output>
        </test-method> <!-- screenAfterMethod -->
        <test-method status="PASS" signature="testCase013()[pri:0, instance:TestCases.LoginTestCases@8297b3a]" name="testCase013" duration-ms="2739" started-at="2017-08-16T09:34:10Z" finished-at="2017-08-16T09:34:12Z">
          <reporter-output>
          </reporter-output>
        </test-method> <!-- testCase013 -->
        <test-method status="PASS" signature="screenAfterMethod(java.lang.String)[pri:0, instance:TestCases.LoginTestCases@8297b3a]" name="screenAfterMethod" is-config="true" duration-ms="2326" started-at="2017-08-16T09:34:12Z" finished-at="2017-08-16T09:34:15Z">
          <params>
            <param index="0">
              <value>
                <![CDATA[chrome]]>
              </value>
            </param>
          </params>
          <reporter-output>
          </reporter-output>
        </test-method> <!-- screenAfterMethod -->
        <test-method status="PASS" signature="testCase014()[pri:0, instance:TestCases.LoginTestCases@8297b3a]" name="testCase014" duration-ms="2547" started-at="2017-08-16T09:34:15Z" finished-at="2017-08-16T09:34:17Z">
          <reporter-output>
          </reporter-output>
        </test-method> <!-- testCase014 -->
        <test-method status="PASS" signature="screenAfterMethod(java.lang.String)[pri:0, instance:TestCases.LoginTestCases@8297b3a]" name="screenAfterMethod" is-config="true" duration-ms="2325" started-at="2017-08-16T09:34:17Z" finished-at="2017-08-16T09:34:20Z">
          <params>
            <param index="0">
              <value>
                <![CDATA[chrome]]>
              </value>
            </param>
          </params>
          <reporter-output>
          </reporter-output>
        </test-method> <!-- screenAfterMethod -->
        <test-method status="PASS" signature="testCase015()[pri:0, instance:TestCases.LoginTestCases@8297b3a]" name="testCase015" duration-ms="411" started-at="2017-08-16T09:34:20Z" finished-at="2017-08-16T09:34:20Z">
          <reporter-output>
          </reporter-output>
        </test-method> <!-- testCase015 -->
        <test-method status="PASS" signature="screenAfterMethod(java.lang.String)[pri:0, instance:TestCases.LoginTestCases@8297b3a]" name="screenAfterMethod" is-config="true" duration-ms="2455" started-at="2017-08-16T09:34:20Z" finished-at="2017-08-16T09:34:22Z">
          <params>
            <param index="0">
              <value>
                <![CDATA[chrome]]>
              </value>
            </param>
          </params>
          <reporter-output>
          </reporter-output>
        </test-method> <!-- screenAfterMethod -->
        <test-method status="PASS" signature="testCase016()[pri:0, instance:TestCases.LoginTestCases@8297b3a]" name="testCase016" duration-ms="3187" started-at="2017-08-16T09:34:22Z" finished-at="2017-08-16T09:34:26Z">
          <reporter-output>
          </reporter-output>
        </test-method> <!-- testCase016 -->
        <test-method status="PASS" signature="screenAfterMethod(java.lang.String)[pri:0, instance:TestCases.LoginTestCases@8297b3a]" name="screenAfterMethod" is-config="true" duration-ms="2473" started-at="2017-08-16T09:34:26Z" finished-at="2017-08-16T09:34:28Z">
          <params>
            <param index="0">
              <value>
                <![CDATA[chrome]]>
              </value>
            </param>
          </params>
          <reporter-output>
          </reporter-output>
        </test-method> <!-- screenAfterMethod -->
        <test-method status="PASS" signature="testCase017()[pri:0, instance:TestCases.LoginTestCases@8297b3a]" name="testCase017" duration-ms="6191" started-at="2017-08-16T09:34:28Z" finished-at="2017-08-16T09:34:34Z">
          <reporter-output>
          </reporter-output>
        </test-method> <!-- testCase017 -->
        <test-method status="PASS" signature="screenAfterMethod(java.lang.String)[pri:0, instance:TestCases.LoginTestCases@8297b3a]" name="screenAfterMethod" is-config="true" duration-ms="2343" started-at="2017-08-16T09:34:34Z" finished-at="2017-08-16T09:34:37Z">
          <params>
            <param index="0">
              <value>
                <![CDATA[chrome]]>
              </value>
            </param>
          </params>
          <reporter-output>
          </reporter-output>
        </test-method> <!-- screenAfterMethod -->
        <test-method status="PASS" signature="testCase018()[pri:0, instance:TestCases.LoginTestCases@8297b3a]" name="testCase018" duration-ms="5851" started-at="2017-08-16T09:34:37Z" finished-at="2017-08-16T09:34:43Z">
          <reporter-output>
          </reporter-output>
        </test-method> <!-- testCase018 -->
        <test-method status="PASS" signature="screenAfterMethod(java.lang.String)[pri:0, instance:TestCases.LoginTestCases@8297b3a]" name="screenAfterMethod" is-config="true" duration-ms="2332" started-at="2017-08-16T09:34:43Z" finished-at="2017-08-16T09:34:45Z">
          <params>
            <param index="0">
              <value>
                <![CDATA[chrome]]>
              </value>
            </param>
          </params>
          <reporter-output>
          </reporter-output>
        </test-method> <!-- screenAfterMethod -->
        <test-method status="PASS" signature="flush()[pri:0, instance:TestCases.LoginTestCases@8297b3a]" name="flush" is-config="true" duration-ms="288" started-at="2017-08-16T09:34:45Z" finished-at="2017-08-16T09:34:45Z">
          <reporter-output>
          </reporter-output>
        </test-method> <!-- flush -->
      </class> <!-- TestCases.LoginTestCases -->
      <class name="TestCases.ForgotPassTestCases">
        <test-method status="PASS" signature="setup(java.lang.String)[pri:0, instance:TestCases.ForgotPassTestCases@4c178a76]" name="setup" is-config="true" duration-ms="3067" started-at="2017-08-16T09:45:26Z" finished-at="2017-08-16T09:45:29Z">
          <params>
            <param index="0">
              <value>
                <![CDATA[chrome]]>
              </value>
            </param>
          </params>
          <reporter-output>
          </reporter-output>
        </test-method> <!-- setup -->
        <test-method status="PASS" signature="testCase080()[pri:0, instance:TestCases.ForgotPassTestCases@4c178a76]" name="testCase080" duration-ms="4386" started-at="2017-08-16T09:45:29Z" finished-at="2017-08-16T09:45:33Z">
          <reporter-output>
          </reporter-output>
        </test-method> <!-- testCase080 -->
        <test-method status="PASS" signature="screenAfterMethod(java.lang.String)[pri:0, instance:TestCases.ForgotPassTestCases@4c178a76]" name="screenAfterMethod" is-config="true" duration-ms="2344" started-at="2017-08-16T09:45:33Z" finished-at="2017-08-16T09:45:36Z">
          <params>
            <param index="0">
              <value>
                <![CDATA[chrome]]>
              </value>
            </param>
          </params>
          <reporter-output>
          </reporter-output>
        </test-method> <!-- screenAfterMethod -->
        <test-method status="FAIL" signature="testCase081()[pri:0, instance:TestCases.ForgotPassTestCases@4c178a76]" name="testCase081" duration-ms="6120" started-at="2017-08-16T09:45:36Z" finished-at="2017-08-16T09:45:42Z">
          <exception class="java.lang.AssertionError">
            <message>
              <![CDATA[Test FAILED]]>
            </message>
            <full-stacktrace>
              <![CDATA[java.lang.AssertionError: Test FAILED
	at org.testng.Assert.fail(Assert.java:94)
	at TestCases.ForgotPassTestCases.testCase081(ForgotPassTestCases.java:104)
	at sun.reflect.NativeMethodAccessorImpl.invoke0(Native Method)
	at sun.reflect.NativeMethodAccessorImpl.invoke(NativeMethodAccessorImpl.java:62)
	at sun.reflect.DelegatingMethodAccessorImpl.invoke(DelegatingMethodAccessorImpl.java:43)
	at java.lang.reflect.Method.invoke(Method.java:498)
	at org.testng.internal.MethodInvocationHelper.invokeMethod(MethodInvocationHelper.java:84)
	at org.testng.internal.Invoker.invokeMethod(Invoker.java:714)
	at org.testng.internal.Invoker.invokeTestMethod(Invoker.java:901)
	at org.testng.internal.Invoker.invokeTestMethods(Invoker.java:1231)
	at org.testng.internal.TestMethodWorker.invokeTestMethods(TestMethodWorker.java:127)
	at org.testng.internal.TestMethodWorker.run(TestMethodWorker.java:111)
	at org.testng.TestRunner.privateRun(TestRunner.java:767)
	at org.testng.TestRunner.run(TestRunner.java:617)
	at org.testng.SuiteRunner.runTest(SuiteRunner.java:334)
	at org.testng.SuiteRunner.runSequentially(SuiteRunner.java:329)
	at org.testng.SuiteRunner.privateRun(SuiteRunner.java:291)
	at org.testng.SuiteRunner.run(SuiteRunner.java:240)
	at org.testng.SuiteRunnerWorker.runSuite(SuiteRunnerWorker.java:52)
	at org.testng.SuiteRunnerWorker.run(SuiteRunnerWorker.java:86)
	at org.testng.TestNG.runSuitesSequentially(TestNG.java:1224)
	at org.testng.TestNG.runSuitesLocally(TestNG.java:1149)
	at org.testng.TestNG.run(TestNG.java:1057)
	at org.apache.maven.surefire.testng.TestNGExecutor.run(TestNGExecutor.java:283)
	at org.apache.maven.surefire.testng.TestNGXmlTestSuite.execute(TestNGXmlTestSuite.java:75)
	at org.apache.maven.surefire.testng.TestNGProvider.invoke(TestNGProvider.java:120)
	at org.apache.maven.surefire.booter.ForkedBooter.invokeProviderInSameClassLoader(ForkedBooter.java:386)
	at org.apache.maven.surefire.booter.ForkedBooter.runSuitesInProcess(ForkedBooter.java:323)
	at org.apache.maven.surefire.booter.ForkedBooter.main(ForkedBooter.java:143)
]]>
            </full-stacktrace>
          </exception> <!-- java.lang.AssertionError -->
          <reporter-output>
          </reporter-output>
        </test-method> <!-- testCase081 -->
        <test-method status="PASS" signature="screenAfterMethod(java.lang.String)[pri:0, instance:TestCases.ForgotPassTestCases@4c178a76]" name="screenAfterMethod" is-config="true" duration-ms="2321" started-at="2017-08-16T09:45:42Z" finished-at="2017-08-16T09:45:44Z">
          <params>
            <param index="0">
              <value>
                <![CDATA[chrome]]>
              </value>
            </param>
          </params>
          <reporter-output>
          </reporter-output>
        </test-method> <!-- screenAfterMethod -->
        <test-method status="PASS" signature="testCase082()[pri:0, instance:TestCases.ForgotPassTestCases@4c178a76]" name="testCase082" duration-ms="363" started-at="2017-08-16T09:45:44Z" finished-at="2017-08-16T09:45:45Z">
          <reporter-output>
          </reporter-output>
        </test-method> <!-- testCase082 -->
        <test-method status="PASS" signature="screenAfterMethod(java.lang.String)[pri:0, instance:TestCases.ForgotPassTestCases@4c178a76]" name="screenAfterMethod" is-config="true" duration-ms="2327" started-at="2017-08-16T09:45:45Z" finished-at="2017-08-16T09:45:47Z">
          <params>
            <param index="0">
              <value>
                <![CDATA[chrome]]>
              </value>
            </param>
          </params>
          <reporter-output>
          </reporter-output>
        </test-method> <!-- screenAfterMethod -->
        <test-method status="PASS" signature="testCase083()[pri:0, instance:TestCases.ForgotPassTestCases@4c178a76]" name="testCase083" duration-ms="365" started-at="2017-08-16T09:45:47Z" finished-at="2017-08-16T09:45:47Z">
          <reporter-output>
          </reporter-output>
        </test-method> <!-- testCase083 -->
        <test-method status="PASS" signature="screenAfterMethod(java.lang.String)[pri:0, instance:TestCases.ForgotPassTestCases@4c178a76]" name="screenAfterMethod" is-config="true" duration-ms="2351" started-at="2017-08-16T09:45:47Z" finished-at="2017-08-16T09:45:50Z">
          <params>
            <param index="0">
              <value>
                <![CDATA[chrome]]>
              </value>
            </param>
          </params>
          <reporter-output>
          </reporter-output>
        </test-method> <!-- screenAfterMethod -->
        <test-method status="PASS" signature="testCase084()[pri:0, instance:TestCases.ForgotPassTestCases@4c178a76]" name="testCase084" duration-ms="509" started-at="2017-08-16T09:45:50Z" finished-at="2017-08-16T09:45:50Z">
          <reporter-output>
          </reporter-output>
        </test-method> <!-- testCase084 -->
        <test-method status="PASS" signature="screenAfterMethod(java.lang.String)[pri:0, instance:TestCases.ForgotPassTestCases@4c178a76]" name="screenAfterMethod" is-config="true" duration-ms="2318" started-at="2017-08-16T09:45:50Z" finished-at="2017-08-16T09:45:52Z">
          <params>
            <param index="0">
              <value>
                <![CDATA[chrome]]>
              </value>
            </param>
          </params>
          <reporter-output>
          </reporter-output>
        </test-method> <!-- screenAfterMethod -->
        <test-method status="PASS" signature="flush()[pri:0, instance:TestCases.ForgotPassTestCases@4c178a76]" name="flush" is-config="true" duration-ms="327" started-at="2017-08-16T09:45:52Z" finished-at="2017-08-16T09:45:53Z">
          <reporter-output>
          </reporter-output>
        </test-method> <!-- flush -->
      </class> <!-- TestCases.ForgotPassTestCases -->
      <class name="TestCases.ClinicianTestCases">
        <test-method status="PASS" signature="setup(java.lang.String)[pri:0, instance:TestCases.ClinicianTestCases@24aed80c]" name="setup" is-config="true" duration-ms="3186" started-at="2017-08-16T09:48:00Z" finished-at="2017-08-16T09:48:03Z">
          <params>
            <param index="0">
              <value>
                <![CDATA[chrome]]>
              </value>
            </param>
          </params>
          <reporter-output>
          </reporter-output>
        </test-method> <!-- setup -->
        <test-method status="PASS" signature="testCase119()[pri:0, instance:TestCases.ClinicianTestCases@24aed80c]" name="testCase119" duration-ms="4901" started-at="2017-08-16T09:48:03Z" finished-at="2017-08-16T09:48:08Z">
          <reporter-output>
          </reporter-output>
        </test-method> <!-- testCase119 -->
        <test-method status="PASS" signature="screenAfterMethod(java.lang.String)[pri:0, instance:TestCases.ClinicianTestCases@24aed80c]" name="screenAfterMethod" is-config="true" duration-ms="2343" started-at="2017-08-16T09:48:08Z" finished-at="2017-08-16T09:48:10Z">
          <params>
            <param index="0">
              <value>
                <![CDATA[chrome]]>
              </value>
            </param>
          </params>
          <reporter-output>
          </reporter-output>
        </test-method> <!-- screenAfterMethod -->
        <test-method status="PASS" signature="testCase120()[pri:0, instance:TestCases.ClinicianTestCases@24aed80c]" name="testCase120" duration-ms="3563" started-at="2017-08-16T09:48:10Z" finished-at="2017-08-16T09:48:14Z">
          <reporter-output>
          </reporter-output>
        </test-method> <!-- testCase120 -->
        <test-method status="PASS" signature="screenAfterMethod(java.lang.String)[pri:0, instance:TestCases.ClinicianTestCases@24aed80c]" name="screenAfterMethod" is-config="true" duration-ms="2319" started-at="2017-08-16T09:48:14Z" finished-at="2017-08-16T09:48:16Z">
          <params>
            <param index="0">
              <value>
                <![CDATA[chrome]]>
              </value>
            </param>
          </params>
          <reporter-output>
          </reporter-output>
        </test-method> <!-- screenAfterMethod -->
        <test-method status="PASS" signature="testCase121()[pri:0, instance:TestCases.ClinicianTestCases@24aed80c]" name="testCase121" duration-ms="3254" started-at="2017-08-16T09:48:16Z" finished-at="2017-08-16T09:48:19Z">
          <reporter-output>
          </reporter-output>
        </test-method> <!-- testCase121 -->
        <test-method status="PASS" signature="screenAfterMethod(java.lang.String)[pri:0, instance:TestCases.ClinicianTestCases@24aed80c]" name="screenAfterMethod" is-config="true" duration-ms="2340" started-at="2017-08-16T09:48:19Z" finished-at="2017-08-16T09:48:21Z">
          <params>
            <param index="0">
              <value>
                <![CDATA[chrome]]>
              </value>
            </param>
          </params>
          <reporter-output>
          </reporter-output>
        </test-method> <!-- screenAfterMethod -->
        <test-method status="PASS" signature="testCase122()[pri:0, instance:TestCases.ClinicianTestCases@24aed80c]" name="testCase122" duration-ms="3529" started-at="2017-08-16T09:48:21Z" finished-at="2017-08-16T09:48:25Z">
          <reporter-output>
          </reporter-output>
        </test-method> <!-- testCase122 -->
        <test-method status="PASS" signature="screenAfterMethod(java.lang.String)[pri:0, instance:TestCases.ClinicianTestCases@24aed80c]" name="screenAfterMethod" is-config="true" duration-ms="2348" started-at="2017-08-16T09:48:25Z" finished-at="2017-08-16T09:48:27Z">
          <params>
            <param index="0">
              <value>
                <![CDATA[chrome]]>
              </value>
            </param>
          </params>
          <reporter-output>
          </reporter-output>
        </test-method> <!-- screenAfterMethod -->
        <test-method status="FAIL" signature="testCase123()[pri:0, instance:TestCases.ClinicianTestCases@24aed80c]" name="testCase123" duration-ms="10458" started-at="2017-08-16T09:48:27Z" finished-at="2017-08-16T09:48:38Z">
          <exception class="java.lang.AssertionError">
            <message>
              <![CDATA[Test FAILED]]>
            </message>
            <full-stacktrace>
              <![CDATA[java.lang.AssertionError: Test FAILED
	at org.testng.Assert.fail(Assert.java:94)
	at TestCases.ClinicianTestCases.testCase123(ClinicianTestCases.java:191)
	at sun.reflect.NativeMethodAccessorImpl.invoke0(Native Method)
	at sun.reflect.NativeMethodAccessorImpl.invoke(NativeMethodAccessorImpl.java:62)
	at sun.reflect.DelegatingMethodAccessorImpl.invoke(DelegatingMethodAccessorImpl.java:43)
	at java.lang.reflect.Method.invoke(Method.java:498)
	at org.testng.internal.MethodInvocationHelper.invokeMethod(MethodInvocationHelper.java:84)
	at org.testng.internal.Invoker.invokeMethod(Invoker.java:714)
	at org.testng.internal.Invoker.invokeTestMethod(Invoker.java:901)
	at org.testng.internal.Invoker.invokeTestMethods(Invoker.java:1231)
	at org.testng.internal.TestMethodWorker.invokeTestMethods(TestMethodWorker.java:127)
	at org.testng.internal.TestMethodWorker.run(TestMethodWorker.java:111)
	at org.testng.TestRunner.privateRun(TestRunner.java:767)
	at org.testng.TestRunner.run(TestRunner.java:617)
	at org.testng.SuiteRunner.runTest(SuiteRunner.java:334)
	at org.testng.SuiteRunner.runSequentially(SuiteRunner.java:329)
	at org.testng.SuiteRunner.privateRun(SuiteRunner.java:291)
	at org.testng.SuiteRunner.run(SuiteRunner.java:240)
	at org.testng.SuiteRunnerWorker.runSuite(SuiteRunnerWorker.java:52)
	at org.testng.SuiteRunnerWorker.run(SuiteRunnerWorker.java:86)
	at org.testng.TestNG.runSuitesSequentially(TestNG.java:1224)
	at org.testng.TestNG.runSuitesLocally(TestNG.java:1149)
	at org.testng.TestNG.run(TestNG.java:1057)
	at org.apache.maven.surefire.testng.TestNGExecutor.run(TestNGExecutor.java:283)
	at org.apache.maven.surefire.testng.TestNGXmlTestSuite.execute(TestNGXmlTestSuite.java:75)
	at org.apache.maven.surefire.testng.TestNGProvider.invoke(TestNGProvider.java:120)
	at org.apache.maven.surefire.booter.ForkedBooter.invokeProviderInSameClassLoader(ForkedBooter.java:386)
	at org.apache.maven.surefire.booter.ForkedBooter.runSuitesInProcess(ForkedBooter.java:323)
	at org.apache.maven.surefire.booter.ForkedBooter.main(ForkedBooter.java:143)
]]>
            </full-stacktrace>
          </exception> <!-- java.lang.AssertionError -->
          <reporter-output>
          </reporter-output>
        </test-method> <!-- testCase123 -->
        <test-method status="PASS" signature="screenAfterMethod(java.lang.String)[pri:0, instance:TestCases.ClinicianTestCases@24aed80c]" name="screenAfterMethod" is-config="true" duration-ms="2416" started-at="2017-08-16T09:48:38Z" finished-at="2017-08-16T09:48:40Z">
          <params>
            <param index="0">
              <value>
                <![CDATA[chrome]]>
              </value>
            </param>
          </params>
          <reporter-output>
          </reporter-output>
        </test-method> <!-- screenAfterMethod -->
        <test-method status="PASS" signature="testCase124()[pri:0, instance:TestCases.ClinicianTestCases@24aed80c]" name="testCase124" duration-ms="7974" started-at="2017-08-16T09:48:40Z" finished-at="2017-08-16T09:48:48Z">
          <reporter-output>
          </reporter-output>
        </test-method> <!-- testCase124 -->
        <test-method status="PASS" signature="screenAfterMethod(java.lang.String)[pri:0, instance:TestCases.ClinicianTestCases@24aed80c]" name="screenAfterMethod" is-config="true" duration-ms="2326" started-at="2017-08-16T09:48:48Z" finished-at="2017-08-16T09:48:51Z">
          <params>
            <param index="0">
              <value>
                <![CDATA[chrome]]>
              </value>
            </param>
          </params>
          <reporter-output>
          </reporter-output>
        </test-method> <!-- screenAfterMethod -->
        <test-method status="PASS" signature="testCase125()[pri:0, instance:TestCases.ClinicianTestCases@24aed80c]" name="testCase125" duration-ms="5497" started-at="2017-08-16T09:48:51Z" finished-at="2017-08-16T09:48:56Z">
          <reporter-output>
          </reporter-output>
        </test-method> <!-- testCase125 -->
        <test-method status="PASS" signature="screenAfterMethod(java.lang.String)[pri:0, instance:TestCases.ClinicianTestCases@24aed80c]" name="screenAfterMethod" is-config="true" duration-ms="2319" started-at="2017-08-16T09:48:56Z" finished-at="2017-08-16T09:48:58Z">
          <params>
            <param index="0">
              <value>
                <![CDATA[chrome]]>
              </value>
            </param>
          </params>
          <reporter-output>
          </reporter-output>
        </test-method> <!-- screenAfterMethod -->
        <test-method status="PASS" signature="testCase126()[pri:0, instance:TestCases.ClinicianTestCases@24aed80c]" name="testCase126" duration-ms="5737" started-at="2017-08-16T09:48:58Z" finished-at="2017-08-16T09:49:04Z">
          <reporter-output>
          </reporter-output>
        </test-method> <!-- testCase126 -->
        <test-method status="PASS" signature="screenAfterMethod(java.lang.String)[pri:0, instance:TestCases.ClinicianTestCases@24aed80c]" name="screenAfterMethod" is-config="true" duration-ms="2321" started-at="2017-08-16T09:49:04Z" finished-at="2017-08-16T09:49:06Z">
          <params>
            <param index="0">
              <value>
                <![CDATA[chrome]]>
              </value>
            </param>
          </params>
          <reporter-output>
          </reporter-output>
        </test-method> <!-- screenAfterMethod -->
        <test-method status="PASS" signature="testCase127()[pri:0, instance:TestCases.ClinicianTestCases@24aed80c]" name="testCase127" duration-ms="5916" started-at="2017-08-16T09:49:06Z" finished-at="2017-08-16T09:49:12Z">
          <reporter-output>
          </reporter-output>
        </test-method> <!-- testCase127 -->
        <test-method status="PASS" signature="screenAfterMethod(java.lang.String)[pri:0, instance:TestCases.ClinicianTestCases@24aed80c]" name="screenAfterMethod" is-config="true" duration-ms="2356" started-at="2017-08-16T09:49:12Z" finished-at="2017-08-16T09:49:15Z">
          <params>
            <param index="0">
              <value>
                <![CDATA[chrome]]>
              </value>
            </param>
          </params>
          <reporter-output>
          </reporter-output>
        </test-method> <!-- screenAfterMethod -->
        <test-method status="PASS" signature="testCase128()[pri:0, instance:TestCases.ClinicianTestCases@24aed80c]" name="testCase128" duration-ms="5683" started-at="2017-08-16T09:49:15Z" finished-at="2017-08-16T09:49:20Z">
          <reporter-output>
          </reporter-output>
        </test-method> <!-- testCase128 -->
        <test-method status="PASS" signature="screenAfterMethod(java.lang.String)[pri:0, instance:TestCases.ClinicianTestCases@24aed80c]" name="screenAfterMethod" is-config="true" duration-ms="2322" started-at="2017-08-16T09:49:20Z" finished-at="2017-08-16T09:49:23Z">
          <params>
            <param index="0">
              <value>
                <![CDATA[chrome]]>
              </value>
            </param>
          </params>
          <reporter-output>
          </reporter-output>
        </test-method> <!-- screenAfterMethod -->
        <test-method status="PASS" signature="testCase129()[pri:0, instance:TestCases.ClinicianTestCases@24aed80c]" name="testCase129" duration-ms="3630" started-at="2017-08-16T09:49:23Z" finished-at="2017-08-16T09:49:26Z">
          <reporter-output>
          </reporter-output>
        </test-method> <!-- testCase129 -->
        <test-method status="PASS" signature="screenAfterMethod(java.lang.String)[pri:0, instance:TestCases.ClinicianTestCases@24aed80c]" name="screenAfterMethod" is-config="true" duration-ms="2324" started-at="2017-08-16T09:49:26Z" finished-at="2017-08-16T09:49:29Z">
          <params>
            <param index="0">
              <value>
                <![CDATA[chrome]]>
              </value>
            </param>
          </params>
          <reporter-output>
          </reporter-output>
        </test-method> <!-- screenAfterMethod -->
        <test-method status="PASS" signature="testCase130()[pri:0, instance:TestCases.ClinicianTestCases@24aed80c]" name="testCase130" duration-ms="3182" started-at="2017-08-16T09:49:29Z" finished-at="2017-08-16T09:49:32Z">
          <reporter-output>
          </reporter-output>
        </test-method> <!-- testCase130 -->
        <test-method status="PASS" signature="screenAfterMethod(java.lang.String)[pri:0, instance:TestCases.ClinicianTestCases@24aed80c]" name="screenAfterMethod" is-config="true" duration-ms="2321" started-at="2017-08-16T09:49:32Z" finished-at="2017-08-16T09:49:34Z">
          <params>
            <param index="0">
              <value>
                <![CDATA[chrome]]>
              </value>
            </param>
          </params>
          <reporter-output>
          </reporter-output>
        </test-method> <!-- screenAfterMethod -->
        <test-method status="PASS" signature="testCase131()[pri:0, instance:TestCases.ClinicianTestCases@24aed80c]" name="testCase131" duration-ms="3209" started-at="2017-08-16T09:49:34Z" finished-at="2017-08-16T09:49:37Z">
          <reporter-output>
          </reporter-output>
        </test-method> <!-- testCase131 -->
        <test-method status="PASS" signature="screenAfterMethod(java.lang.String)[pri:0, instance:TestCases.ClinicianTestCases@24aed80c]" name="screenAfterMethod" is-config="true" duration-ms="2334" started-at="2017-08-16T09:49:37Z" finished-at="2017-08-16T09:49:40Z">
          <params>
            <param index="0">
              <value>
                <![CDATA[chrome]]>
              </value>
            </param>
          </params>
          <reporter-output>
          </reporter-output>
        </test-method> <!-- screenAfterMethod -->
        <test-method status="PASS" signature="testCase132()[pri:0, instance:TestCases.ClinicianTestCases@24aed80c]" name="testCase132" duration-ms="3175" started-at="2017-08-16T09:49:40Z" finished-at="2017-08-16T09:49:43Z">
          <reporter-output>
          </reporter-output>
        </test-method> <!-- testCase132 -->
        <test-method status="PASS" signature="screenAfterMethod(java.lang.String)[pri:0, instance:TestCases.ClinicianTestCases@24aed80c]" name="screenAfterMethod" is-config="true" duration-ms="2321" started-at="2017-08-16T09:49:43Z" finished-at="2017-08-16T09:49:45Z">
          <params>
            <param index="0">
              <value>
                <![CDATA[chrome]]>
              </value>
            </param>
          </params>
          <reporter-output>
          </reporter-output>
        </test-method> <!-- screenAfterMethod -->
        <test-method status="PASS" signature="testCase133()[pri:0, instance:TestCases.ClinicianTestCases@24aed80c]" name="testCase133" duration-ms="3762" started-at="2017-08-16T09:49:45Z" finished-at="2017-08-16T09:49:49Z">
          <reporter-output>
          </reporter-output>
        </test-method> <!-- testCase133 -->
        <test-method status="PASS" signature="screenAfterMethod(java.lang.String)[pri:0, instance:TestCases.ClinicianTestCases@24aed80c]" name="screenAfterMethod" is-config="true" duration-ms="2318" started-at="2017-08-16T09:49:49Z" finished-at="2017-08-16T09:49:51Z">
          <params>
            <param index="0">
              <value>
                <![CDATA[chrome]]>
              </value>
            </param>
          </params>
          <reporter-output>
          </reporter-output>
        </test-method> <!-- screenAfterMethod -->
        <test-method status="PASS" signature="testCase134()[pri:0, instance:TestCases.ClinicianTestCases@24aed80c]" name="testCase134" duration-ms="3049" started-at="2017-08-16T09:49:51Z" finished-at="2017-08-16T09:49:54Z">
          <reporter-output>
          </reporter-output>
        </test-method> <!-- testCase134 -->
        <test-method status="PASS" signature="screenAfterMethod(java.lang.String)[pri:0, instance:TestCases.ClinicianTestCases@24aed80c]" name="screenAfterMethod" is-config="true" duration-ms="2318" started-at="2017-08-16T09:49:54Z" finished-at="2017-08-16T09:49:57Z">
          <params>
            <param index="0">
              <value>
                <![CDATA[chrome]]>
              </value>
            </param>
          </params>
          <reporter-output>
          </reporter-output>
        </test-method> <!-- screenAfterMethod -->
        <test-method status="PASS" signature="testCase135()[pri:0, instance:TestCases.ClinicianTestCases@24aed80c]" name="testCase135" duration-ms="3153" started-at="2017-08-16T09:49:57Z" finished-at="2017-08-16T09:50:00Z">
          <reporter-output>
          </reporter-output>
        </test-method> <!-- testCase135 -->
        <test-method status="PASS" signature="screenAfterMethod(java.lang.String)[pri:0, instance:TestCases.ClinicianTestCases@24aed80c]" name="screenAfterMethod" is-config="true" duration-ms="2320" started-at="2017-08-16T09:50:00Z" finished-at="2017-08-16T09:50:02Z">
          <params>
            <param index="0">
              <value>
                <![CDATA[chrome]]>
              </value>
            </param>
          </params>
          <reporter-output>
          </reporter-output>
        </test-method> <!-- screenAfterMethod -->
        <test-method status="PASS" signature="testCase136()[pri:0, instance:TestCases.ClinicianTestCases@24aed80c]" name="testCase136" duration-ms="3799" started-at="2017-08-16T09:50:02Z" finished-at="2017-08-16T09:50:06Z">
          <reporter-output>
          </reporter-output>
        </test-method> <!-- testCase136 -->
        <test-method status="PASS" signature="screenAfterMethod(java.lang.String)[pri:0, instance:TestCases.ClinicianTestCases@24aed80c]" name="screenAfterMethod" is-config="true" duration-ms="2320" started-at="2017-08-16T09:50:06Z" finished-at="2017-08-16T09:50:08Z">
          <params>
            <param index="0">
              <value>
                <![CDATA[chrome]]>
              </value>
            </param>
          </params>
          <reporter-output>
          </reporter-output>
        </test-method> <!-- screenAfterMethod -->
        <test-method status="PASS" signature="testCase137()[pri:0, instance:TestCases.ClinicianTestCases@24aed80c]" name="testCase137" duration-ms="3362" started-at="2017-08-16T09:50:08Z" finished-at="2017-08-16T09:50:12Z">
          <reporter-output>
          </reporter-output>
        </test-method> <!-- testCase137 -->
        <test-method status="PASS" signature="screenAfterMethod(java.lang.String)[pri:0, instance:TestCases.ClinicianTestCases@24aed80c]" name="screenAfterMethod" is-config="true" duration-ms="2319" started-at="2017-08-16T09:50:12Z" finished-at="2017-08-16T09:50:14Z">
          <params>
            <param index="0">
              <value>
                <![CDATA[chrome]]>
              </value>
            </param>
          </params>
          <reporter-output>
          </reporter-output>
        </test-method> <!-- screenAfterMethod -->
        <test-method status="PASS" signature="testCase138()[pri:0, instance:TestCases.ClinicianTestCases@24aed80c]" name="testCase138" duration-ms="3848" started-at="2017-08-16T09:50:14Z" finished-at="2017-08-16T09:50:18Z">
          <reporter-output>
          </reporter-output>
        </test-method> <!-- testCase138 -->
        <test-method status="PASS" signature="screenAfterMethod(java.lang.String)[pri:0, instance:TestCases.ClinicianTestCases@24aed80c]" name="screenAfterMethod" is-config="true" duration-ms="2319" started-at="2017-08-16T09:50:18Z" finished-at="2017-08-16T09:50:20Z">
          <params>
            <param index="0">
              <value>
                <![CDATA[chrome]]>
              </value>
            </param>
          </params>
          <reporter-output>
          </reporter-output>
        </test-method> <!-- screenAfterMethod -->
        <test-method status="PASS" signature="testCase139()[pri:0, instance:TestCases.ClinicianTestCases@24aed80c]" name="testCase139" duration-ms="3071" started-at="2017-08-16T09:50:20Z" finished-at="2017-08-16T09:50:23Z">
          <reporter-output>
          </reporter-output>
        </test-method> <!-- testCase139 -->
        <test-method status="PASS" signature="screenAfterMethod(java.lang.String)[pri:0, instance:TestCases.ClinicianTestCases@24aed80c]" name="screenAfterMethod" is-config="true" duration-ms="2318" started-at="2017-08-16T09:50:23Z" finished-at="2017-08-16T09:50:25Z">
          <params>
            <param index="0">
              <value>
                <![CDATA[chrome]]>
              </value>
            </param>
          </params>
          <reporter-output>
          </reporter-output>
        </test-method> <!-- screenAfterMethod -->
        <test-method status="PASS" signature="testCase140()[pri:0, instance:TestCases.ClinicianTestCases@24aed80c]" name="testCase140" duration-ms="3201" started-at="2017-08-16T09:50:25Z" finished-at="2017-08-16T09:50:29Z">
          <reporter-output>
          </reporter-output>
        </test-method> <!-- testCase140 -->
        <test-method status="PASS" signature="screenAfterMethod(java.lang.String)[pri:0, instance:TestCases.ClinicianTestCases@24aed80c]" name="screenAfterMethod" is-config="true" duration-ms="2327" started-at="2017-08-16T09:50:29Z" finished-at="2017-08-16T09:50:31Z">
          <params>
            <param index="0">
              <value>
                <![CDATA[chrome]]>
              </value>
            </param>
          </params>
          <reporter-output>
          </reporter-output>
        </test-method> <!-- screenAfterMethod -->
        <test-method status="PASS" signature="testCase141()[pri:0, instance:TestCases.ClinicianTestCases@24aed80c]" name="testCase141" duration-ms="3540" started-at="2017-08-16T09:50:31Z" finished-at="2017-08-16T09:50:35Z">
          <reporter-output>
          </reporter-output>
        </test-method> <!-- testCase141 -->
        <test-method status="PASS" signature="screenAfterMethod(java.lang.String)[pri:0, instance:TestCases.ClinicianTestCases@24aed80c]" name="screenAfterMethod" is-config="true" duration-ms="2336" started-at="2017-08-16T09:50:35Z" finished-at="2017-08-16T09:50:37Z">
          <params>
            <param index="0">
              <value>
                <![CDATA[chrome]]>
              </value>
            </param>
          </params>
          <reporter-output>
          </reporter-output>
        </test-method> <!-- screenAfterMethod -->
        <test-method status="PASS" signature="testCase142()[pri:0, instance:TestCases.ClinicianTestCases@24aed80c]" name="testCase142" duration-ms="3647" started-at="2017-08-16T09:50:37Z" finished-at="2017-08-16T09:50:40Z">
          <reporter-output>
          </reporter-output>
        </test-method> <!-- testCase142 -->
        <test-method status="PASS" signature="screenAfterMethod(java.lang.String)[pri:0, instance:TestCases.ClinicianTestCases@24aed80c]" name="screenAfterMethod" is-config="true" duration-ms="2330" started-at="2017-08-16T09:50:40Z" finished-at="2017-08-16T09:50:43Z">
          <params>
            <param index="0">
              <value>
                <![CDATA[chrome]]>
              </value>
            </param>
          </params>
          <reporter-output>
          </reporter-output>
        </test-method> <!-- screenAfterMethod -->
        <test-method status="PASS" signature="testCase143()[pri:0, instance:TestCases.ClinicianTestCases@24aed80c]" name="testCase143" duration-ms="3237" started-at="2017-08-16T09:50:43Z" finished-at="2017-08-16T09:50:46Z">
          <reporter-output>
          </reporter-output>
        </test-method> <!-- testCase143 -->
        <test-method status="PASS" signature="screenAfterMethod(java.lang.String)[pri:0, instance:TestCases.ClinicianTestCases@24aed80c]" name="screenAfterMethod" is-config="true" duration-ms="2320" started-at="2017-08-16T09:50:46Z" finished-at="2017-08-16T09:50:48Z">
          <params>
            <param index="0">
              <value>
                <![CDATA[chrome]]>
              </value>
            </param>
          </params>
          <reporter-output>
          </reporter-output>
        </test-method> <!-- screenAfterMethod -->
        <test-method status="PASS" signature="testCase144()[pri:0, instance:TestCases.ClinicianTestCases@24aed80c]" name="testCase144" duration-ms="3108" started-at="2017-08-16T09:50:48Z" finished-at="2017-08-16T09:50:51Z">
          <reporter-output>
          </reporter-output>
        </test-method> <!-- testCase144 -->
        <test-method status="PASS" signature="screenAfterMethod(java.lang.String)[pri:0, instance:TestCases.ClinicianTestCases@24aed80c]" name="screenAfterMethod" is-config="true" duration-ms="2321" started-at="2017-08-16T09:50:51Z" finished-at="2017-08-16T09:50:54Z">
          <params>
            <param index="0">
              <value>
                <![CDATA[chrome]]>
              </value>
            </param>
          </params>
          <reporter-output>
          </reporter-output>
        </test-method> <!-- screenAfterMethod -->
        <test-method status="PASS" signature="testCase145()[pri:0, instance:TestCases.ClinicianTestCases@24aed80c]" name="testCase145" duration-ms="3144" started-at="2017-08-16T09:50:54Z" finished-at="2017-08-16T09:50:57Z">
          <reporter-output>
          </reporter-output>
        </test-method> <!-- testCase145 -->
        <test-method status="PASS" signature="screenAfterMethod(java.lang.String)[pri:0, instance:TestCases.ClinicianTestCases@24aed80c]" name="screenAfterMethod" is-config="true" duration-ms="2321" started-at="2017-08-16T09:50:57Z" finished-at="2017-08-16T09:50:59Z">
          <params>
            <param index="0">
              <value>
                <![CDATA[chrome]]>
              </value>
            </param>
          </params>
          <reporter-output>
          </reporter-output>
        </test-method> <!-- screenAfterMethod -->
        <test-method status="PASS" signature="testCase146()[pri:0, instance:TestCases.ClinicianTestCases@24aed80c]" name="testCase146" duration-ms="3109" started-at="2017-08-16T09:50:59Z" finished-at="2017-08-16T09:51:02Z">
          <reporter-output>
          </reporter-output>
        </test-method> <!-- testCase146 -->
        <test-method status="PASS" signature="screenAfterMethod(java.lang.String)[pri:0, instance:TestCases.ClinicianTestCases@24aed80c]" name="screenAfterMethod" is-config="true" duration-ms="2332" started-at="2017-08-16T09:51:02Z" finished-at="2017-08-16T09:51:05Z">
          <params>
            <param index="0">
              <value>
                <![CDATA[chrome]]>
              </value>
            </param>
          </params>
          <reporter-output>
          </reporter-output>
        </test-method> <!-- screenAfterMethod -->
        <test-method status="PASS" signature="testCase147()[pri:0, instance:TestCases.ClinicianTestCases@24aed80c]" name="testCase147" duration-ms="3341" started-at="2017-08-16T09:51:05Z" finished-at="2017-08-16T09:51:08Z">
          <reporter-output>
          </reporter-output>
        </test-method> <!-- testCase147 -->
        <test-method status="PASS" signature="screenAfterMethod(java.lang.String)[pri:0, instance:TestCases.ClinicianTestCases@24aed80c]" name="screenAfterMethod" is-config="true" duration-ms="2319" started-at="2017-08-16T09:51:08Z" finished-at="2017-08-16T09:51:10Z">
          <params>
            <param index="0">
              <value>
                <![CDATA[chrome]]>
              </value>
            </param>
          </params>
          <reporter-output>
          </reporter-output>
        </test-method> <!-- screenAfterMethod -->
[...]
          <reporter-output>
          </reporter-output>
        </test-method> <!-- testCase060 -->
        <test-method status="PASS" signature="screenAfterMethod(java.lang.String)[pri:0, instance:TestCases.ProtocolTestCases@24313fcc]" name="screenAfterMethod" is-config="true" duration-ms="2341" started-at="2017-08-16T09:42:00Z" finished-at="2017-08-16T09:42:03Z">
          <params>
            <param index="0">
              <value>
                <![CDATA[chrome]]>
              </value>
            </param>
          </params>
          <reporter-output>
          </reporter-output>
        </test-method> <!-- screenAfterMethod -->
        <test-method status="PASS" signature="testCase061()[pri:0, instance:TestCases.ProtocolTestCases@24313fcc]" name="testCase061" duration-ms="6215" started-at="2017-08-16T09:42:03Z" finished-at="2017-08-16T09:42:09Z">
          <reporter-output>
          </reporter-output>
        </test-method> <!-- testCase061 -->
        <test-method status="PASS" signature="screenAfterMethod(java.lang.String)[pri:0, instance:TestCases.ProtocolTestCases@24313fcc]" name="screenAfterMethod" is-config="true" duration-ms="2340" started-at="2017-08-16T09:42:09Z" finished-at="2017-08-16T09:42:11Z">
          <params>
            <param index="0">
              <value>
                <![CDATA[chrome]]>
              </value>
            </param>
          </params>
          <reporter-output>
          </reporter-output>
        </test-method> <!-- screenAfterMethod -->
        <test-method status="PASS" signature="testCase062()[pri:0, instance:TestCases.ProtocolTestCases@24313fcc]" name="testCase062" duration-ms="6604" started-at="2017-08-16T09:42:11Z" finished-at="2017-08-16T09:42:18Z">
          <reporter-output>
          </reporter-output>
        </test-method> <!-- testCase062 -->
        <test-method status="PASS" signature="screenAfterMethod(java.lang.String)[pri:0, instance:TestCases.ProtocolTestCases@24313fcc]" name="screenAfterMethod" is-config="true" duration-ms="2335" started-at="2017-08-16T09:42:18Z" finished-at="2017-08-16T09:42:20Z">
          <params>
            <param index="0">
              <value>
                <![CDATA[chrome]]>
              </value>
            </param>
          </params>
          <reporter-output>
          </reporter-output>
        </test-method> <!-- screenAfterMethod -->
        <test-method status="PASS" signature="testCase063()[pri:0, instance:TestCases.ProtocolTestCases@24313fcc]" name="testCase063" duration-ms="6036" started-at="2017-08-16T09:42:20Z" finished-at="2017-08-16T09:42:26Z">
          <reporter-output>
          </reporter-output>
        </test-method> <!-- testCase063 -->
        <test-method status="PASS" signature="screenAfterMethod(java.lang.String)[pri:0, instance:TestCases.ProtocolTestCases@24313fcc]" name="screenAfterMethod" is-config="true" duration-ms="2391" started-at="2017-08-16T09:42:26Z" finished-at="2017-08-16T09:42:29Z">
          <params>
            <param index="0">
              <value>
                <![CDATA[chrome]]>
              </value>
            </param>
          </params>
          <reporter-output>
          </reporter-output>
        </test-method> <!-- screenAfterMethod -->
        <test-method status="PASS" signature="testCase064()[pri:0, instance:TestCases.ProtocolTestCases@24313fcc]" name="testCase064" duration-ms="6574" started-at="2017-08-16T09:42:29Z" finished-at="2017-08-16T09:42:35Z">
          <reporter-output>
          </reporter-output>
        </test-method> <!-- testCase064 -->
        <test-method status="PASS" signature="screenAfterMethod(java.lang.String)[pri:0, instance:TestCases.ProtocolTestCases@24313fcc]" name="screenAfterMethod" is-config="true" duration-ms="2337" started-at="2017-08-16T09:42:35Z" finished-at="2017-08-16T09:42:38Z">
          <params>
            <param index="0">
              <value>
                <![CDATA[chrome]]>
              </value>
            </param>
          </params>
          <reporter-output>
          </reporter-output>
        </test-method> <!-- screenAfterMethod -->
        <test-method status="PASS" signature="testCase065()[pri:0, instance:TestCases.ProtocolTestCases@24313fcc]" name="testCase065" duration-ms="6151" started-at="2017-08-16T09:42:38Z" finished-at="2017-08-16T09:42:44Z">
          <reporter-output>
          </reporter-output>
        </test-method> <!-- testCase065 -->
        <test-method status="PASS" signature="screenAfterMethod(java.lang.String)[pri:0, instance:TestCases.ProtocolTestCases@24313fcc]" name="screenAfterMethod" is-config="true" duration-ms="2331" started-at="2017-08-16T09:42:44Z" finished-at="2017-08-16T09:42:46Z">
          <params>
            <param index="0">
              <value>
                <![CDATA[chrome]]>
              </value>
            </param>
          </params>
          <reporter-output>
          </reporter-output>
        </test-method> <!-- screenAfterMethod -->
        <test-method status="PASS" signature="testCase066()[pri:0, instance:TestCases.ProtocolTestCases@24313fcc]" name="testCase066" duration-ms="6101" started-at="2017-08-16T09:42:46Z" finished-at="2017-08-16T09:42:52Z">
          <reporter-output>
          </reporter-output>
        </test-method> <!-- testCase066 -->
        <test-method status="PASS" signature="screenAfterMethod(java.lang.String)[pri:0, instance:TestCases.ProtocolTestCases@24313fcc]" name="screenAfterMethod" is-config="true" duration-ms="2326" started-at="2017-08-16T09:42:52Z" finished-at="2017-08-16T09:42:55Z">
          <params>
            <param index="0">
              <value>
                <![CDATA[chrome]]>
              </value>
            </param>
          </params>
          <reporter-output>
          </reporter-output>
        </test-method> <!-- screenAfterMethod -->
        <test-method status="PASS" signature="testCase067()[pri:0, instance:TestCases.ProtocolTestCases@24313fcc]" name="testCase067" duration-ms="6019" started-at="2017-08-16T09:42:55Z" finished-at="2017-08-16T09:43:01Z">
          <reporter-output>
          </reporter-output>
        </test-method> <!-- testCase067 -->
        <test-method status="PASS" signature="screenAfterMethod(java.lang.String)[pri:0, instance:TestCases.ProtocolTestCases@24313fcc]" name="screenAfterMethod" is-config="true" duration-ms="2335" started-at="2017-08-16T09:43:01Z" finished-at="2017-08-16T09:43:03Z">
          <params>
            <param index="0">
              <value>
                <![CDATA[chrome]]>
              </value>
            </param>
          </params>
          <reporter-output>
          </reporter-output>
        </test-method> <!-- screenAfterMethod -->
        <test-method status="PASS" signature="testCase068()[pri:0, instance:TestCases.ProtocolTestCases@24313fcc]" name="testCase068" duration-ms="5852" started-at="2017-08-16T09:43:03Z" finished-at="2017-08-16T09:43:09Z">
          <reporter-output>
          </reporter-output>
        </test-method> <!-- testCase068 -->
        <test-method status="PASS" signature="screenAfterMethod(java.lang.String)[pri:0, instance:TestCases.ProtocolTestCases@24313fcc]" name="screenAfterMethod" is-config="true" duration-ms="2342" started-at="2017-08-16T09:43:09Z" finished-at="2017-08-16T09:43:11Z">
          <params>
            <param index="0">
              <value>
                <![CDATA[chrome]]>
              </value>
            </param>
          </params>
          <reporter-output>
          </reporter-output>
        </test-method> <!-- screenAfterMethod -->
        <test-method status="PASS" signature="testCase069()[pri:0, instance:TestCases.ProtocolTestCases@24313fcc]" name="testCase069" duration-ms="6521" started-at="2017-08-16T09:43:11Z" finished-at="2017-08-16T09:43:18Z">
          <reporter-output>
          </reporter-output>
        </test-method> <!-- testCase069 -->
        <test-method status="PASS" signature="screenAfterMethod(java.lang.String)[pri:0, instance:TestCases.ProtocolTestCases@24313fcc]" name="screenAfterMethod" is-config="true" duration-ms="2326" started-at="2017-08-16T09:43:18Z" finished-at="2017-08-16T09:43:20Z">
          <params>
            <param index="0">
              <value>
                <![CDATA[chrome]]>
              </value>
            </param>
          </params>
          <reporter-output>
          </reporter-output>
        </test-method> <!-- screenAfterMethod -->
        <test-method status="PASS" signature="testCase070()[pri:0, instance:TestCases.ProtocolTestCases@24313fcc]" name="testCase070" duration-ms="6244" started-at="2017-08-16T09:43:20Z" finished-at="2017-08-16T09:43:26Z">
          <reporter-output>
          </reporter-output>
        </test-method> <!-- testCase070 -->
        <test-method status="PASS" signature="screenAfterMethod(java.lang.String)[pri:0, instance:TestCases.ProtocolTestCases@24313fcc]" name="screenAfterMethod" is-config="true" duration-ms="2355" started-at="2017-08-16T09:43:26Z" finished-at="2017-08-16T09:43:29Z">
          <params>
            <param index="0">
              <value>
                <![CDATA[chrome]]>
              </value>
            </param>
          </params>
          <reporter-output>
          </reporter-output>
        </test-method> <!-- screenAfterMethod -->
        <test-method status="PASS" signature="testCase071()[pri:0, instance:TestCases.ProtocolTestCases@24313fcc]" name="testCase071" duration-ms="6529" started-at="2017-08-16T09:43:29Z" finished-at="2017-08-16T09:43:35Z">
          <reporter-output>
          </reporter-output>
        </test-method> <!-- testCase071 -->
        <test-method status="PASS" signature="screenAfterMethod(java.lang.String)[pri:0, instance:TestCases.ProtocolTestCases@24313fcc]" name="screenAfterMethod" is-config="true" duration-ms="2341" started-at="2017-08-16T09:43:35Z" finished-at="2017-08-16T09:43:37Z">
          <params>
            <param index="0">
              <value>
                <![CDATA[chrome]]>
              </value>
            </param>
          </params>
          <reporter-output>
          </reporter-output>
        </test-method> <!-- screenAfterMethod -->
        <test-method status="PASS" signature="testCase072()[pri:0, instance:TestCases.ProtocolTestCases@24313fcc]" name="testCase072" duration-ms="6453" started-at="2017-08-16T09:43:37Z" finished-at="2017-08-16T09:43:44Z">
          <reporter-output>
          </reporter-output>
        </test-method> <!-- testCase072 -->
        <test-method status="PASS" signature="screenAfterMethod(java.lang.String)[pri:0, instance:TestCases.ProtocolTestCases@24313fcc]" name="screenAfterMethod" is-config="true" duration-ms="2365" started-at="2017-08-16T09:43:44Z" finished-at="2017-08-16T09:43:46Z">
          <params>
            <param index="0">
              <value>
                <![CDATA[chrome]]>
              </value>
            </param>
          </params>
          <reporter-output>
          </reporter-output>
        </test-method> <!-- screenAfterMethod -->
        <test-method status="PASS" signature="testCase073()[pri:0, instance:TestCases.ProtocolTestCases@24313fcc]" name="testCase073" duration-ms="6372" started-at="2017-08-16T09:43:46Z" finished-at="2017-08-16T09:43:53Z">
          <reporter-output>
          </reporter-output>
        </test-method> <!-- testCase073 -->
        <test-method status="PASS" signature="screenAfterMethod(java.lang.String)[pri:0, instance:TestCases.ProtocolTestCases@24313fcc]" name="screenAfterMethod" is-config="true" duration-ms="2332" started-at="2017-08-16T09:43:53Z" finished-at="2017-08-16T09:43:55Z">
          <params>
            <param index="0">
              <value>
                <![CDATA[chrome]]>
              </value>
            </param>
          </params>
          <reporter-output>
          </reporter-output>
        </test-method> <!-- screenAfterMethod -->
        <test-method status="PASS" signature="testCase074()[pri:0, instance:TestCases.ProtocolTestCases@24313fcc]" name="testCase074" duration-ms="6269" started-at="2017-08-16T09:43:55Z" finished-at="2017-08-16T09:44:01Z">
          <reporter-output>
          </reporter-output>
        </test-method> <!-- testCase074 -->
        <test-method status="PASS" signature="screenAfterMethod(java.lang.String)[pri:0, instance:TestCases.ProtocolTestCases@24313fcc]" name="screenAfterMethod" is-config="true" duration-ms="2326" started-at="2017-08-16T09:44:01Z" finished-at="2017-08-16T09:44:04Z">
          <params>
            <param index="0">
              <value>
                <![CDATA[chrome]]>
              </value>
            </param>
          </params>
          <reporter-output>
          </reporter-output>
        </test-method> <!-- screenAfterMethod -->
        <test-method status="PASS" signature="testCase075()[pri:0, instance:TestCases.ProtocolTestCases@24313fcc]" name="testCase075" duration-ms="6067" started-at="2017-08-16T09:44:04Z" finished-at="2017-08-16T09:44:10Z">
          <reporter-output>
          </reporter-output>
        </test-method> <!-- testCase075 -->
        <test-method status="PASS" signature="screenAfterMethod(java.lang.String)[pri:0, instance:TestCases.ProtocolTestCases@24313fcc]" name="screenAfterMethod" is-config="true" duration-ms="2366" started-at="2017-08-16T09:44:10Z" finished-at="2017-08-16T09:44:12Z">
          <params>
            <param index="0">
              <value>
                <![CDATA[chrome]]>
              </value>
            </param>
          </params>
          <reporter-output>
          </reporter-output>
        </test-method> <!-- screenAfterMethod -->
        <test-method status="PASS" signature="testCase076()[pri:0, instance:TestCases.ProtocolTestCases@24313fcc]" name="testCase076" duration-ms="6785" started-at="2017-08-16T09:44:12Z" finished-at="2017-08-16T09:44:19Z">
          <reporter-output>
          </reporter-output>
        </test-method> <!-- testCase076 -->
        <test-method status="PASS" signature="screenAfterMethod(java.lang.String)[pri:0, instance:TestCases.ProtocolTestCases@24313fcc]" name="screenAfterMethod" is-config="true" duration-ms="2346" started-at="2017-08-16T09:44:19Z" finished-at="2017-08-16T09:44:21Z">
          <params>
            <param index="0">
              <value>
                <![CDATA[chrome]]>
              </value>
            </param>
          </params>
          <reporter-output>
          </reporter-output>
        </test-method> <!-- screenAfterMethod -->
        <test-method status="PASS" signature="testCase077()[pri:0, instance:TestCases.ProtocolTestCases@24313fcc]" name="testCase077" duration-ms="8112" started-at="2017-08-16T09:44:21Z" finished-at="2017-08-16T09:44:29Z">
          <reporter-output>
          </reporter-output>
        </test-method> <!-- testCase077 -->
        <test-method status="PASS" signature="screenAfterMethod(java.lang.String)[pri:0, instance:TestCases.ProtocolTestCases@24313fcc]" name="screenAfterMethod" is-config="true" duration-ms="2331" started-at="2017-08-16T09:44:29Z" finished-at="2017-08-16T09:44:32Z">
          <params>
            <param index="0">
              <value>
                <![CDATA[chrome]]>
              </value>
            </param>
          </params>
          <reporter-output>
          </reporter-output>
        </test-method> <!-- screenAfterMethod -->
        <test-method status="PASS" signature="testCase078()[pri:0, instance:TestCases.ProtocolTestCases@24313fcc]" name="testCase078" duration-ms="8118" started-at="2017-08-16T09:44:32Z" finished-at="2017-08-16T09:44:40Z">
          <reporter-output>
          </reporter-output>
        </test-method> <!-- testCase078 -->
        <test-method status="PASS" signature="screenAfterMethod(java.lang.String)[pri:0, instance:TestCases.ProtocolTestCases@24313fcc]" name="screenAfterMethod" is-config="true" duration-ms="2326" started-at="2017-08-16T09:44:40Z" finished-at="2017-08-16T09:44:42Z">
          <params>
            <param index="0">
              <value>
                <![CDATA[chrome]]>
              </value>
            </param>
          </params>
          <reporter-output>
          </reporter-output>
        </test-method> <!-- screenAfterMethod -->
        <test-method status="FAIL" signature="testCase079()[pri:0, instance:TestCases.ProtocolTestCases@24313fcc]" name="testCase079" duration-ms="41289" started-at="2017-08-16T09:44:42Z" finished-at="2017-08-16T09:45:23Z">
          <exception class="java.lang.AssertionError">
            <message>
              <![CDATA[Test FAILED]]>
            </message>
            <full-stacktrace>
              <![CDATA[java.lang.AssertionError: Test FAILED
	at org.testng.Assert.fail(Assert.java:94)
	at TestCases.ProtocolTestCases.testCase079(ProtocolTestCases.java:1882)
	at sun.reflect.NativeMethodAccessorImpl.invoke0(Native Method)
	at sun.reflect.NativeMethodAccessorImpl.invoke(NativeMethodAccessorImpl.java:62)
	at sun.reflect.DelegatingMethodAccessorImpl.invoke(DelegatingMethodAccessorImpl.java:43)
	at java.lang.reflect.Method.invoke(Method.java:498)
	at org.testng.internal.MethodInvocationHelper.invokeMethod(MethodInvocationHelper.java:84)
	at org.testng.internal.Invoker.invokeMethod(Invoker.java:714)
	at org.testng.internal.Invoker.invokeTestMethod(Invoker.java:901)
	at org.testng.internal.Invoker.invokeTestMethods(Invoker.java:1231)
	at org.testng.internal.TestMethodWorker.invokeTestMethods(TestMethodWorker.java:127)
	at org.testng.internal.TestMethodWorker.run(TestMethodWorker.java:111)
	at org.testng.TestRunner.privateRun(TestRunner.java:767)
	at org.testng.TestRunner.run(TestRunner.java:617)
	at org.testng.SuiteRunner.runTest(SuiteRunner.java:334)
	at org.testng.SuiteRunner.runSequentially(SuiteRunner.java:329)
	at org.testng.SuiteRunner.privateRun(SuiteRunner.java:291)
	at org.testng.SuiteRunner.run(SuiteRunner.java:240)
	at org.testng.SuiteRunnerWorker.runSuite(SuiteRunnerWorker.java:52)
	at org.testng.SuiteRunnerWorker.run(SuiteRunnerWorker.java:86)
	at org.testng.TestNG.runSuitesSequentially(TestNG.java:1224)
	at org.testng.TestNG.runSuitesLocally(TestNG.java:1149)
	at org.testng.TestNG.run(TestNG.java:1057)
	at org.apache.maven.surefire.testng.TestNGExecutor.run(TestNGExecutor.java:283)
	at org.apache.maven.surefire.testng.TestNGXmlTestSuite.execute(TestNGXmlTestSuite.java:75)
	at org.apache.maven.surefire.testng.TestNGProvider.invoke(TestNGProvider.java:120)
	at org.apache.maven.surefire.booter.ForkedBooter.invokeProviderInSameClassLoader(ForkedBooter.java:386)
	at org.apache.maven.surefire.booter.ForkedBooter.runSuitesInProcess(ForkedBooter.java:323)
	at org.apache.maven.surefire.booter.ForkedBooter.main(ForkedBooter.java:143)
]]>
            </full-stacktrace>
          </exception> <!-- java.lang.AssertionError -->
          <reporter-output>
          </reporter-output>
        </test-method> <!-- testCase079 -->
        <test-method status="PASS" signature="screenAfterMethod(java.lang.String)[pri:0, instance:TestCases.ProtocolTestCases@24313fcc]" name="screenAfterMethod" is-config="true" duration-ms="2338" started-at="2017-08-16T09:45:23Z" finished-at="2017-08-16T09:45:26Z">
          <params>
            <param index="0">
              <value>
                <![CDATA[chrome]]>
              </value>
            </param>
          </params>
          <reporter-output>
          </reporter-output>
        </test-method> <!-- screenAfterMethod -->
        <test-method status="PASS" signature="flush()[pri:0, instance:TestCases.ProtocolTestCases@24313fcc]" name="flush" is-config="true" duration-ms="377" started-at="2017-08-16T09:45:26Z" finished-at="2017-08-16T09:45:26Z">
          <reporter-output>
          </reporter-output>
        </test-method> <!-- flush -->
      </class> <!-- TestCases.ProtocolTestCases -->
    </test> <!-- Clinician App Chrome Test -->
  </suite> <!-- Clinician App Chrome Test Plan -->
</testng-results>
