<?xml version="1.0" encoding="UTF-8" ?>
<testsuite tests="18" failures="4" name="TestCases.LoginTestCases" time="36.601" errors="0" skipped="0">
  <properties>
[...]
</properties>
  <testcase classname="TestCases.LoginTestCases" name="testCase001" time="2.169"/>
  <testcase classname="TestCases.LoginTestCases" name="testCase002" time="0.772"/>
  <testcase classname="TestCases.LoginTestCases" name="testCase003" time="4.134"/>
  <testcase classname="TestCases.LoginTestCases" name="testCase004" time="0.665"/>
  <testcase classname="TestCases.LoginTestCases" name="testCase005" time="0.998"/>
  <testcase classname="TestCases.LoginTestCases" name="testCase006" time="1.237"/>
  <testcase classname="TestCases.LoginTestCases" name="testCase007" time="1.029"/>
  <testcase classname="TestCases.LoginTestCases" name="testCase008" time="0.962"/>
  <testcase classname="TestCases.LoginTestCases" name="testCase009" time="4.027"/>
  <testcase classname="TestCases.LoginTestCases" name="testCase010" time="4.362"/>
  <testcase classname="TestCases.LoginTestCases" name="testCase011" time="1.255"/>
  <testcase classname="TestCases.LoginTestCases" name="testCase012" time="1.123"/>
  <testcase classname="TestCases.LoginTestCases" name="testCase013" time="6.399">
    <failure message="Test FAILED" type="java.lang.AssertionError">java.lang.AssertionError: Test FAILED
	at org.testng.Assert.fail(Assert.java:94)
	at TestCases.LoginTestCases.testCase013(LoginTestCases.java:312)
</failure>
    <system-out>(07/20/17) - 13:41:33 INFO  LoginTestCases.testCase013 - Opened: https://test-maint-wc.test.reflexionhealth.com
(07/20/17) - 13:41:33 INFO  LogInPg.clickResetPw - Clicked Send Reset Link Button
</system-out>
  </testcase>
  <testcase classname="TestCases.LoginTestCases" name="testCase014" time="3.148"/>
  <testcase classname="TestCases.LoginTestCases" name="testCase015" time="0.735"/>
  <testcase classname="TestCases.LoginTestCases" name="testCase016" time="1.413">
    <failure message="Test FAILED" type="java.lang.AssertionError">java.lang.AssertionError: Test FAILED
	at org.testng.Assert.fail(Assert.java:94)
	at TestCases.LoginTestCases.testCase016(LoginTestCases.java:370)
</failure>
    <system-out>(07/20/17) - 13:41:50 INFO  LoginTestCases.testCase016 - Opened: https://test-maint-wc.test.reflexionhealth.com
(07/20/17) - 13:41:51 INFO  LogInPg.logIn - Email for Login: andres.gomez+testmaint@reflexionhealth.com
(07/20/17) - 13:41:51 INFO  LogInPg.logIn - Password for Login: Reflexion1
</system-out>
  </testcase>
  <testcase classname="TestCases.LoginTestCases" name="testCase017" time="0.907">
    <failure message="Test FAILED" type="java.lang.AssertionError">java.lang.AssertionError: Test FAILED
	at org.testng.Assert.fail(Assert.java:94)
	at TestCases.LoginTestCases.testCase017(LoginTestCases.java:392)
</failure>
    <system-out>(07/20/17) - 13:41:54 INFO  LoginTestCases.testCase017 - Opened: https://test-maint-wc.test.reflexionhealth.com
(07/20/17) - 13:41:54 INFO  LogInPg.logIn - Email for Login: andres.gomez+testmaint@reflexionhealth.com
(07/20/17) - 13:41:54 INFO  LogInPg.logIn - Password for Login: Reflexion1
</system-out>
  </testcase>
  <testcase classname="TestCases.LoginTestCases" name="testCase018" time="1.266">
    <failure message="Test FAILED" type="java.lang.AssertionError">java.lang.AssertionError: Test FAILED
	at org.testng.Assert.fail(Assert.java:94)
	at TestCases.LoginTestCases.testCase018(LoginTestCases.java:414)
</failure>
    <system-out>(07/20/17) - 13:41:57 INFO  LoginTestCases.testCase018 - Opened: https://test-maint-wc.test.reflexionhealth.com
(07/20/17) - 13:41:57 INFO  LogInPg.logIn - Email for Login: andres.gomez+testmaint@reflexionhealth.com
(07/20/17) - 13:41:57 INFO  LogInPg.logIn - Password for Login: Reflexion1
</system-out>
  </testcase>
</testsuite>