<?xml version="1.0" encoding="UTF-8"?>
<!-- Generated by org.testng.reporters.JUnitXMLReporter -->
<testsuite hostname="DESKTOP-5RB1QFG" name="Command line test" tests="61" failures="2" timestamp="19 Jul 2017 22:03:35 GMT" time="601.251" errors="0">
  <testcase name="testCase019" time="6.445" classname="TestCases.ProtocolTestCases"/>
  <testcase name="testCase020" time="4.758" classname="TestCases.ProtocolTestCases"/>
  <testcase name="testCase021" time="5.133" classname="TestCases.ProtocolTestCases"/>
  <testcase name="testCase022" time="4.935" classname="TestCases.ProtocolTestCases"/>
  <testcase name="testCase023" time="5.12" classname="TestCases.ProtocolTestCases"/>
  <testcase name="testCase024" time="5.336" classname="TestCases.ProtocolTestCases"/>
  <testcase name="testCase025" time="5.363" classname="TestCases.ProtocolTestCases"/>
  <testcase name="testCase026" time="5.413" classname="TestCases.ProtocolTestCases"/>
  <testcase name="testCase027" time="5.315" classname="TestCases.ProtocolTestCases"/>
  <testcase name="testCase028" time="5.766" classname="TestCases.ProtocolTestCases"/>
  <testcase name="testCase029" time="5.508" classname="TestCases.ProtocolTestCases"/>
  <testcase name="testCase030" time="5.825" classname="TestCases.ProtocolTestCases"/>
  <testcase name="testCase031" time="20.073" classname="TestCases.ProtocolTestCases"/>
  <testcase name="testCase032" time="19.927" classname="TestCases.ProtocolTestCases"/>
  <testcase name="testCase033" time="6.699" classname="TestCases.ProtocolTestCases"/>
  <testcase name="testCase034" time="5.533" classname="TestCases.ProtocolTestCases"/>
  <testcase name="testCase035" time="5.927" classname="TestCases.ProtocolTestCases"/>
  <testcase name="testCase036" time="5.759" classname="TestCases.ProtocolTestCases"/>
  <testcase name="testCase037" time="5.69" classname="TestCases.ProtocolTestCases"/>
  <testcase name="testCase038" time="5.351" classname="TestCases.ProtocolTestCases"/>
  <testcase name="testCase039" time="5.387" classname="TestCases.ProtocolTestCases"/>
  <testcase name="testCase040" time="6.005" classname="TestCases.ProtocolTestCases"/>
  <testcase name="testCase041" time="6.482" classname="TestCases.ProtocolTestCases"/>
  <testcase name="testCase042" time="5.677" classname="TestCases.ProtocolTestCases"/>
  <testcase name="testCase043" time="5.41" classname="TestCases.ProtocolTestCases"/>
  <testcase name="testCase044" time="5.5" classname="TestCases.ProtocolTestCases"/>
  <testcase name="testCase045" time="5.667" classname="TestCases.ProtocolTestCases"/>
  <testcase name="testCase046" time="5.37" classname="TestCases.ProtocolTestCases"/>
  <testcase name="testCase047" time="5.753" classname="TestCases.ProtocolTestCases"/>
  <testcase name="testCase048" time="5.936" classname="TestCases.ProtocolTestCases"/>
  <testcase name="testCase049" time="7.321" classname="TestCases.ProtocolTestCases"/>
  <testcase name="testCase050" time="5.986" classname="TestCases.ProtocolTestCases"/>
  <testcase name="testCase051" time="5.757" classname="TestCases.ProtocolTestCases"/>
  <testcase name="testCase052" time="41.593" classname="TestCases.ProtocolTestCases">
    <failure type="java.lang.AssertionError" message="Test FAILED">
      <![CDATA[java.lang.AssertionError: Test FAILED
	at TestCases.ProtocolTestCases.testCase052(ProtocolTestCases.java:1060)
... Removed 34 stack frames]]>
    </failure>
  </testcase> <!-- testCase052 -->
  <testcase name="testCase053" time="7.779" classname="TestCases.ProtocolTestCases"/>
  <testcase name="testCase054" time="8.047" classname="TestCases.ProtocolTestCases"/>
  <testcase name="testCase055" time="5.229" classname="TestCases.ProtocolTestCases"/>
  <testcase name="testCase056" time="5.514" classname="TestCases.ProtocolTestCases"/>
  <testcase name="testCase057" time="5.921" classname="TestCases.ProtocolTestCases"/>
  <testcase name="testCase058" time="5.537" classname="TestCases.ProtocolTestCases"/>
  <testcase name="testCase059" time="5.283" classname="TestCases.ProtocolTestCases"/>
  <testcase name="testCase060" time="5.597" classname="TestCases.ProtocolTestCases"/>
  <testcase name="testCase061" time="5.68" classname="TestCases.ProtocolTestCases"/>
  <testcase name="testCase062" time="5.746" classname="TestCases.ProtocolTestCases"/>
  <testcase name="testCase063" time="5.405" classname="TestCases.ProtocolTestCases"/>
  <testcase name="testCase064" time="6.028" classname="TestCases.ProtocolTestCases"/>
  <testcase name="testCase065" time="5.672" classname="TestCases.ProtocolTestCases"/>
  <testcase name="testCase066" time="5.571" classname="TestCases.ProtocolTestCases"/>
  <testcase name="testCase067" time="5.867" classname="TestCases.ProtocolTestCases"/>
  <testcase name="testCase068" time="5.372" classname="TestCases.ProtocolTestCases"/>
  <testcase name="testCase069" time="5.666" classname="TestCases.ProtocolTestCases"/>
  <testcase name="testCase070" time="5.741" classname="TestCases.ProtocolTestCases"/>
  <testcase name="testCase071" time="6.037" classname="TestCases.ProtocolTestCases"/>
  <testcase name="testCase072" time="5.346" classname="TestCases.ProtocolTestCases"/>
  <testcase name="testCase073" time="5.922" classname="TestCases.ProtocolTestCases"/>
  <testcase name="testCase074" time="5.616" classname="TestCases.ProtocolTestCases"/>
  <testcase name="testCase075" time="5.309" classname="TestCases.ProtocolTestCases"/>
  <testcase name="testCase076" time="5.425" classname="TestCases.ProtocolTestCases"/>
  <testcase name="testCase077" time="7.107" classname="TestCases.ProtocolTestCases"/>
  <testcase name="testCase078" time="7.838" classname="TestCases.ProtocolTestCases"/>
  <testcase name="testCase079" time="41.164" classname="TestCases.ProtocolTestCases">
    <failure type="java.lang.AssertionError" message="Test FAILED">
      <![CDATA[java.lang.AssertionError: Test FAILED
	at TestCases.ProtocolTestCases.testCase079(ProtocolTestCases.java:1882)
... Removed 34 stack frames]]>
    </failure>
  </testcase> <!-- testCase079 -->
</testsuite> <!-- Command line test -->
